#! /c/Source/iverilog-install/bin/vvp
:ivl_version "12.0 (devel)" "(s20150603-1539-g2693dd32b)";
:ivl_delay_selection "TYPICAL";
:vpi_time_precision - 11;
:vpi_module "C:\iverilog\lib\ivl\system.vpi";
:vpi_module "C:\iverilog\lib\ivl\vhdl_sys.vpi";
:vpi_module "C:\iverilog\lib\ivl\vhdl_textio.vpi";
:vpi_module "C:\iverilog\lib\ivl\v2005_math.vpi";
:vpi_module "C:\iverilog\lib\ivl\va_math.vpi";
S_0000027d0792ef30 .scope module, "t_AP600" "t_AP600" 2 8;
 .timescale -9 -11;
v0000027d07d39b90_0 .net "buzzer", 0 0, L_0000027d07968970;  1 drivers
v0000027d07d39d70_0 .var "clk", 0 0;
v0000027d07d38830_0 .var "dipA", 7 0;
v0000027d07d39e10_0 .var "dipB", 7 0;
v0000027d07d38f10_0 .var "hexA", 3 0;
v0000027d07d383d0_0 .var "hexB", 3 0;
v0000027d07d385b0_0 .net "ledA", 7 0, L_0000027d07d3cdf0;  1 drivers
v0000027d07d38790_0 .net "ledB", 7 0, L_0000027d07d3dcf0;  1 drivers
v0000027d07d38970_0 .net "ledC", 7 0, L_0000027d07d3df70;  1 drivers
v0000027d07d38ab0_0 .net "ledD", 7 0, L_0000027d07d3c3f0;  1 drivers
v0000027d07d38b50_0 .var "pswA", 4 0;
v0000027d07d39190_0 .var "pswB", 4 0;
v0000027d07d3d1b0_0 .var "pswC", 4 0;
v0000027d07d3d610_0 .var "pswD", 4 0;
v0000027d07d3cad0_0 .var "reset", 0 0;
L_0000027d07d3e170 .functor BUFT 1, C4<00000000>, C4<0>, C4<0>, C4<0>;
v0000027d07d3c490_0 .net "segA", 7 0, L_0000027d07d3e170;  1 drivers
L_0000027d07d3e1b8 .functor BUFT 1, C4<00000000>, C4<0>, C4<0>, C4<0>;
v0000027d07d3d6b0_0 .net "segB", 7 0, L_0000027d07d3e1b8;  1 drivers
L_0000027d07d3e200 .functor BUFT 1, C4<00000000>, C4<0>, C4<0>, C4<0>;
v0000027d07d3ccb0_0 .net "segC", 7 0, L_0000027d07d3e200;  1 drivers
L_0000027d07d3e248 .functor BUFT 1, C4<00000000>, C4<0>, C4<0>, C4<0>;
v0000027d07d3d7f0_0 .net "segD", 7 0, L_0000027d07d3e248;  1 drivers
L_0000027d07d3e290 .functor BUFT 1, C4<00000000>, C4<0>, C4<0>, C4<0>;
v0000027d07d3c0d0_0 .net "segE", 7 0, L_0000027d07d3e290;  1 drivers
v0000027d07d3c5d0_0 .net "segF", 7 0, L_0000027d07d87500;  1 drivers
v0000027d07d3d430_0 .net "segG", 7 0, L_0000027d07968dd0;  1 drivers
v0000027d07d3cc10_0 .net "segH", 7 0, L_0000027d07968d60;  1 drivers
S_0000027d0792f0c0 .scope module, "AP600" "AP600" 2 75, 3 7 0, S_0000027d0792ef30;
 .timescale 0 0;
    .port_info 0 /INPUT 1 "clk";
    .port_info 1 /INPUT 1 "reset";
    .port_info 2 /INPUT 5 "pswA";
    .port_info 3 /INPUT 5 "pswB";
    .port_info 4 /INPUT 5 "pswC";
    .port_info 5 /INPUT 5 "pswD";
    .port_info 6 /INPUT 8 "dipA";
    .port_info 7 /INPUT 8 "dipB";
    .port_info 8 /INPUT 4 "hexA";
    .port_info 9 /INPUT 4 "hexB";
    .port_info 10 /OUTPUT 1 "buzzer";
    .port_info 11 /OUTPUT 8 "ledA";
    .port_info 12 /OUTPUT 8 "ledB";
    .port_info 13 /OUTPUT 8 "ledC";
    .port_info 14 /OUTPUT 8 "ledD";
    .port_info 15 /OUTPUT 8 "segA";
    .port_info 16 /OUTPUT 8 "segB";
    .port_info 17 /OUTPUT 8 "segC";
    .port_info 18 /OUTPUT 8 "segD";
    .port_info 19 /OUTPUT 8 "segE";
    .port_info 20 /OUTPUT 8 "segF";
    .port_info 21 /OUTPUT 8 "segG";
    .port_info 22 /OUTPUT 8 "segH";
L_0000027d07968970 .functor BUFZ 1, L_0000027d07d887c0, C4<0>, C4<0>, C4<0>;
L_0000027d07968dd0 .functor BUFZ 8, v0000027d07d30d90_0, C4<00000000>, C4<00000000>, C4<00000000>;
L_0000027d07968d60 .functor BUFZ 8, v0000027d07d31470_0, C4<00000000>, C4<00000000>, C4<00000000>;
v0000027d07d33700_0 .net *"_ivl_100", 0 0, L_0000027d07d3c350;  1 drivers
L_0000027d07d3e128 .functor BUFT 1, C4<0>, C4<0>, C4<0>, C4<0>;
v0000027d07d32e40_0 .net/2u *"_ivl_101", 0 0, L_0000027d07d3e128;  1 drivers
v0000027d07d323a0_0 .net *"_ivl_11", 0 0, L_0000027d07d3d750;  1 drivers
L_0000027d07d3e2d8 .functor BUFT 1, C4<000000>, C4<0>, C4<0>, C4<0>;
v0000027d07d332a0_0 .net/2u *"_ivl_115", 5 0, L_0000027d07d3e2d8;  1 drivers
L_0000027d07d3e320 .functor BUFT 1, C4<0>, C4<0>, C4<0>, C4<0>;
v0000027d07d33a20_0 .net/2u *"_ivl_117", 0 0, L_0000027d07d3e320;  1 drivers
v0000027d07d33ac0_0 .net *"_ivl_15", 0 0, L_0000027d07d3d570;  1 drivers
v0000027d07d328a0_0 .net *"_ivl_19", 0 0, L_0000027d07d3c7b0;  1 drivers
v0000027d07d32440_0 .net *"_ivl_23", 0 0, L_0000027d07d3d9d0;  1 drivers
v0000027d07d33f20_0 .net *"_ivl_27", 0 0, L_0000027d07d3d110;  1 drivers
v0000027d07d330c0_0 .net *"_ivl_3", 0 0, L_0000027d07d3d4d0;  1 drivers
v0000027d07d33160_0 .net *"_ivl_31", 0 0, L_0000027d07d3d890;  1 drivers
v0000027d07d324e0_0 .net *"_ivl_35", 0 0, L_0000027d07d3d930;  1 drivers
v0000027d07d32580_0 .net *"_ivl_40", 0 0, L_0000027d07d3da70;  1 drivers
L_0000027d07d3e098 .functor BUFT 1, C4<00>, C4<0>, C4<0>, C4<0>;
v0000027d07d32620_0 .net/2u *"_ivl_51", 1 0, L_0000027d07d3e098;  1 drivers
v0000027d07d326c0_0 .net *"_ivl_54", 0 0, L_0000027d07d3db10;  1 drivers
v0000027d07d33840_0 .net *"_ivl_56", 0 0, L_0000027d07d3d390;  1 drivers
v0000027d07d33b60_0 .net *"_ivl_58", 0 0, L_0000027d07d3dbb0;  1 drivers
v0000027d07d32ee0_0 .net *"_ivl_60", 0 0, L_0000027d07d3c990;  1 drivers
v0000027d07d32a80_0 .net *"_ivl_64", 0 0, L_0000027d07d3dc50;  1 drivers
L_0000027d07d3e0e0 .functor BUFT 1, C4<0000000>, C4<0>, C4<0>, C4<0>;
v0000027d07d33e80_0 .net/2u *"_ivl_65", 6 0, L_0000027d07d3e0e0;  1 drivers
v0000027d07d33200_0 .net *"_ivl_7", 0 0, L_0000027d07d3c8f0;  1 drivers
v0000027d07d33340_0 .net *"_ivl_70", 0 0, L_0000027d07d3dd90;  1 drivers
v0000027d07d333e0_0 .net *"_ivl_72", 0 0, L_0000027d07d3cfd0;  1 drivers
v0000027d07d338e0_0 .net *"_ivl_74", 0 0, L_0000027d07d3d250;  1 drivers
v0000027d07d33ca0_0 .net *"_ivl_76", 0 0, L_0000027d07d3ce90;  1 drivers
v0000027d07d33de0_0 .net *"_ivl_78", 0 0, L_0000027d07d3c530;  1 drivers
v0000027d07d32080_0 .net *"_ivl_80", 0 0, L_0000027d07d3cf30;  1 drivers
v0000027d07d33020_0 .net *"_ivl_82", 0 0, L_0000027d07d3c670;  1 drivers
v0000027d07d32bc0_0 .net *"_ivl_84", 0 0, L_0000027d07d3ded0;  1 drivers
v0000027d07d32c60_0 .net *"_ivl_88", 0 0, L_0000027d07d3c170;  1 drivers
v0000027d07d32f80_0 .net *"_ivl_90", 0 0, L_0000027d07d3c710;  1 drivers
v0000027d07d32760_0 .net *"_ivl_92", 0 0, L_0000027d07d3d070;  1 drivers
v0000027d07d32800_0 .net *"_ivl_94", 0 0, L_0000027d07d3c210;  1 drivers
v0000027d07d32940_0 .net *"_ivl_96", 0 0, L_0000027d07d3d2f0;  1 drivers
v0000027d07d39eb0_0 .net *"_ivl_98", 0 0, L_0000027d07d3c2b0;  1 drivers
v0000027d07d39af0_0 .net "add_or_sub", 0 0, v0000027d07d31c90_0;  1 drivers
v0000027d07d395f0_0 .net "buzzer", 0 0, L_0000027d07968970;  alias, 1 drivers
v0000027d07d38d30_0 .net "ce", 0 0, L_0000027d07d3cb70;  1 drivers
v0000027d07d39f50_0 .net "clk", 0 0, v0000027d07d39d70_0;  1 drivers
v0000027d07d39050_0 .net "count", 1 0, v0000027d07d304d0_0;  1 drivers
v0000027d07d39cd0_0 .net "dipA", 7 0, v0000027d07d38830_0;  1 drivers
v0000027d07d39370_0 .net "dipB", 7 0, v0000027d07d39e10_0;  1 drivers
v0000027d07d38c90_0 .net "equal", 0 0, L_0000027d07d3cd50;  1 drivers
v0000027d07d39a50_0 .net "hexA", 3 0, v0000027d07d38f10_0;  1 drivers
v0000027d07d38dd0_0 .net "hexB", 3 0, v0000027d07d383d0_0;  1 drivers
v0000027d07d39690_0 .net "ledA", 7 0, L_0000027d07d3cdf0;  alias, 1 drivers
v0000027d07d39c30_0 .net "ledB", 7 0, L_0000027d07d3dcf0;  alias, 1 drivers
v0000027d07d380b0_0 .net "ledC", 7 0, L_0000027d07d3df70;  alias, 1 drivers
v0000027d07d38650_0 .net "ledD", 7 0, L_0000027d07d3c3f0;  alias, 1 drivers
v0000027d07d38fb0_0 .net "ledh", 7 0, v0000027d07d30d90_0;  1 drivers
v0000027d07d39410_0 .net "ledl", 7 0, v0000027d07d31470_0;  1 drivers
v0000027d07d39550_0 .net "minus", 0 0, L_0000027d07d3ca30;  1 drivers
v0000027d07d39230_0 .net "overflow", 0 0, L_0000027d07d887c0;  1 drivers
v0000027d07d39730_0 .net "plus", 0 0, L_0000027d07d3de30;  1 drivers
v0000027d07d38e70_0 .net "pswA", 4 0, v0000027d07d38b50_0;  1 drivers
v0000027d07d392d0_0 .net "pswB", 4 0, v0000027d07d39190_0;  1 drivers
v0000027d07d38150_0 .net "pswC", 4 0, v0000027d07d3d1b0_0;  1 drivers
v0000027d07d399b0_0 .net "pswD", 4 0, v0000027d07d3d610_0;  1 drivers
v0000027d07d394b0_0 .net "push", 9 0, L_0000027d07d3c850;  1 drivers
v0000027d07d397d0_0 .net "rega", 6 0, v0000027d07d31830_0;  1 drivers
v0000027d07d38470_0 .net "regb", 8 0, v0000027d07d30c50_0;  1 drivers
v0000027d07d38510_0 .net "reset", 0 0, v0000027d07d3cad0_0;  1 drivers
v0000027d07d386f0_0 .net "segA", 7 0, L_0000027d07d3e170;  alias, 1 drivers
v0000027d07d381f0_0 .net "segB", 7 0, L_0000027d07d3e1b8;  alias, 1 drivers
v0000027d07d38a10_0 .net "segC", 7 0, L_0000027d07d3e200;  alias, 1 drivers
v0000027d07d39870_0 .net "segD", 7 0, L_0000027d07d3e248;  alias, 1 drivers
v0000027d07d38330_0 .net "segE", 7 0, L_0000027d07d3e290;  alias, 1 drivers
v0000027d07d390f0_0 .net "segF", 7 0, L_0000027d07d87500;  alias, 1 drivers
v0000027d07d38bf0_0 .net "segG", 7 0, L_0000027d07968dd0;  alias, 1 drivers
v0000027d07d38290_0 .net "segH", 7 0, L_0000027d07968d60;  alias, 1 drivers
v0000027d07d39910_0 .net "sign", 0 0, L_0000027d07d87280;  1 drivers
v0000027d07d388d0_0 .net "state", 1 0, v0000027d07d35670_0;  1 drivers
L_0000027d07d3d4d0 .part v0000027d07d3d610_0, 0, 1;
L_0000027d07d3c8f0 .part v0000027d07d3d1b0_0, 0, 1;
L_0000027d07d3d750 .part v0000027d07d3d1b0_0, 1, 1;
L_0000027d07d3d570 .part v0000027d07d3d1b0_0, 2, 1;
L_0000027d07d3c7b0 .part v0000027d07d39190_0, 0, 1;
L_0000027d07d3d9d0 .part v0000027d07d39190_0, 1, 1;
L_0000027d07d3d110 .part v0000027d07d39190_0, 2, 1;
L_0000027d07d3d890 .part v0000027d07d38b50_0, 0, 1;
L_0000027d07d3d930 .part v0000027d07d38b50_0, 1, 1;
LS_0000027d07d3c850_0_0 .concat8 [ 1 1 1 1], L_0000027d07d3d4d0, L_0000027d07d3c8f0, L_0000027d07d3d750, L_0000027d07d3d570;
LS_0000027d07d3c850_0_4 .concat8 [ 1 1 1 1], L_0000027d07d3c7b0, L_0000027d07d3d9d0, L_0000027d07d3d110, L_0000027d07d3d890;
LS_0000027d07d3c850_0_8 .concat8 [ 1 1 0 0], L_0000027d07d3d930, L_0000027d07d3da70;
L_0000027d07d3c850 .concat8 [ 4 4 2 0], LS_0000027d07d3c850_0_0, LS_0000027d07d3c850_0_4, LS_0000027d07d3c850_0_8;
L_0000027d07d3da70 .part v0000027d07d38b50_0, 2, 1;
L_0000027d07d3de30 .part v0000027d07d3d610_0, 3, 1;
L_0000027d07d3ca30 .part v0000027d07d3d1b0_0, 3, 1;
L_0000027d07d3cb70 .part v0000027d07d38b50_0, 4, 1;
L_0000027d07d3cd50 .part v0000027d07d3d610_0, 4, 1;
L_0000027d07d3db10 .part v0000027d07d304d0_0, 0, 1;
L_0000027d07d3d390 .part v0000027d07d304d0_0, 1, 1;
L_0000027d07d3dbb0 .part v0000027d07d35670_0, 0, 1;
L_0000027d07d3c990 .part v0000027d07d35670_0, 1, 1;
LS_0000027d07d3cdf0_0_0 .concat [ 1 1 1 1], L_0000027d07d3c990, L_0000027d07d3dbb0, v0000027d07d31c90_0, L_0000027d07d3d390;
LS_0000027d07d3cdf0_0_4 .concat [ 1 2 1 0], L_0000027d07d3db10, L_0000027d07d3e098, L_0000027d07d887c0;
L_0000027d07d3cdf0 .concat [ 4 4 0 0], LS_0000027d07d3cdf0_0_0, LS_0000027d07d3cdf0_0_4;
L_0000027d07d3dc50 .part v0000027d07d30c50_0, 8, 1;
L_0000027d07d3dcf0 .concat [ 7 1 0 0], L_0000027d07d3e0e0, L_0000027d07d3dc50;
L_0000027d07d3dd90 .part v0000027d07d30c50_0, 0, 1;
L_0000027d07d3cfd0 .part v0000027d07d30c50_0, 1, 1;
L_0000027d07d3d250 .part v0000027d07d30c50_0, 2, 1;
L_0000027d07d3ce90 .part v0000027d07d30c50_0, 3, 1;
L_0000027d07d3c530 .part v0000027d07d30c50_0, 4, 1;
L_0000027d07d3cf30 .part v0000027d07d30c50_0, 5, 1;
L_0000027d07d3c670 .part v0000027d07d30c50_0, 6, 1;
L_0000027d07d3ded0 .part v0000027d07d30c50_0, 7, 1;
LS_0000027d07d3df70_0_0 .concat [ 1 1 1 1], L_0000027d07d3ded0, L_0000027d07d3c670, L_0000027d07d3cf30, L_0000027d07d3c530;
LS_0000027d07d3df70_0_4 .concat [ 1 1 1 1], L_0000027d07d3ce90, L_0000027d07d3d250, L_0000027d07d3cfd0, L_0000027d07d3dd90;
L_0000027d07d3df70 .concat [ 4 4 0 0], LS_0000027d07d3df70_0_0, LS_0000027d07d3df70_0_4;
L_0000027d07d3c170 .part v0000027d07d31830_0, 0, 1;
L_0000027d07d3c710 .part v0000027d07d31830_0, 1, 1;
L_0000027d07d3d070 .part v0000027d07d31830_0, 2, 1;
L_0000027d07d3c210 .part v0000027d07d31830_0, 3, 1;
L_0000027d07d3d2f0 .part v0000027d07d31830_0, 4, 1;
L_0000027d07d3c2b0 .part v0000027d07d31830_0, 5, 1;
L_0000027d07d3c350 .part v0000027d07d31830_0, 6, 1;
LS_0000027d07d3c3f0_0_0 .concat [ 1 1 1 1], L_0000027d07d3e128, L_0000027d07d3c350, L_0000027d07d3c2b0, L_0000027d07d3d2f0;
LS_0000027d07d3c3f0_0_4 .concat [ 1 1 1 1], L_0000027d07d3c210, L_0000027d07d3d070, L_0000027d07d3c710, L_0000027d07d3c170;
L_0000027d07d3c3f0 .concat [ 4 4 0 0], LS_0000027d07d3c3f0_0_0, LS_0000027d07d3c3f0_0_4;
L_0000027d07d87500 .concat [ 1 1 6 0], L_0000027d07d3e320, L_0000027d07d87280, L_0000027d07d3e2d8;
S_0000027d0791fa90 .scope module, "calctop" "calctop" 3 66, 3 73 0, S_0000027d0792f0c0;
 .timescale 0 0;
    .port_info 0 /INPUT 1 "clk";
    .port_info 1 /INPUT 1 "reset";
    .port_info 2 /INPUT 10 "push";
    .port_info 3 /INPUT 1 "ce";
    .port_info 4 /INPUT 1 "plus";
    .port_info 5 /INPUT 1 "minus";
    .port_info 6 /INPUT 1 "equal";
    .port_info 7 /OUTPUT 1 "sign";
    .port_info 8 /OUTPUT 8 "ledh";
    .port_info 9 /OUTPUT 8 "ledl";
    .port_info 10 /OUTPUT 1 "overflow";
    .port_info 11 /OUTPUT 2 "state";
    .port_info 12 /OUTPUT 7 "rega";
    .port_info 13 /OUTPUT 9 "regb";
    .port_info 14 /OUTPUT 2 "count";
    .port_info 15 /OUTPUT 1 "add_or_sub";
v0000027d07d348b0_0 .net "add_or_sub", 0 0, v0000027d07d31c90_0;  alias, 1 drivers
v0000027d07d34b30_0 .net "ce", 0 0, L_0000027d07d3cb70;  alias, 1 drivers
v0000027d07d34bd0_0 .net "ceout", 0 0, L_0000027d079686d0;  1 drivers
v0000027d07d35210_0 .net "clk", 0 0, v0000027d07d39d70_0;  alias, 1 drivers
v0000027d07d352b0_0 .net "count", 1 0, v0000027d07d304d0_0;  alias, 1 drivers
v0000027d07d353f0_0 .net "equal", 0 0, L_0000027d07d3cd50;  alias, 1 drivers
v0000027d07d33520_0 .net "equalout", 0 0, L_0000027d07968510;  1 drivers
v0000027d07d32d00_0 .net "ledh", 7 0, v0000027d07d30d90_0;  alias, 1 drivers
v0000027d07d33480_0 .net "ledl", 7 0, v0000027d07d31470_0;  alias, 1 drivers
v0000027d07d33980_0 .net "minus", 0 0, L_0000027d07d3ca30;  alias, 1 drivers
v0000027d07d32120_0 .net "minusout", 0 0, L_0000027d07968f20;  1 drivers
v0000027d07d32da0_0 .net "overflow", 0 0, L_0000027d07d887c0;  alias, 1 drivers
v0000027d07d33d40_0 .net "plus", 0 0, L_0000027d07d3de30;  alias, 1 drivers
v0000027d07d32b20_0 .net "plusout", 0 0, L_0000027d079682e0;  1 drivers
v0000027d07d33c00_0 .net "push", 9 0, L_0000027d07d3c850;  alias, 1 drivers
v0000027d07d321c0_0 .net "pushout", 9 0, L_0000027d07968890;  1 drivers
v0000027d07d335c0_0 .net "rega", 6 0, v0000027d07d31830_0;  alias, 1 drivers
v0000027d07d33660_0 .net "regb", 8 0, v0000027d07d30c50_0;  alias, 1 drivers
v0000027d07d337a0_0 .net "reset", 0 0, v0000027d07d3cad0_0;  alias, 1 drivers
v0000027d07d32260_0 .net "sign", 0 0, L_0000027d07d87280;  alias, 1 drivers
v0000027d07d329e0_0 .net "state", 1 0, v0000027d07d35670_0;  alias, 1 drivers
v0000027d07d32300_0 .net "wout", 6 0, L_0000027d07d87a00;  1 drivers
S_0000027d07919b70 .scope module, "binled" "binled" 3 96, 3 293 0, S_0000027d0791fa90;
 .timescale 0 0;
    .port_info 0 /INPUT 7 "in";
    .port_info 1 /OUTPUT 8 "ledl";
    .port_info 2 /OUTPUT 8 "ledh";
v0000027d07d311f0_0 .net "in", 6 0, L_0000027d07d87a00;  alias, 1 drivers
v0000027d07d309d0_0 .net "ledh", 7 0, v0000027d07d30d90_0;  alias, 1 drivers
v0000027d07d307f0_0 .net "ledl", 7 0, v0000027d07d31470_0;  alias, 1 drivers
v0000027d07d31510_0 .net "wireh", 3 0, L_0000027d07d87f00;  1 drivers
v0000027d07d31290_0 .net "wirel", 3 0, L_0000027d07d88540;  1 drivers
S_0000027d07919d00 .scope module, "bintobcd" "bintobcd" 3 298, 3 304 0, S_0000027d07919b70;
 .timescale 0 0;
    .port_info 0 /INPUT 7 "in";
    .port_info 1 /OUTPUT 4 "outl";
    .port_info 2 /OUTPUT 4 "outh";
L_0000027d07d3e6c8 .functor BUFT 1, C4<01>, C4<0>, C4<0>, C4<0>;
v0000027d07968100_0 .net/2s *"_ivl_10", 1 0, L_0000027d07d3e6c8;  1 drivers
L_0000027d07d3ec68 .functor BUFT 1, C4<0010100>, C4<0>, C4<0>, C4<0>;
v0000027d079668a0_0 .net/2u *"_ivl_100", 6 0, L_0000027d07d3ec68;  1 drivers
v0000027d07966800_0 .net *"_ivl_102", 6 0, L_0000027d07d87e60;  1 drivers
v0000027d079675c0_0 .net *"_ivl_109", 31 0, L_0000027d07d87fa0;  1 drivers
L_0000027d07d3ecb0 .functor BUFT 1, C4<0000000000000000000000000>, C4<0>, C4<0>, C4<0>;
v0000027d07966a80_0 .net *"_ivl_112", 24 0, L_0000027d07d3ecb0;  1 drivers
L_0000027d07d3ecf8 .functor BUFT 1, C4<00000000000000000000000000001010>, C4<0>, C4<0>, C4<0>;
v0000027d07967340_0 .net/2u *"_ivl_113", 31 0, L_0000027d07d3ecf8;  1 drivers
v0000027d07967b60_0 .net *"_ivl_115", 0 0, L_0000027d07d88040;  1 drivers
L_0000027d07d3ed40 .functor BUFT 1, C4<01>, C4<0>, C4<0>, C4<0>;
v0000027d07967ac0_0 .net/2s *"_ivl_117", 1 0, L_0000027d07d3ed40;  1 drivers
L_0000027d07d3ed88 .functor BUFT 1, C4<00>, C4<0>, C4<0>, C4<0>;
v0000027d07966b20_0 .net/2s *"_ivl_119", 1 0, L_0000027d07d3ed88;  1 drivers
L_0000027d07d3e710 .functor BUFT 1, C4<00>, C4<0>, C4<0>, C4<0>;
v0000027d07966bc0_0 .net/2s *"_ivl_12", 1 0, L_0000027d07d3e710;  1 drivers
v0000027d07966ee0_0 .net *"_ivl_121", 1 0, L_0000027d07d86ec0;  1 drivers
v0000027d07966f80_0 .net *"_ivl_124", 0 0, L_0000027d07d88180;  1 drivers
v0000027d0794a260_0 .net *"_ivl_125", 31 0, L_0000027d07d880e0;  1 drivers
L_0000027d07d3edd0 .functor BUFT 1, C4<0000000000000000000000000>, C4<0>, C4<0>, C4<0>;
v0000027d07949d60_0 .net *"_ivl_128", 24 0, L_0000027d07d3edd0;  1 drivers
L_0000027d07d3ee18 .functor BUFT 1, C4<00000000000000000000000000001010>, C4<0>, C4<0>, C4<0>;
v0000027d07d2f820_0 .net/2u *"_ivl_129", 31 0, L_0000027d07d3ee18;  1 drivers
v0000027d07d2e6a0_0 .net *"_ivl_131", 0 0, L_0000027d07d86b00;  1 drivers
L_0000027d07d3ee60 .functor BUFT 1, C4<0001010>, C4<0>, C4<0>, C4<0>;
v0000027d07d2e380_0 .net/2u *"_ivl_133", 6 0, L_0000027d07d3ee60;  1 drivers
v0000027d07d2f000_0 .net *"_ivl_135", 6 0, L_0000027d07d882c0;  1 drivers
v0000027d07d2f140_0 .net *"_ivl_137", 6 0, L_0000027d07d884a0;  1 drivers
v0000027d07d2ed80_0 .net *"_ivl_14", 1 0, L_0000027d07d87aa0;  1 drivers
v0000027d07d2f1e0_0 .net *"_ivl_17", 0 0, L_0000027d07d875a0;  1 drivers
v0000027d07d2e100_0 .net *"_ivl_18", 31 0, L_0000027d07d87960;  1 drivers
v0000027d07d2eec0_0 .net *"_ivl_2", 31 0, L_0000027d07d87000;  1 drivers
L_0000027d07d3e758 .functor BUFT 1, C4<0000000000000000000000000>, C4<0>, C4<0>, C4<0>;
v0000027d07d2e9c0_0 .net *"_ivl_21", 24 0, L_0000027d07d3e758;  1 drivers
L_0000027d07d3e7a0 .functor BUFT 1, C4<00000000000000000000000001010000>, C4<0>, C4<0>, C4<0>;
v0000027d07d2fe60_0 .net/2u *"_ivl_22", 31 0, L_0000027d07d3e7a0;  1 drivers
v0000027d07d2f280_0 .net *"_ivl_24", 0 0, L_0000027d07d87320;  1 drivers
v0000027d07d2e560_0 .net *"_ivl_26", 7 0, L_0000027d07d87b40;  1 drivers
L_0000027d07d3e7e8 .functor BUFT 1, C4<0>, C4<0>, C4<0>, C4<0>;
v0000027d07d2f640_0 .net *"_ivl_29", 0 0, L_0000027d07d3e7e8;  1 drivers
L_0000027d07d3e830 .functor BUFT 1, C4<01010000>, C4<0>, C4<0>, C4<0>;
v0000027d07d2fc80_0 .net/2u *"_ivl_30", 7 0, L_0000027d07d3e830;  1 drivers
v0000027d07d2e060_0 .net *"_ivl_32", 7 0, L_0000027d07d87be0;  1 drivers
v0000027d07d2e240_0 .net *"_ivl_34", 7 0, L_0000027d07d86880;  1 drivers
L_0000027d07d3e878 .functor BUFT 1, C4<0>, C4<0>, C4<0>, C4<0>;
v0000027d07d2eba0_0 .net *"_ivl_37", 0 0, L_0000027d07d3e878;  1 drivers
v0000027d07d2fb40_0 .net *"_ivl_38", 7 0, L_0000027d07d87460;  1 drivers
v0000027d07d2fa00_0 .net *"_ivl_44", 31 0, L_0000027d07d869c0;  1 drivers
L_0000027d07d3e8c0 .functor BUFT 1, C4<0000000000000000000000000>, C4<0>, C4<0>, C4<0>;
v0000027d07d2f320_0 .net *"_ivl_47", 24 0, L_0000027d07d3e8c0;  1 drivers
L_0000027d07d3e908 .functor BUFT 1, C4<00000000000000000000000000101000>, C4<0>, C4<0>, C4<0>;
v0000027d07d2f3c0_0 .net/2u *"_ivl_48", 31 0, L_0000027d07d3e908;  1 drivers
L_0000027d07d3e638 .functor BUFT 1, C4<0000000000000000000000000>, C4<0>, C4<0>, C4<0>;
v0000027d07d2f0a0_0 .net *"_ivl_5", 24 0, L_0000027d07d3e638;  1 drivers
v0000027d07d2e600_0 .net *"_ivl_50", 0 0, L_0000027d07d86e20;  1 drivers
L_0000027d07d3e950 .functor BUFT 1, C4<01>, C4<0>, C4<0>, C4<0>;
v0000027d07d2e1a0_0 .net/2s *"_ivl_52", 1 0, L_0000027d07d3e950;  1 drivers
L_0000027d07d3e998 .functor BUFT 1, C4<00>, C4<0>, C4<0>, C4<0>;
v0000027d07d2ece0_0 .net/2s *"_ivl_54", 1 0, L_0000027d07d3e998;  1 drivers
v0000027d07d2ec40_0 .net *"_ivl_56", 1 0, L_0000027d07d876e0;  1 drivers
v0000027d07d2e420_0 .net *"_ivl_59", 0 0, L_0000027d07d86ba0;  1 drivers
L_0000027d07d3e680 .functor BUFT 1, C4<00000000000000000000000001010000>, C4<0>, C4<0>, C4<0>;
v0000027d07d2ff00_0 .net/2u *"_ivl_6", 31 0, L_0000027d07d3e680;  1 drivers
v0000027d07d2e2e0_0 .net *"_ivl_60", 31 0, L_0000027d07d86380;  1 drivers
L_0000027d07d3e9e0 .functor BUFT 1, C4<0000000000000000000000000>, C4<0>, C4<0>, C4<0>;
v0000027d07d2f960_0 .net *"_ivl_63", 24 0, L_0000027d07d3e9e0;  1 drivers
L_0000027d07d3ea28 .functor BUFT 1, C4<00000000000000000000000000101000>, C4<0>, C4<0>, C4<0>;
v0000027d07d2ee20_0 .net/2u *"_ivl_64", 31 0, L_0000027d07d3ea28;  1 drivers
v0000027d07d2e740_0 .net *"_ivl_66", 0 0, L_0000027d07d86ce0;  1 drivers
L_0000027d07d3ea70 .functor BUFT 1, C4<0101000>, C4<0>, C4<0>, C4<0>;
v0000027d07d2e4c0_0 .net/2u *"_ivl_68", 6 0, L_0000027d07d3ea70;  1 drivers
v0000027d07d2e7e0_0 .net *"_ivl_70", 6 0, L_0000027d07d885e0;  1 drivers
v0000027d07d2f8c0_0 .net *"_ivl_76", 31 0, L_0000027d07d87dc0;  1 drivers
L_0000027d07d3eab8 .functor BUFT 1, C4<0000000000000000000000000>, C4<0>, C4<0>, C4<0>;
v0000027d07d2fdc0_0 .net *"_ivl_79", 24 0, L_0000027d07d3eab8;  1 drivers
v0000027d07d2f460_0 .net *"_ivl_8", 0 0, L_0000027d07d87140;  1 drivers
L_0000027d07d3eb00 .functor BUFT 1, C4<00000000000000000000000000010100>, C4<0>, C4<0>, C4<0>;
v0000027d07d2ef60_0 .net/2u *"_ivl_80", 31 0, L_0000027d07d3eb00;  1 drivers
v0000027d07d2e880_0 .net *"_ivl_82", 0 0, L_0000027d07d862e0;  1 drivers
L_0000027d07d3eb48 .functor BUFT 1, C4<01>, C4<0>, C4<0>, C4<0>;
v0000027d07d2f500_0 .net/2s *"_ivl_84", 1 0, L_0000027d07d3eb48;  1 drivers
L_0000027d07d3eb90 .functor BUFT 1, C4<00>, C4<0>, C4<0>, C4<0>;
v0000027d07d2e920_0 .net/2s *"_ivl_86", 1 0, L_0000027d07d3eb90;  1 drivers
v0000027d07d2fbe0_0 .net *"_ivl_88", 1 0, L_0000027d07d871e0;  1 drivers
v0000027d07d2eb00_0 .net *"_ivl_91", 0 0, L_0000027d07d873c0;  1 drivers
v0000027d07d2f5a0_0 .net *"_ivl_92", 31 0, L_0000027d07d86600;  1 drivers
L_0000027d07d3ebd8 .functor BUFT 1, C4<0000000000000000000000000>, C4<0>, C4<0>, C4<0>;
v0000027d07d2ea60_0 .net *"_ivl_95", 24 0, L_0000027d07d3ebd8;  1 drivers
L_0000027d07d3ec20 .functor BUFT 1, C4<00000000000000000000000000010100>, C4<0>, C4<0>, C4<0>;
v0000027d07d2f780_0 .net/2u *"_ivl_96", 31 0, L_0000027d07d3ec20;  1 drivers
v0000027d07d2f6e0_0 .net *"_ivl_98", 0 0, L_0000027d07d88220;  1 drivers
v0000027d07d2faa0_0 .net "in", 6 0, L_0000027d07d87a00;  alias, 1 drivers
v0000027d07d2fd20_0 .net "outh", 3 0, L_0000027d07d87f00;  alias, 1 drivers
v0000027d07d30430_0 .net "outl", 3 0, L_0000027d07d88540;  alias, 1 drivers
v0000027d07d31a10_0 .net "temp1", 6 0, L_0000027d07d87d20;  1 drivers
v0000027d07d313d0_0 .net "temp2", 6 0, L_0000027d07d86420;  1 drivers
v0000027d07d318d0_0 .net "temp3", 6 0, L_0000027d07d86a60;  1 drivers
L_0000027d07d87000 .concat [ 7 25 0 0], L_0000027d07d87a00, L_0000027d07d3e638;
L_0000027d07d87140 .cmp/ge 32, L_0000027d07d87000, L_0000027d07d3e680;
L_0000027d07d87aa0 .functor MUXZ 2, L_0000027d07d3e710, L_0000027d07d3e6c8, L_0000027d07d87140, C4<>;
L_0000027d07d875a0 .part L_0000027d07d87aa0, 0, 1;
L_0000027d07d87960 .concat [ 7 25 0 0], L_0000027d07d87a00, L_0000027d07d3e758;
L_0000027d07d87320 .cmp/ge 32, L_0000027d07d87960, L_0000027d07d3e7a0;
L_0000027d07d87b40 .concat [ 7 1 0 0], L_0000027d07d87a00, L_0000027d07d3e7e8;
L_0000027d07d87be0 .arith/sub 8, L_0000027d07d87b40, L_0000027d07d3e830;
L_0000027d07d86880 .concat [ 7 1 0 0], L_0000027d07d87a00, L_0000027d07d3e878;
L_0000027d07d87460 .functor MUXZ 8, L_0000027d07d86880, L_0000027d07d87be0, L_0000027d07d87320, C4<>;
L_0000027d07d87d20 .part L_0000027d07d87460, 0, 7;
L_0000027d07d869c0 .concat [ 7 25 0 0], L_0000027d07d87d20, L_0000027d07d3e8c0;
L_0000027d07d86e20 .cmp/ge 32, L_0000027d07d869c0, L_0000027d07d3e908;
L_0000027d07d876e0 .functor MUXZ 2, L_0000027d07d3e998, L_0000027d07d3e950, L_0000027d07d86e20, C4<>;
L_0000027d07d86ba0 .part L_0000027d07d876e0, 0, 1;
L_0000027d07d86380 .concat [ 7 25 0 0], L_0000027d07d87d20, L_0000027d07d3e9e0;
L_0000027d07d86ce0 .cmp/ge 32, L_0000027d07d86380, L_0000027d07d3ea28;
L_0000027d07d885e0 .arith/sub 7, L_0000027d07d87d20, L_0000027d07d3ea70;
L_0000027d07d86420 .functor MUXZ 7, L_0000027d07d87d20, L_0000027d07d885e0, L_0000027d07d86ce0, C4<>;
L_0000027d07d87dc0 .concat [ 7 25 0 0], L_0000027d07d86420, L_0000027d07d3eab8;
L_0000027d07d862e0 .cmp/ge 32, L_0000027d07d87dc0, L_0000027d07d3eb00;
L_0000027d07d871e0 .functor MUXZ 2, L_0000027d07d3eb90, L_0000027d07d3eb48, L_0000027d07d862e0, C4<>;
L_0000027d07d873c0 .part L_0000027d07d871e0, 0, 1;
L_0000027d07d86600 .concat [ 7 25 0 0], L_0000027d07d86420, L_0000027d07d3ebd8;
L_0000027d07d88220 .cmp/ge 32, L_0000027d07d86600, L_0000027d07d3ec20;
L_0000027d07d87e60 .arith/sub 7, L_0000027d07d86420, L_0000027d07d3ec68;
L_0000027d07d86a60 .functor MUXZ 7, L_0000027d07d86420, L_0000027d07d87e60, L_0000027d07d88220, C4<>;
L_0000027d07d87f00 .concat8 [ 1 1 1 1], L_0000027d07d88180, L_0000027d07d873c0, L_0000027d07d86ba0, L_0000027d07d875a0;
L_0000027d07d87fa0 .concat [ 7 25 0 0], L_0000027d07d86a60, L_0000027d07d3ecb0;
L_0000027d07d88040 .cmp/ge 32, L_0000027d07d87fa0, L_0000027d07d3ecf8;
L_0000027d07d86ec0 .functor MUXZ 2, L_0000027d07d3ed88, L_0000027d07d3ed40, L_0000027d07d88040, C4<>;
L_0000027d07d88180 .part L_0000027d07d86ec0, 0, 1;
L_0000027d07d880e0 .concat [ 7 25 0 0], L_0000027d07d86a60, L_0000027d07d3edd0;
L_0000027d07d86b00 .cmp/ge 32, L_0000027d07d880e0, L_0000027d07d3ee18;
L_0000027d07d882c0 .arith/sub 7, L_0000027d07d86a60, L_0000027d07d3ee60;
L_0000027d07d884a0 .functor MUXZ 7, L_0000027d07d86a60, L_0000027d07d882c0, L_0000027d07d86b00, C4<>;
L_0000027d07d88540 .part L_0000027d07d884a0, 0, 4;
S_0000027d07902f00 .scope module, "ledouthigh" "ledout" 3 299, 3 320 0, S_0000027d07919b70;
 .timescale 0 0;
    .port_info 0 /INPUT 4 "in";
    .port_info 1 /OUTPUT 8 "out";
v0000027d07d31150_0 .net "in", 3 0, L_0000027d07d87f00;  alias, 1 drivers
v0000027d07d30d90_0 .var "out", 7 0;
E_0000027d0795ee50 .event anyedge, v0000027d07d2fd20_0;
S_0000027d07903090 .scope module, "ledoutlow" "ledout" 3 300, 3 320 0, S_0000027d07919b70;
 .timescale 0 0;
    .port_info 0 /INPUT 4 "in";
    .port_info 1 /OUTPUT 8 "out";
v0000027d07d31010_0 .net "in", 3 0, L_0000027d07d88540;  alias, 1 drivers
v0000027d07d31470_0 .var "out", 7 0;
E_0000027d0795f190 .event anyedge, v0000027d07d30430_0;
S_0000027d07924270 .scope module, "calc" "calc" 3 92, 3 112 0, S_0000027d0791fa90;
 .timescale 0 0;
    .port_info 0 /INPUT 10 "decimal";
    .port_info 1 /INPUT 1 "plus";
    .port_info 2 /INPUT 1 "minus";
    .port_info 3 /INPUT 1 "equal";
    .port_info 4 /INPUT 1 "clk";
    .port_info 5 /INPUT 1 "reset";
    .port_info 6 /INPUT 1 "ce";
    .port_info 7 /OUTPUT 1 "sign";
    .port_info 8 /OUTPUT 1 "overflow";
    .port_info 9 /OUTPUT 7 "out";
    .port_info 10 /OUTPUT 2 "state";
    .port_info 11 /OUTPUT 7 "REGA";
    .port_info 12 /OUTPUT 9 "REGB";
    .port_info 13 /OUTPUT 2 "count";
    .port_info 14 /OUTPUT 1 "add_or_sub";
v0000027d07d31830_0 .var "REGA", 6 0;
v0000027d07d30c50_0 .var "REGB", 8 0;
L_0000027d07d3e3f8 .functor BUFT 1, C4<01>, C4<0>, C4<0>, C4<0>;
v0000027d07d31f10_0 .net/2s *"_ivl_10", 1 0, L_0000027d07d3e3f8;  1 drivers
L_0000027d07d3e440 .functor BUFT 1, C4<00>, C4<0>, C4<0>, C4<0>;
v0000027d07d30390_0 .net/2s *"_ivl_12", 1 0, L_0000027d07d3e440;  1 drivers
v0000027d07d316f0_0 .net *"_ivl_14", 1 0, L_0000027d07d86f60;  1 drivers
v0000027d07d31330_0 .net *"_ivl_18", 31 0, L_0000027d07d87640;  1 drivers
v0000027d07d30a70_0 .net *"_ivl_2", 31 0, L_0000027d07d87c80;  1 drivers
L_0000027d07d3e488 .functor BUFT 1, C4<000000000000000000000000000000>, C4<0>, C4<0>, C4<0>;
v0000027d07d30250_0 .net *"_ivl_21", 29 0, L_0000027d07d3e488;  1 drivers
L_0000027d07d3e4d0 .functor BUFT 1, C4<00000000000000000000000000000000>, C4<0>, C4<0>, C4<0>;
v0000027d07d31790_0 .net/2u *"_ivl_22", 31 0, L_0000027d07d3e4d0;  1 drivers
v0000027d07d30610_0 .net *"_ivl_24", 0 0, L_0000027d07d88400;  1 drivers
L_0000027d07d3e518 .functor BUFT 1, C4<0>, C4<0>, C4<0>, C4<0>;
v0000027d07d30750_0 .net/2u *"_ivl_26", 0 0, L_0000027d07d3e518;  1 drivers
v0000027d07d30cf0_0 .net *"_ivl_28", 31 0, L_0000027d07d87780;  1 drivers
L_0000027d07d3e560 .functor BUFT 1, C4<000000000000000000000000000000>, C4<0>, C4<0>, C4<0>;
v0000027d07d30070_0 .net *"_ivl_31", 29 0, L_0000027d07d3e560;  1 drivers
L_0000027d07d3e5a8 .functor BUFT 1, C4<00000000000000000000000000000001>, C4<0>, C4<0>, C4<0>;
v0000027d07d30110_0 .net/2u *"_ivl_32", 31 0, L_0000027d07d3e5a8;  1 drivers
v0000027d07d31b50_0 .net *"_ivl_34", 0 0, L_0000027d07d88360;  1 drivers
v0000027d07d30ed0_0 .net *"_ivl_37", 0 0, L_0000027d07d86240;  1 drivers
L_0000027d07d3e5f0 .functor BUFT 1, C4<0>, C4<0>, C4<0>, C4<0>;
v0000027d07d30b10_0 .net/2u *"_ivl_38", 0 0, L_0000027d07d3e5f0;  1 drivers
v0000027d07d302f0_0 .net *"_ivl_40", 0 0, L_0000027d07d870a0;  1 drivers
L_0000027d07d3e368 .functor BUFT 1, C4<000000000000000000000000000000>, C4<0>, C4<0>, C4<0>;
v0000027d07d31bf0_0 .net *"_ivl_5", 29 0, L_0000027d07d3e368;  1 drivers
L_0000027d07d3e3b0 .functor BUFT 1, C4<00000000000000000000000000000010>, C4<0>, C4<0>, C4<0>;
v0000027d07d31970_0 .net/2u *"_ivl_6", 31 0, L_0000027d07d3e3b0;  1 drivers
v0000027d07d30f70_0 .net *"_ivl_8", 0 0, L_0000027d07d87820;  1 drivers
v0000027d07d31c90_0 .var "add_or_sub", 0 0;
v0000027d07d306b0_0 .net "ce", 0 0, L_0000027d079686d0;  alias, 1 drivers
v0000027d07d31d30_0 .net "clk", 0 0, v0000027d07d39d70_0;  alias, 1 drivers
v0000027d07d304d0_0 .var "count", 1 0;
v0000027d07d301b0_0 .net "d", 3 0, L_0000027d07d878c0;  1 drivers
v0000027d07d310b0_0 .net "decimal", 9 0, L_0000027d07968890;  alias, 1 drivers
v0000027d07d31dd0_0 .net "equal", 0 0, L_0000027d07968510;  alias, 1 drivers
v0000027d07d30bb0_0 .net "minus", 0 0, L_0000027d07968f20;  alias, 1 drivers
v0000027d07d30e30_0 .net "out", 6 0, L_0000027d07d87a00;  alias, 1 drivers
v0000027d07d30570_0 .net "overflow", 0 0, L_0000027d07d887c0;  alias, 1 drivers
v0000027d07d343b0_0 .net "plus", 0 0, L_0000027d079682e0;  alias, 1 drivers
v0000027d07d34950_0 .net "reset", 0 0, v0000027d07d3cad0_0;  alias, 1 drivers
v0000027d07d34810_0 .net "sign", 0 0, L_0000027d07d87280;  alias, 1 drivers
v0000027d07d35670_0 .var "state", 1 0;
E_0000027d0795f350/0 .event negedge, v0000027d07d34950_0;
E_0000027d0795f350/1 .event posedge, v0000027d07d31d30_0;
E_0000027d0795f350 .event/or E_0000027d0795f350/0, E_0000027d0795f350/1;
L_0000027d07d878c0 .ufunc/vec4 TD_t_AP600.AP600.calctop.calc.dectobin, 4, L_0000027d07968890 (v0000027d07d30890_0) S_0000027d07924400;
L_0000027d07d87c80 .concat [ 2 30 0 0], v0000027d07d35670_0, L_0000027d07d3e368;
L_0000027d07d87820 .cmp/eq 32, L_0000027d07d87c80, L_0000027d07d3e3b0;
L_0000027d07d86f60 .functor MUXZ 2, L_0000027d07d3e440, L_0000027d07d3e3f8, L_0000027d07d87820, C4<>;
L_0000027d07d887c0 .part L_0000027d07d86f60, 0, 1;
L_0000027d07d87640 .concat [ 2 30 0 0], v0000027d07d35670_0, L_0000027d07d3e488;
L_0000027d07d88400 .cmp/eq 32, L_0000027d07d87640, L_0000027d07d3e4d0;
L_0000027d07d87780 .concat [ 2 30 0 0], v0000027d07d35670_0, L_0000027d07d3e560;
L_0000027d07d88360 .cmp/eq 32, L_0000027d07d87780, L_0000027d07d3e5a8;
L_0000027d07d86240 .part v0000027d07d30c50_0, 8, 1;
L_0000027d07d870a0 .functor MUXZ 1, L_0000027d07d3e5f0, L_0000027d07d86240, L_0000027d07d88360, C4<>;
L_0000027d07d87280 .functor MUXZ 1, L_0000027d07d870a0, L_0000027d07d3e518, L_0000027d07d88400, C4<>;
L_0000027d07d87a00 .ufunc/vec4 TD_t_AP600.AP600.calctop.calc.out_func, 7, v0000027d07d35670_0, v0000027d07d31830_0, v0000027d07d30c50_0 (v0000027d07d31e70_0, v0000027d07d315b0_0, v0000027d07d31650_0) S_0000027d07920e90;
S_0000027d07924400 .scope function.vec4.s4, "dectobin" "dectobin" 3 134, 3 134 0, S_0000027d07924270;
 .timescale 0 0;
; Variable dectobin is vec4 return value of scope S_0000027d07924400
v0000027d07d30890_0 .var "in", 9 0;
TD_t_AP600.AP600.calctop.calc.dectobin ;
    %load/vec4 v0000027d07d30890_0;
    %parti/s 1, 9, 5;
    %flag_set/vec4 8;
    %jmp/0xz  T_0.0, 8;
    %pushi/vec4 9, 0, 4;
    %ret/vec4 0, 0, 4;  Assign to dectobin (store_vec4_to_lval)
    %jmp T_0.1;
T_0.0 ;
    %load/vec4 v0000027d07d30890_0;
    %parti/s 1, 8, 5;
    %flag_set/vec4 8;
    %jmp/0xz  T_0.2, 8;
    %pushi/vec4 8, 0, 4;
    %ret/vec4 0, 0, 4;  Assign to dectobin (store_vec4_to_lval)
    %jmp T_0.3;
T_0.2 ;
    %load/vec4 v0000027d07d30890_0;
    %parti/s 1, 7, 4;
    %flag_set/vec4 8;
    %jmp/0xz  T_0.4, 8;
    %pushi/vec4 7, 0, 4;
    %ret/vec4 0, 0, 4;  Assign to dectobin (store_vec4_to_lval)
    %jmp T_0.5;
T_0.4 ;
    %load/vec4 v0000027d07d30890_0;
    %parti/s 1, 6, 4;
    %flag_set/vec4 8;
    %jmp/0xz  T_0.6, 8;
    %pushi/vec4 6, 0, 4;
    %ret/vec4 0, 0, 4;  Assign to dectobin (store_vec4_to_lval)
    %jmp T_0.7;
T_0.6 ;
    %load/vec4 v0000027d07d30890_0;
    %parti/s 1, 5, 4;
    %flag_set/vec4 8;
    %jmp/0xz  T_0.8, 8;
    %pushi/vec4 5, 0, 4;
    %ret/vec4 0, 0, 4;  Assign to dectobin (store_vec4_to_lval)
    %jmp T_0.9;
T_0.8 ;
    %load/vec4 v0000027d07d30890_0;
    %parti/s 1, 4, 4;
    %flag_set/vec4 8;
    %jmp/0xz  T_0.10, 8;
    %pushi/vec4 4, 0, 4;
    %ret/vec4 0, 0, 4;  Assign to dectobin (store_vec4_to_lval)
    %jmp T_0.11;
T_0.10 ;
    %load/vec4 v0000027d07d30890_0;
    %parti/s 1, 3, 3;
    %flag_set/vec4 8;
    %jmp/0xz  T_0.12, 8;
    %pushi/vec4 3, 0, 4;
    %ret/vec4 0, 0, 4;  Assign to dectobin (store_vec4_to_lval)
    %jmp T_0.13;
T_0.12 ;
    %load/vec4 v0000027d07d30890_0;
    %parti/s 1, 2, 3;
    %flag_set/vec4 8;
    %jmp/0xz  T_0.14, 8;
    %pushi/vec4 2, 0, 4;
    %ret/vec4 0, 0, 4;  Assign to dectobin (store_vec4_to_lval)
    %jmp T_0.15;
T_0.14 ;
    %load/vec4 v0000027d07d30890_0;
    %parti/s 1, 1, 2;
    %flag_set/vec4 8;
    %jmp/0xz  T_0.16, 8;
    %pushi/vec4 1, 0, 4;
    %ret/vec4 0, 0, 4;  Assign to dectobin (store_vec4_to_lval)
    %jmp T_0.17;
T_0.16 ;
    %load/vec4 v0000027d07d30890_0;
    %parti/s 1, 0, 2;
    %flag_set/vec4 8;
    %jmp/0xz  T_0.18, 8;
    %pushi/vec4 0, 0, 4;
    %ret/vec4 0, 0, 4;  Assign to dectobin (store_vec4_to_lval)
T_0.18 ;
T_0.17 ;
T_0.15 ;
T_0.13 ;
T_0.11 ;
T_0.9 ;
T_0.7 ;
T_0.5 ;
T_0.3 ;
T_0.1 ;
    %end;
S_0000027d07920e90 .scope function.vec4.s7, "out_func" "out_func" 3 224, 3 224 0, S_0000027d07924270;
 .timescale 0 0;
v0000027d07d315b0_0 .var "a", 6 0;
v0000027d07d31650_0 .var "b", 8 0;
; Variable out_func is vec4 return value of scope S_0000027d07920e90
v0000027d07d31e70_0 .var "s", 1 0;
TD_t_AP600.AP600.calctop.calc.out_func ;
    %load/vec4 v0000027d07d31e70_0;
    %dup/vec4;
    %pushi/vec4 0, 0, 2;
    %cmp/u;
    %jmp/1 T_1.20, 6;
    %dup/vec4;
    %pushi/vec4 1, 0, 2;
    %cmp/u;
    %jmp/1 T_1.21, 6;
    %jmp T_1.22;
T_1.20 ;
    %load/vec4 v0000027d07d315b0_0;
    %ret/vec4 0, 0, 7;  Assign to out_func (store_vec4_to_lval)
    %jmp T_1.22;
T_1.21 ;
    %load/vec4 v0000027d07d31650_0;
    %parti/s 1, 8, 5;
    %pad/u 32;
    %cmpi/e 1, 0, 32;
    %jmp/0xz  T_1.23, 4;
    %load/vec4 v0000027d07d31650_0;
    %inv;
    %addi 1, 0, 9;
    %pad/u 7;
    %ret/vec4 0, 0, 7;  Assign to out_func (store_vec4_to_lval)
    %jmp T_1.24;
T_1.23 ;
    %load/vec4 v0000027d07d31650_0;
    %pad/u 7;
    %ret/vec4 0, 0, 7;  Assign to out_func (store_vec4_to_lval)
T_1.24 ;
    %jmp T_1.22;
T_1.22 ;
    %pop/vec4 1;
    %end;
S_0000027d079c6690 .scope module, "syncroce" "syncro" 3 98, 3 241 0, S_0000027d0791fa90;
 .timescale 0 0;
    .port_info 0 /OUTPUT 1 "out";
    .port_info 1 /INPUT 1 "in";
    .port_info 2 /INPUT 1 "clk";
    .port_info 3 /INPUT 1 "reset";
P_0000027d07960c10 .param/l "WIDTH" 0 3 242, +C4<00000000000000000000000000000001>;
L_0000027d07968430 .functor NOT 1, v0000027d07d34f90_0, C4<0>, C4<0>, C4<0>;
L_0000027d079686d0 .functor AND 1, v0000027d07d34450_0, L_0000027d07968430, C4<1>, C4<1>;
v0000027d07d35a30_0 .net *"_ivl_0", 0 0, L_0000027d07968430;  1 drivers
v0000027d07d34130_0 .net "clk", 0 0, v0000027d07d39d70_0;  alias, 1 drivers
v0000027d07d34a90_0 .net "in", 0 0, L_0000027d07d3cb70;  alias, 1 drivers
v0000027d07d349f0_0 .net "out", 0 0, L_0000027d079686d0;  alias, 1 drivers
v0000027d07d34450_0 .var "q1", 0 0;
v0000027d07d34f90_0 .var "q2", 0 0;
v0000027d07d34c70_0 .var "qO", 0 0;
v0000027d07d35710_0 .net "reset", 0 0, v0000027d07d3cad0_0;  alias, 1 drivers
S_0000027d079c6820 .scope module, "syncroequal" "syncro" 3 101, 3 241 0, S_0000027d0791fa90;
 .timescale 0 0;
    .port_info 0 /OUTPUT 1 "out";
    .port_info 1 /INPUT 1 "in";
    .port_info 2 /INPUT 1 "clk";
    .port_info 3 /INPUT 1 "reset";
P_0000027d07960c90 .param/l "WIDTH" 0 3 242, +C4<00000000000000000000000000000001>;
L_0000027d079683c0 .functor NOT 1, v0000027d07d35ad0_0, C4<0>, C4<0>, C4<0>;
L_0000027d07968510 .functor AND 1, v0000027d07d34d10_0, L_0000027d079683c0, C4<1>, C4<1>;
v0000027d07d355d0_0 .net *"_ivl_0", 0 0, L_0000027d079683c0;  1 drivers
v0000027d07d35f30_0 .net "clk", 0 0, v0000027d07d39d70_0;  alias, 1 drivers
v0000027d07d35530_0 .net "in", 0 0, L_0000027d07d3cd50;  alias, 1 drivers
v0000027d07d35350_0 .net "out", 0 0, L_0000027d07968510;  alias, 1 drivers
v0000027d07d34d10_0 .var "q1", 0 0;
v0000027d07d35ad0_0 .var "q2", 0 0;
v0000027d07d35030_0 .var "qO", 0 0;
v0000027d07d357b0_0 .net "reset", 0 0, v0000027d07d3cad0_0;  alias, 1 drivers
S_0000027d079714c0 .scope module, "syncrominus" "syncro" 3 100, 3 241 0, S_0000027d0791fa90;
 .timescale 0 0;
    .port_info 0 /OUTPUT 1 "out";
    .port_info 1 /INPUT 1 "in";
    .port_info 2 /INPUT 1 "clk";
    .port_info 3 /INPUT 1 "reset";
P_0000027d07960cd0 .param/l "WIDTH" 0 3 242, +C4<00000000000000000000000000000001>;
L_0000027d07968740 .functor NOT 1, v0000027d07d34db0_0, C4<0>, C4<0>, C4<0>;
L_0000027d07968f20 .functor AND 1, v0000027d07d34270_0, L_0000027d07968740, C4<1>, C4<1>;
v0000027d07d35850_0 .net *"_ivl_0", 0 0, L_0000027d07968740;  1 drivers
v0000027d07d341d0_0 .net "clk", 0 0, v0000027d07d39d70_0;  alias, 1 drivers
v0000027d07d344f0_0 .net "in", 0 0, L_0000027d07d3ca30;  alias, 1 drivers
v0000027d07d35490_0 .net "out", 0 0, L_0000027d07968f20;  alias, 1 drivers
v0000027d07d34270_0 .var "q1", 0 0;
v0000027d07d34db0_0 .var "q2", 0 0;
v0000027d07d34590_0 .var "qO", 0 0;
v0000027d07d358f0_0 .net "reset", 0 0, v0000027d07d3cad0_0;  alias, 1 drivers
S_0000027d07971650 .scope module, "syncropuls" "syncro" 3 99, 3 241 0, S_0000027d0791fa90;
 .timescale 0 0;
    .port_info 0 /OUTPUT 1 "out";
    .port_info 1 /INPUT 1 "in";
    .port_info 2 /INPUT 1 "clk";
    .port_info 3 /INPUT 1 "reset";
P_0000027d079601d0 .param/l "WIDTH" 0 3 242, +C4<00000000000000000000000000000001>;
L_0000027d07968c80 .functor NOT 1, v0000027d07d35c10_0, C4<0>, C4<0>, C4<0>;
L_0000027d079682e0 .functor AND 1, v0000027d07d35b70_0, L_0000027d07968c80, C4<1>, C4<1>;
v0000027d07d34e50_0 .net *"_ivl_0", 0 0, L_0000027d07968c80;  1 drivers
v0000027d07d34630_0 .net "clk", 0 0, v0000027d07d39d70_0;  alias, 1 drivers
v0000027d07d35cb0_0 .net "in", 0 0, L_0000027d07d3de30;  alias, 1 drivers
v0000027d07d35990_0 .net "out", 0 0, L_0000027d079682e0;  alias, 1 drivers
v0000027d07d35b70_0 .var "q1", 0 0;
v0000027d07d35c10_0 .var "q2", 0 0;
v0000027d07d350d0_0 .var "qO", 0 0;
v0000027d07d35d50_0 .net "reset", 0 0, v0000027d07d3cad0_0;  alias, 1 drivers
S_0000027d079717e0 .scope module, "syncropush" "syncro10" 3 103, 3 267 0, S_0000027d0791fa90;
 .timescale 0 0;
    .port_info 0 /OUTPUT 10 "out";
    .port_info 1 /INPUT 10 "in";
    .port_info 2 /INPUT 1 "clk";
    .port_info 3 /INPUT 1 "reset";
P_0000027d07960990 .param/l "WIDTH" 0 3 268, +C4<00000000000000000000000000001010>;
L_0000027d07968580 .functor NOT 10, v0000027d07d346d0_0, C4<0000000000>, C4<0000000000>, C4<0000000000>;
L_0000027d07968890 .functor AND 10, v0000027d07d35170_0, L_0000027d07968580, C4<1111111111>, C4<1111111111>;
v0000027d07d35df0_0 .net *"_ivl_0", 9 0, L_0000027d07968580;  1 drivers
v0000027d07d34090_0 .net "clk", 0 0, v0000027d07d39d70_0;  alias, 1 drivers
v0000027d07d35e90_0 .net "in", 9 0, L_0000027d07d3c850;  alias, 1 drivers
v0000027d07d34310_0 .net "out", 9 0, L_0000027d07968890;  alias, 1 drivers
v0000027d07d35170_0 .var "q1", 9 0;
v0000027d07d346d0_0 .var "q2", 9 0;
v0000027d07d34ef0_0 .var "qO", 9 0;
v0000027d07d34770_0 .net "reset", 0 0, v0000027d07d3cad0_0;  alias, 1 drivers
    .scope S_0000027d07924270;
T_2 ;
    %wait E_0000027d0795f350;
    %load/vec4 v0000027d07d34950_0;
    %nor/r;
    %flag_set/vec4 8;
    %jmp/0xz  T_2.0, 8;
    %pushi/vec4 0, 0, 7;
    %assign/vec4 v0000027d07d31830_0, 0;
    %pushi/vec4 0, 0, 9;
    %assign/vec4 v0000027d07d30c50_0, 0;
    %pushi/vec4 0, 0, 2;
    %assign/vec4 v0000027d07d304d0_0, 0;
    %pushi/vec4 0, 0, 1;
    %assign/vec4 v0000027d07d31c90_0, 0;
    %pushi/vec4 0, 0, 2;
    %assign/vec4 v0000027d07d35670_0, 0;
    %jmp T_2.1;
T_2.0 ;
    %load/vec4 v0000027d07d35670_0;
    %dup/vec4;
    %pushi/vec4 0, 0, 2;
    %cmp/u;
    %jmp/1 T_2.2, 6;
    %dup/vec4;
    %pushi/vec4 1, 0, 2;
    %cmp/u;
    %jmp/1 T_2.3, 6;
    %dup/vec4;
    %pushi/vec4 2, 0, 2;
    %cmp/u;
    %jmp/1 T_2.4, 6;
    %jmp T_2.5;
T_2.2 ;
    %load/vec4 v0000027d07d310b0_0;
    %pad/u 32;
    %cmpi/ne 0, 0, 32;
    %flag_get/vec4 4;
    %jmp/0 T_2.8, 4;
    %load/vec4 v0000027d07d304d0_0;
    %pad/u 32;
    %cmpi/u 2, 0, 32;
    %flag_get/vec4 5;
    %and;
T_2.8;
    %flag_set/vec4 8;
    %jmp/0xz  T_2.6, 8;
    %load/vec4 v0000027d07d304d0_0;
    %addi 1, 0, 2;
    %assign/vec4 v0000027d07d304d0_0, 0;
    %load/vec4 v0000027d07d31830_0;
    %muli 10, 0, 7;
    %load/vec4 v0000027d07d301b0_0;
    %pad/u 7;
    %add;
    %assign/vec4 v0000027d07d31830_0, 0;
    %jmp T_2.7;
T_2.6 ;
    %load/vec4 v0000027d07d306b0_0;
    %flag_set/vec4 8;
    %jmp/0xz  T_2.9, 8;
    %pushi/vec4 0, 0, 7;
    %assign/vec4 v0000027d07d31830_0, 0;
    %pushi/vec4 0, 0, 2;
    %assign/vec4 v0000027d07d304d0_0, 0;
    %jmp T_2.10;
T_2.9 ;
    %load/vec4 v0000027d07d343b0_0;
    %flag_set/vec4 8;
    %jmp/1 T_2.14, 8;
    %load/vec4 v0000027d07d30bb0_0;
    %flag_set/vec4 9;
    %flag_or 8, 9;
T_2.14;
    %jmp/1 T_2.13, 8;
    %load/vec4 v0000027d07d31dd0_0;
    %flag_set/vec4 9;
    %flag_or 8, 9;
T_2.13;
    %jmp/0xz  T_2.11, 8;
    %load/vec4 v0000027d07d31c90_0;
    %pad/u 32;
    %cmpi/e 0, 0, 32;
    %jmp/0xz  T_2.15, 4;
    %load/vec4 v0000027d07d30c50_0;
    %load/vec4 v0000027d07d31830_0;
    %pad/u 9;
    %add;
    %assign/vec4 v0000027d07d30c50_0, 0;
    %jmp T_2.16;
T_2.15 ;
    %load/vec4 v0000027d07d30c50_0;
    %load/vec4 v0000027d07d31830_0;
    %pad/u 9;
    %sub;
    %assign/vec4 v0000027d07d30c50_0, 0;
T_2.16 ;
    %load/vec4 v0000027d07d343b0_0;
    %flag_set/vec4 8;
    %jmp/0xz  T_2.17, 8;
    %pushi/vec4 0, 0, 1;
    %assign/vec4 v0000027d07d31c90_0, 0;
    %jmp T_2.18;
T_2.17 ;
    %load/vec4 v0000027d07d30bb0_0;
    %flag_set/vec4 8;
    %jmp/0xz  T_2.19, 8;
    %pushi/vec4 1, 0, 1;
    %assign/vec4 v0000027d07d31c90_0, 0;
T_2.19 ;
T_2.18 ;
    %pushi/vec4 1, 0, 2;
    %assign/vec4 v0000027d07d35670_0, 0;
T_2.11 ;
T_2.10 ;
T_2.7 ;
    %jmp T_2.5;
T_2.3 ;
    %load/vec4 v0000027d07d30c50_0;
    %parti/s 1, 8, 5;
    %pad/u 32;
    %cmpi/e 1, 0, 32;
    %flag_get/vec4 4;
    %jmp/0 T_2.24, 4;
    %load/vec4 v0000027d07d30c50_0;
    %pad/u 32;
    %cmpi/u 413, 0, 32;
    %flag_get/vec4 5;
    %and;
T_2.24;
    %flag_set/vec4 8;
    %jmp/1 T_2.23, 8;
    %load/vec4 v0000027d07d30c50_0;
    %parti/s 1, 8, 5;
    %pad/u 32;
    %cmpi/e 0, 0, 32;
    %flag_get/vec4 4;
    %jmp/0 T_2.25, 4;
    %pushi/vec4 99, 0, 32;
    %load/vec4 v0000027d07d30c50_0;
    %pad/u 32;
    %cmp/u;
    %flag_get/vec4 5;
    %and;
T_2.25;
    %flag_set/vec4 9;
    %flag_or 8, 9;
T_2.23;
    %jmp/0xz  T_2.21, 8;
    %pushi/vec4 2, 0, 2;
    %assign/vec4 v0000027d07d35670_0, 0;
    %jmp T_2.22;
T_2.21 ;
    %load/vec4 v0000027d07d310b0_0;
    %cmpi/ne 0, 0, 10;
    %jmp/0xz  T_2.26, 4;
    %load/vec4 v0000027d07d301b0_0;
    %pad/u 7;
    %assign/vec4 v0000027d07d31830_0, 0;
    %pushi/vec4 1, 0, 2;
    %assign/vec4 v0000027d07d304d0_0, 0;
    %pushi/vec4 0, 0, 2;
    %assign/vec4 v0000027d07d35670_0, 0;
T_2.26 ;
T_2.22 ;
    %jmp T_2.5;
T_2.4 ;
    %load/vec4 v0000027d07d306b0_0;
    %flag_set/vec4 8;
    %jmp/0xz  T_2.28, 8;
    %pushi/vec4 0, 0, 7;
    %assign/vec4 v0000027d07d31830_0, 0;
    %pushi/vec4 0, 0, 9;
    %assign/vec4 v0000027d07d30c50_0, 0;
    %pushi/vec4 0, 0, 1;
    %assign/vec4 v0000027d07d31c90_0, 0;
    %pushi/vec4 0, 0, 2;
    %assign/vec4 v0000027d07d304d0_0, 0;
    %pushi/vec4 0, 0, 2;
    %assign/vec4 v0000027d07d35670_0, 0;
T_2.28 ;
    %jmp T_2.5;
T_2.5 ;
    %pop/vec4 1;
T_2.1 ;
    %jmp T_2;
    .thread T_2;
    .scope S_0000027d07902f00;
T_3 ;
    %wait E_0000027d0795ee50;
    %load/vec4 v0000027d07d31150_0;
    %dup/vec4;
    %pushi/vec4 0, 0, 4;
    %cmp/u;
    %jmp/1 T_3.0, 6;
    %dup/vec4;
    %pushi/vec4 1, 0, 4;
    %cmp/u;
    %jmp/1 T_3.1, 6;
    %dup/vec4;
    %pushi/vec4 2, 0, 4;
    %cmp/u;
    %jmp/1 T_3.2, 6;
    %dup/vec4;
    %pushi/vec4 3, 0, 4;
    %cmp/u;
    %jmp/1 T_3.3, 6;
    %dup/vec4;
    %pushi/vec4 4, 0, 4;
    %cmp/u;
    %jmp/1 T_3.4, 6;
    %dup/vec4;
    %pushi/vec4 5, 0, 4;
    %cmp/u;
    %jmp/1 T_3.5, 6;
    %dup/vec4;
    %pushi/vec4 6, 0, 4;
    %cmp/u;
    %jmp/1 T_3.6, 6;
    %dup/vec4;
    %pushi/vec4 7, 0, 4;
    %cmp/u;
    %jmp/1 T_3.7, 6;
    %dup/vec4;
    %pushi/vec4 8, 0, 4;
    %cmp/u;
    %jmp/1 T_3.8, 6;
    %dup/vec4;
    %pushi/vec4 9, 0, 4;
    %cmp/u;
    %jmp/1 T_3.9, 6;
    %pushi/vec4 255, 255, 8;
    %store/vec4 v0000027d07d30d90_0, 0, 8;
    %jmp T_3.11;
T_3.0 ;
    %pushi/vec4 252, 0, 8;
    %store/vec4 v0000027d07d30d90_0, 0, 8;
    %jmp T_3.11;
T_3.1 ;
    %pushi/vec4 96, 0, 8;
    %store/vec4 v0000027d07d30d90_0, 0, 8;
    %jmp T_3.11;
T_3.2 ;
    %pushi/vec4 218, 0, 8;
    %store/vec4 v0000027d07d30d90_0, 0, 8;
    %jmp T_3.11;
T_3.3 ;
    %pushi/vec4 242, 0, 8;
    %store/vec4 v0000027d07d30d90_0, 0, 8;
    %jmp T_3.11;
T_3.4 ;
    %pushi/vec4 102, 0, 8;
    %store/vec4 v0000027d07d30d90_0, 0, 8;
    %jmp T_3.11;
T_3.5 ;
    %pushi/vec4 182, 0, 8;
    %store/vec4 v0000027d07d30d90_0, 0, 8;
    %jmp T_3.11;
T_3.6 ;
    %pushi/vec4 190, 0, 8;
    %store/vec4 v0000027d07d30d90_0, 0, 8;
    %jmp T_3.11;
T_3.7 ;
    %pushi/vec4 224, 0, 8;
    %store/vec4 v0000027d07d30d90_0, 0, 8;
    %jmp T_3.11;
T_3.8 ;
    %pushi/vec4 254, 0, 8;
    %store/vec4 v0000027d07d30d90_0, 0, 8;
    %jmp T_3.11;
T_3.9 ;
    %pushi/vec4 246, 0, 8;
    %store/vec4 v0000027d07d30d90_0, 0, 8;
    %jmp T_3.11;
T_3.11 ;
    %pop/vec4 1;
    %jmp T_3;
    .thread T_3, $push;
    .scope S_0000027d07903090;
T_4 ;
    %wait E_0000027d0795f190;
    %load/vec4 v0000027d07d31010_0;
    %dup/vec4;
    %pushi/vec4 0, 0, 4;
    %cmp/u;
    %jmp/1 T_4.0, 6;
    %dup/vec4;
    %pushi/vec4 1, 0, 4;
    %cmp/u;
    %jmp/1 T_4.1, 6;
    %dup/vec4;
    %pushi/vec4 2, 0, 4;
    %cmp/u;
    %jmp/1 T_4.2, 6;
    %dup/vec4;
    %pushi/vec4 3, 0, 4;
    %cmp/u;
    %jmp/1 T_4.3, 6;
    %dup/vec4;
    %pushi/vec4 4, 0, 4;
    %cmp/u;
    %jmp/1 T_4.4, 6;
    %dup/vec4;
    %pushi/vec4 5, 0, 4;
    %cmp/u;
    %jmp/1 T_4.5, 6;
    %dup/vec4;
    %pushi/vec4 6, 0, 4;
    %cmp/u;
    %jmp/1 T_4.6, 6;
    %dup/vec4;
    %pushi/vec4 7, 0, 4;
    %cmp/u;
    %jmp/1 T_4.7, 6;
    %dup/vec4;
    %pushi/vec4 8, 0, 4;
    %cmp/u;
    %jmp/1 T_4.8, 6;
    %dup/vec4;
    %pushi/vec4 9, 0, 4;
    %cmp/u;
    %jmp/1 T_4.9, 6;
    %pushi/vec4 255, 255, 8;
    %store/vec4 v0000027d07d31470_0, 0, 8;
    %jmp T_4.11;
T_4.0 ;
    %pushi/vec4 252, 0, 8;
    %store/vec4 v0000027d07d31470_0, 0, 8;
    %jmp T_4.11;
T_4.1 ;
    %pushi/vec4 96, 0, 8;
    %store/vec4 v0000027d07d31470_0, 0, 8;
    %jmp T_4.11;
T_4.2 ;
    %pushi/vec4 218, 0, 8;
    %store/vec4 v0000027d07d31470_0, 0, 8;
    %jmp T_4.11;
T_4.3 ;
    %pushi/vec4 242, 0, 8;
    %store/vec4 v0000027d07d31470_0, 0, 8;
    %jmp T_4.11;
T_4.4 ;
    %pushi/vec4 102, 0, 8;
    %store/vec4 v0000027d07d31470_0, 0, 8;
    %jmp T_4.11;
T_4.5 ;
    %pushi/vec4 182, 0, 8;
    %store/vec4 v0000027d07d31470_0, 0, 8;
    %jmp T_4.11;
T_4.6 ;
    %pushi/vec4 190, 0, 8;
    %store/vec4 v0000027d07d31470_0, 0, 8;
    %jmp T_4.11;
T_4.7 ;
    %pushi/vec4 224, 0, 8;
    %store/vec4 v0000027d07d31470_0, 0, 8;
    %jmp T_4.11;
T_4.8 ;
    %pushi/vec4 254, 0, 8;
    %store/vec4 v0000027d07d31470_0, 0, 8;
    %jmp T_4.11;
T_4.9 ;
    %pushi/vec4 246, 0, 8;
    %store/vec4 v0000027d07d31470_0, 0, 8;
    %jmp T_4.11;
T_4.11 ;
    %pop/vec4 1;
    %jmp T_4;
    .thread T_4, $push;
    .scope S_0000027d079c6690;
T_5 ;
    %wait E_0000027d0795f350;
    %load/vec4 v0000027d07d35710_0;
    %nor/r;
    %flag_set/vec4 8;
    %jmp/0xz  T_5.0, 8;
    %pushi/vec4 0, 0, 1;
    %assign/vec4 v0000027d07d34c70_0, 0;
    %pushi/vec4 0, 0, 1;
    %assign/vec4 v0000027d07d34450_0, 0;
    %pushi/vec4 0, 0, 1;
    %assign/vec4 v0000027d07d34f90_0, 0;
    %jmp T_5.1;
T_5.0 ;
    %load/vec4 v0000027d07d34a90_0;
    %inv;
    %assign/vec4 v0000027d07d34c70_0, 0;
    %load/vec4 v0000027d07d34c70_0;
    %assign/vec4 v0000027d07d34450_0, 0;
    %load/vec4 v0000027d07d34450_0;
    %assign/vec4 v0000027d07d34f90_0, 0;
T_5.1 ;
    %jmp T_5;
    .thread T_5;
    .scope S_0000027d07971650;
T_6 ;
    %wait E_0000027d0795f350;
    %load/vec4 v0000027d07d35d50_0;
    %nor/r;
    %flag_set/vec4 8;
    %jmp/0xz  T_6.0, 8;
    %pushi/vec4 0, 0, 1;
    %assign/vec4 v0000027d07d350d0_0, 0;
    %pushi/vec4 0, 0, 1;
    %assign/vec4 v0000027d07d35b70_0, 0;
    %pushi/vec4 0, 0, 1;
    %assign/vec4 v0000027d07d35c10_0, 0;
    %jmp T_6.1;
T_6.0 ;
    %load/vec4 v0000027d07d35cb0_0;
    %inv;
    %assign/vec4 v0000027d07d350d0_0, 0;
    %load/vec4 v0000027d07d350d0_0;
    %assign/vec4 v0000027d07d35b70_0, 0;
    %load/vec4 v0000027d07d35b70_0;
    %assign/vec4 v0000027d07d35c10_0, 0;
T_6.1 ;
    %jmp T_6;
    .thread T_6;
    .scope S_0000027d079714c0;
T_7 ;
    %wait E_0000027d0795f350;
    %load/vec4 v0000027d07d358f0_0;
    %nor/r;
    %flag_set/vec4 8;
    %jmp/0xz  T_7.0, 8;
    %pushi/vec4 0, 0, 1;
    %assign/vec4 v0000027d07d34590_0, 0;
    %pushi/vec4 0, 0, 1;
    %assign/vec4 v0000027d07d34270_0, 0;
    %pushi/vec4 0, 0, 1;
    %assign/vec4 v0000027d07d34db0_0, 0;
    %jmp T_7.1;
T_7.0 ;
    %load/vec4 v0000027d07d344f0_0;
    %inv;
    %assign/vec4 v0000027d07d34590_0, 0;
    %load/vec4 v0000027d07d34590_0;
    %assign/vec4 v0000027d07d34270_0, 0;
    %load/vec4 v0000027d07d34270_0;
    %assign/vec4 v0000027d07d34db0_0, 0;
T_7.1 ;
    %jmp T_7;
    .thread T_7;
    .scope S_0000027d079c6820;
T_8 ;
    %wait E_0000027d0795f350;
    %load/vec4 v0000027d07d357b0_0;
    %nor/r;
    %flag_set/vec4 8;
    %jmp/0xz  T_8.0, 8;
    %pushi/vec4 0, 0, 1;
    %assign/vec4 v0000027d07d35030_0, 0;
    %pushi/vec4 0, 0, 1;
    %assign/vec4 v0000027d07d34d10_0, 0;
    %pushi/vec4 0, 0, 1;
    %assign/vec4 v0000027d07d35ad0_0, 0;
    %jmp T_8.1;
T_8.0 ;
    %load/vec4 v0000027d07d35530_0;
    %inv;
    %assign/vec4 v0000027d07d35030_0, 0;
    %load/vec4 v0000027d07d35030_0;
    %assign/vec4 v0000027d07d34d10_0, 0;
    %load/vec4 v0000027d07d34d10_0;
    %assign/vec4 v0000027d07d35ad0_0, 0;
T_8.1 ;
    %jmp T_8;
    .thread T_8;
    .scope S_0000027d079717e0;
T_9 ;
    %wait E_0000027d0795f350;
    %load/vec4 v0000027d07d34770_0;
    %nor/r;
    %flag_set/vec4 8;
    %jmp/0xz  T_9.0, 8;
    %pushi/vec4 0, 0, 10;
    %assign/vec4 v0000027d07d34ef0_0, 0;
    %pushi/vec4 0, 0, 10;
    %assign/vec4 v0000027d07d35170_0, 0;
    %pushi/vec4 0, 0, 10;
    %assign/vec4 v0000027d07d346d0_0, 0;
    %jmp T_9.1;
T_9.0 ;
    %load/vec4 v0000027d07d35e90_0;
    %inv;
    %assign/vec4 v0000027d07d34ef0_0, 0;
    %load/vec4 v0000027d07d34ef0_0;
    %assign/vec4 v0000027d07d35170_0, 0;
    %load/vec4 v0000027d07d35170_0;
    %assign/vec4 v0000027d07d346d0_0, 0;
T_9.1 ;
    %jmp T_9;
    .thread T_9;
    .scope S_0000027d0792ef30;
T_10 ;
    %pushi/vec4 0, 0, 1;
    %store/vec4 v0000027d07d39d70_0, 0, 1;
    %end;
    .thread T_10;
    .scope S_0000027d0792ef30;
T_11 ;
    %delay 500, 0;
    %load/vec4 v0000027d07d39d70_0;
    %inv;
    %store/vec4 v0000027d07d39d70_0, 0, 1;
    %jmp T_11;
    .thread T_11;
    .scope S_0000027d0792ef30;
T_12 ;
    %vpi_call 2 25 "$monitor", "REGA=%b, REGB=%b, SEGF=%b, SEGG=%b, SEGH=%b,ledA=%b", v0000027d07d397d0_0, v0000027d07d38470_0, v0000027d07d3c5d0_0, v0000027d07d3d430_0, v0000027d07d3cc10_0, v0000027d07d385b0_0 {0 0 0};
    %pushi/vec4 1, 0, 1;
    %assign/vec4 v0000027d07d3cad0_0, 0;
    %pushi/vec4 31, 0, 5;
    %assign/vec4 v0000027d07d38b50_0, 0;
    %pushi/vec4 31, 0, 5;
    %assign/vec4 v0000027d07d39190_0, 0;
    %pushi/vec4 31, 0, 5;
    %assign/vec4 v0000027d07d3d1b0_0, 0;
    %pushi/vec4 31, 0, 5;
    %assign/vec4 v0000027d07d3d610_0, 0;
    %pushi/vec4 255, 0, 8;
    %assign/vec4 v0000027d07d38830_0, 0;
    %pushi/vec4 255, 0, 8;
    %assign/vec4 v0000027d07d39e10_0, 0;
    %pushi/vec4 15, 0, 4;
    %assign/vec4 v0000027d07d38f10_0, 0;
    %pushi/vec4 15, 0, 4;
    %assign/vec4 v0000027d07d383d0_0, 0;
    %delay 1000, 0;
    %pushi/vec4 0, 0, 1;
    %assign/vec4 v0000027d07d3cad0_0, 0;
    %delay 1000, 0;
    %pushi/vec4 1, 0, 1;
    %assign/vec4 v0000027d07d3cad0_0, 0;
    %delay 1000, 0;
    %pushi/vec4 0, 0, 1;
    %ix/load 4, 0, 0;
    %ix/load 5, 0, 0;
    %flag_set/imm 4, 0;
    %assign/vec4/off/d v0000027d07d3d1b0_0, 4, 5;
    %delay 1000, 0;
    %pushi/vec4 1, 0, 1;
    %ix/load 4, 0, 0;
    %ix/load 5, 0, 0;
    %flag_set/imm 4, 0;
    %assign/vec4/off/d v0000027d07d3d1b0_0, 4, 5;
    %delay 1000, 0;
    %pushi/vec4 0, 0, 1;
    %ix/load 4, 3, 0;
    %ix/load 5, 0, 0;
    %flag_set/imm 4, 0;
    %assign/vec4/off/d v0000027d07d3d610_0, 4, 5;
    %delay 1000, 0;
    %pushi/vec4 1, 0, 1;
    %ix/load 4, 3, 0;
    %ix/load 5, 0, 0;
    %flag_set/imm 4, 0;
    %assign/vec4/off/d v0000027d07d3d610_0, 4, 5;
    %delay 1000, 0;
    %pushi/vec4 0, 0, 1;
    %ix/load 4, 1, 0;
    %ix/load 5, 0, 0;
    %flag_set/imm 4, 0;
    %assign/vec4/off/d v0000027d07d39190_0, 4, 5;
    %delay 1000, 0;
    %pushi/vec4 1, 0, 1;
    %ix/load 4, 1, 0;
    %ix/load 5, 0, 0;
    %flag_set/imm 4, 0;
    %assign/vec4/off/d v0000027d07d39190_0, 4, 5;
    %delay 1000, 0;
    %pushi/vec4 0, 0, 1;
    %ix/load 4, 3, 0;
    %ix/load 5, 0, 0;
    %flag_set/imm 4, 0;
    %assign/vec4/off/d v0000027d07d3d1b0_0, 4, 5;
    %delay 1000, 0;
    %pushi/vec4 1, 0, 1;
    %ix/load 4, 3, 0;
    %ix/load 5, 0, 0;
    %flag_set/imm 4, 0;
    %assign/vec4/off/d v0000027d07d3d1b0_0, 4, 5;
    %delay 1000, 0;
    %pushi/vec4 0, 0, 1;
    %ix/load 4, 2, 0;
    %ix/load 5, 0, 0;
    %flag_set/imm 4, 0;
    %assign/vec4/off/d v0000027d07d38b50_0, 4, 5;
    %delay 1000, 0;
    %pushi/vec4 1, 0, 1;
    %ix/load 4, 2, 0;
    %ix/load 5, 0, 0;
    %flag_set/imm 4, 0;
    %assign/vec4/off/d v0000027d07d38b50_0, 4, 5;
    %delay 1000, 0;
    %pushi/vec4 0, 0, 1;
    %ix/load 4, 4, 0;
    %ix/load 5, 0, 0;
    %flag_set/imm 4, 0;
    %assign/vec4/off/d v0000027d07d3d610_0, 4, 5;
    %delay 1000, 0;
    %pushi/vec4 1, 0, 1;
    %ix/load 4, 4, 0;
    %ix/load 5, 0, 0;
    %flag_set/imm 4, 0;
    %assign/vec4/off/d v0000027d07d3d610_0, 4, 5;
    %delay 10000, 0;
    %vpi_call 2 72 "$finish" {0 0 0};
    %end;
    .thread T_12;
# The file index is used to find the file name in the following table.
:file_names 4;
    "N/A";
    "<interactive>";
    "./t_AP600.v";
    "./a.v";
