#! /c/Source/iverilog-install/bin/vvp
:ivl_version "12.0 (devel)" "(s20150603-1539-g2693dd32b)";
:ivl_delay_selection "TYPICAL";
:vpi_time_precision - 11;
:vpi_module "C:\iverilog\lib\ivl\system.vpi";
:vpi_module "C:\iverilog\lib\ivl\vhdl_sys.vpi";
:vpi_module "C:\iverilog\lib\ivl\vhdl_textio.vpi";
:vpi_module "C:\iverilog\lib\ivl\v2005_math.vpi";
:vpi_module "C:\iverilog\lib\ivl\va_math.vpi";
S_000001d8131ec650 .scope module, "t_AP600" "t_AP600" 2 8;
 .timescale -9 -11;
v000001d81360fac0_0 .net "buzzer", 0 0, L_000001d813256ff0;  1 drivers
v000001d813610f60_0 .var "clk", 0 0;
v000001d813610c40_0 .var "dipA", 7 0;
v000001d81360fb60_0 .var "dipB", 7 0;
v000001d813610060_0 .var "hexA", 3 0;
v000001d813610d80_0 .var "hexB", 3 0;
v000001d813610240_0 .net "ledA", 7 0, L_000001d813612ef0;  1 drivers
v000001d813610a60_0 .net "ledB", 7 0, L_000001d8136112d0;  1 drivers
v000001d813610100_0 .net "ledC", 7 0, L_000001d813611910;  1 drivers
v000001d81360fc00_0 .net "ledD", 7 0, L_000001d8136119b0;  1 drivers
v000001d813610380_0 .var "pswA", 4 0;
v000001d81360ffc0_0 .var "pswB", 4 0;
v000001d8136102e0_0 .var "pswC", 4 0;
v000001d813610920_0 .var "pswD", 4 0;
v000001d813610420_0 .var "reset", 0 0;
L_000001d813617148 .functor BUFT 1, C4<00000000>, C4<0>, C4<0>, C4<0>;
v000001d813610ce0_0 .net "segA", 7 0, L_000001d813617148;  1 drivers
L_000001d813617190 .functor BUFT 1, C4<00000000>, C4<0>, C4<0>, C4<0>;
v000001d8136104c0_0 .net "segB", 7 0, L_000001d813617190;  1 drivers
L_000001d8136171d8 .functor BUFT 1, C4<00000000>, C4<0>, C4<0>, C4<0>;
v000001d813610560_0 .net "segC", 7 0, L_000001d8136171d8;  1 drivers
L_000001d813617220 .functor BUFT 1, C4<00000000>, C4<0>, C4<0>, C4<0>;
v000001d8136109c0_0 .net "segD", 7 0, L_000001d813617220;  1 drivers
v000001d813610b00_0 .net "segE", 7 0, L_000001d8136110f0;  1 drivers
v000001d813610e20_0 .net "segF", 7 0, L_000001d8132568f0;  1 drivers
v000001d813613210_0 .net "segG", 7 0, L_000001d813256dc0;  1 drivers
v000001d813611690_0 .net "segH", 7 0, L_000001d813256960;  1 drivers
S_000001d8131ec7e0 .scope module, "AP600" "AP600" 2 98, 3 14 0, S_000001d8131ec650;
 .timescale 0 0;
    .port_info 0 /INPUT 1 "clk";
    .port_info 1 /INPUT 1 "reset";
    .port_info 2 /INPUT 5 "pswA";
    .port_info 3 /INPUT 5 "pswB";
    .port_info 4 /INPUT 5 "pswC";
    .port_info 5 /INPUT 5 "pswD";
    .port_info 6 /INPUT 8 "dipA";
    .port_info 7 /INPUT 8 "dipB";
    .port_info 8 /INPUT 4 "hexA";
    .port_info 9 /INPUT 4 "hexB";
    .port_info 10 /OUTPUT 1 "buzzer";
    .port_info 11 /OUTPUT 8 "ledA";
    .port_info 12 /OUTPUT 8 "ledB";
    .port_info 13 /OUTPUT 8 "ledC";
    .port_info 14 /OUTPUT 8 "ledD";
    .port_info 15 /OUTPUT 8 "segA";
    .port_info 16 /OUTPUT 8 "segB";
    .port_info 17 /OUTPUT 8 "segC";
    .port_info 18 /OUTPUT 8 "segD";
    .port_info 19 /OUTPUT 8 "segE";
    .port_info 20 /OUTPUT 8 "segF";
    .port_info 21 /OUTPUT 8 "segG";
    .port_info 22 /OUTPUT 8 "segH";
L_000001d813256ff0 .functor BUFZ 1, L_000001d813611550, C4<0>, C4<0>, C4<0>;
L_000001d8132568f0 .functor BUFZ 8, v000001d813603390_0, C4<00000000>, C4<00000000>, C4<00000000>;
L_000001d813256dc0 .functor BUFZ 8, v000001d813604010_0, C4<00000000>, C4<00000000>, C4<00000000>;
L_000001d813256960 .functor BUFZ 8, v000001d8136031b0_0, C4<00000000>, C4<00000000>, C4<00000000>;
v000001d81360ca60_0 .net *"_ivl_100", 0 0, L_000001d813613710;  1 drivers
v000001d81360cc40_0 .net *"_ivl_102", 0 0, L_000001d8136133f0;  1 drivers
v000001d81360d360_0 .net *"_ivl_106", 0 0, L_000001d813611370;  1 drivers
v000001d81360e3a0_0 .net *"_ivl_108", 0 0, L_000001d813611b90;  1 drivers
v000001d81360db80_0 .net *"_ivl_11", 0 0, L_000001d813613030;  1 drivers
v000001d81360d680_0 .net *"_ivl_110", 0 0, L_000001d813612f90;  1 drivers
v000001d81360ed00_0 .net *"_ivl_112", 0 0, L_000001d813612bd0;  1 drivers
v000001d81360e9e0_0 .net *"_ivl_114", 0 0, L_000001d8136115f0;  1 drivers
v000001d81360eda0_0 .net *"_ivl_116", 0 0, L_000001d813612950;  1 drivers
v000001d81360ebc0_0 .net *"_ivl_118", 0 0, L_000001d8136137b0;  1 drivers
v000001d81360f340_0 .net *"_ivl_120", 0 0, L_000001d813611cd0;  1 drivers
L_000001d813617268 .functor BUFT 1, C4<000000>, C4<0>, C4<0>, C4<0>;
v000001d81360e440_0 .net/2u *"_ivl_131", 5 0, L_000001d813617268;  1 drivers
L_000001d8136172b0 .functor BUFT 1, C4<0>, C4<0>, C4<0>, C4<0>;
v000001d81360ec60_0 .net/2u *"_ivl_133", 0 0, L_000001d8136172b0;  1 drivers
v000001d81360dcc0_0 .net *"_ivl_15", 0 0, L_000001d8136117d0;  1 drivers
v000001d81360e800_0 .net *"_ivl_19", 0 0, L_000001d813612b30;  1 drivers
v000001d81360e4e0_0 .net *"_ivl_23", 0 0, L_000001d813612db0;  1 drivers
v000001d81360dc20_0 .net *"_ivl_27", 0 0, L_000001d813611eb0;  1 drivers
v000001d81360d720_0 .net *"_ivl_3", 0 0, L_000001d8136123b0;  1 drivers
v000001d81360ee40_0 .net *"_ivl_31", 0 0, L_000001d8136129f0;  1 drivers
v000001d81360ea80_0 .net *"_ivl_35", 0 0, L_000001d8136114b0;  1 drivers
v000001d81360eee0_0 .net *"_ivl_40", 0 0, L_000001d813611a50;  1 drivers
L_000001d8136170b8 .functor BUFT 1, C4<0>, C4<0>, C4<0>, C4<0>;
v000001d81360d7c0_0 .net/2u *"_ivl_61", 0 0, L_000001d8136170b8;  1 drivers
v000001d81360f3e0_0 .net *"_ivl_64", 0 0, L_000001d813612090;  1 drivers
v000001d81360f020_0 .net *"_ivl_66", 0 0, L_000001d813612770;  1 drivers
v000001d81360d400_0 .net *"_ivl_68", 0 0, L_000001d813613530;  1 drivers
v000001d81360f480_0 .net *"_ivl_7", 0 0, L_000001d813612810;  1 drivers
v000001d81360f700_0 .net *"_ivl_70", 0 0, L_000001d813613850;  1 drivers
v000001d81360f520_0 .net *"_ivl_71", 8 0, L_000001d813612130;  1 drivers
v000001d81360ef80_0 .net *"_ivl_76", 0 0, L_000001d8136132b0;  1 drivers
v000001d81360d5e0_0 .net *"_ivl_78", 0 0, L_000001d813613170;  1 drivers
v000001d81360f2a0_0 .net *"_ivl_80", 0 0, L_000001d8136126d0;  1 drivers
v000001d81360dea0_0 .net *"_ivl_82", 0 0, L_000001d813611190;  1 drivers
L_000001d813617100 .functor BUFT 1, C4<0000>, C4<0>, C4<0>, C4<0>;
v000001d81360f0c0_0 .net/2u *"_ivl_83", 3 0, L_000001d813617100;  1 drivers
v000001d81360d860_0 .net *"_ivl_88", 0 0, L_000001d813612a90;  1 drivers
v000001d81360e580_0 .net *"_ivl_90", 0 0, L_000001d813611e10;  1 drivers
v000001d81360f5c0_0 .net *"_ivl_92", 0 0, L_000001d813611af0;  1 drivers
v000001d81360d900_0 .net *"_ivl_94", 0 0, L_000001d813611f50;  1 drivers
v000001d81360e260_0 .net *"_ivl_96", 0 0, L_000001d8136128b0;  1 drivers
v000001d81360e620_0 .net *"_ivl_98", 0 0, L_000001d813613350;  1 drivers
v000001d81360dd60_0 .net "ac", 0 0, L_000001d813611730;  1 drivers
v000001d81360e6c0_0 .net "buzzer", 0 0, L_000001d813256ff0;  alias, 1 drivers
v000001d81360d4a0_0 .net "ce", 0 0, L_000001d813612e50;  1 drivers
v000001d81360e8a0_0 .net "clk", 0 0, v000001d813610f60_0;  1 drivers
v000001d81360dfe0_0 .net "count", 1 0, v000001d813606ac0_0;  1 drivers
v000001d81360f160_0 .net "dipA", 7 0, v000001d813610c40_0;  1 drivers
v000001d81360d9a0_0 .net "dipB", 7 0, v000001d81360fb60_0;  1 drivers
v000001d81360de00_0 .net "div", 0 0, L_000001d813612630;  1 drivers
v000001d81360e940_0 .net "equal", 0 0, L_000001d8136130d0;  1 drivers
v000001d81360f200_0 .net "hexA", 3 0, v000001d813610060_0;  1 drivers
v000001d81360f840_0 .net "hexB", 3 0, v000001d813610d80_0;  1 drivers
v000001d81360f660_0 .net "ledA", 7 0, L_000001d813612ef0;  alias, 1 drivers
v000001d81360e760_0 .net "ledB", 7 0, L_000001d8136112d0;  alias, 1 drivers
v000001d81360d540_0 .net "ledC", 7 0, L_000001d813611910;  alias, 1 drivers
v000001d81360f7a0_0 .net "ledD", 7 0, L_000001d8136119b0;  alias, 1 drivers
v000001d81360eb20_0 .net "ledh", 7 0, v000001d813603390_0;  1 drivers
v000001d81360e120_0 .net "ledl", 7 0, v000001d8136031b0_0;  1 drivers
v000001d81360d0e0_0 .net "ledm", 7 0, v000001d813604010_0;  1 drivers
v000001d81360e1c0_0 .net "log", 0 0, L_000001d813613490;  1 drivers
v000001d81360d180_0 .net "minus", 0 0, L_000001d8136135d0;  1 drivers
v000001d81360da40_0 .net "mul", 0 0, L_000001d813612d10;  1 drivers
v000001d81360dae0_0 .net "operator_choose", 2 0, v000001d813605e40_0;  1 drivers
v000001d81360d220_0 .net "overflow", 0 0, L_000001d813611550;  1 drivers
v000001d81360d2c0_0 .net "plus", 0 0, L_000001d813612450;  1 drivers
v000001d81360df40_0 .net "power", 0 0, L_000001d813612590;  1 drivers
v000001d81360e080_0 .net "pswA", 4 0, v000001d813610380_0;  1 drivers
v000001d81360e300_0 .net "pswB", 4 0, v000001d81360ffc0_0;  1 drivers
v000001d81360fca0_0 .net "pswC", 4 0, v000001d8136102e0_0;  1 drivers
v000001d813610600_0 .net "pswD", 4 0, v000001d813610920_0;  1 drivers
v000001d81360f8e0_0 .net "push", 9 0, L_000001d813613670;  1 drivers
v000001d8136106a0_0 .net "rega", 9 0, v000001d813604d30_0;  1 drivers
v000001d81360f980_0 .net "regb", 20 0, v000001d8136046f0_0;  1 drivers
v000001d8136101a0_0 .net "reset", 0 0, v000001d813610420_0;  1 drivers
v000001d813610740_0 .net "segA", 7 0, L_000001d813617148;  alias, 1 drivers
v000001d813610ec0_0 .net "segB", 7 0, L_000001d813617190;  alias, 1 drivers
v000001d81360fd40_0 .net "segC", 7 0, L_000001d8136171d8;  alias, 1 drivers
v000001d81360fde0_0 .net "segD", 7 0, L_000001d813617220;  alias, 1 drivers
v000001d8136107e0_0 .net "segE", 7 0, L_000001d8136110f0;  alias, 1 drivers
v000001d81360fe80_0 .net "segF", 7 0, L_000001d8132568f0;  alias, 1 drivers
v000001d813610ba0_0 .net "segG", 7 0, L_000001d813256dc0;  alias, 1 drivers
v000001d81360fa20_0 .net "segH", 7 0, L_000001d813256960;  alias, 1 drivers
v000001d81360ff20_0 .net "sign", 0 0, L_000001d8136124f0;  1 drivers
v000001d813610880_0 .net "state", 1 0, v000001d813606520_0;  1 drivers
L_000001d8136123b0 .part v000001d813610920_0, 0, 1;
L_000001d813612810 .part v000001d8136102e0_0, 0, 1;
L_000001d813613030 .part v000001d8136102e0_0, 1, 1;
L_000001d8136117d0 .part v000001d8136102e0_0, 2, 1;
L_000001d813612b30 .part v000001d81360ffc0_0, 0, 1;
L_000001d813612db0 .part v000001d81360ffc0_0, 1, 1;
L_000001d813611eb0 .part v000001d81360ffc0_0, 2, 1;
L_000001d8136129f0 .part v000001d813610380_0, 0, 1;
L_000001d8136114b0 .part v000001d813610380_0, 1, 1;
LS_000001d813613670_0_0 .concat8 [ 1 1 1 1], L_000001d8136123b0, L_000001d813612810, L_000001d813613030, L_000001d8136117d0;
LS_000001d813613670_0_4 .concat8 [ 1 1 1 1], L_000001d813612b30, L_000001d813612db0, L_000001d813611eb0, L_000001d8136129f0;
LS_000001d813613670_0_8 .concat8 [ 1 1 0 0], L_000001d8136114b0, L_000001d813611a50;
L_000001d813613670 .concat8 [ 4 4 2 0], LS_000001d813613670_0_0, LS_000001d813613670_0_4, LS_000001d813613670_0_8;
L_000001d813611a50 .part v000001d813610380_0, 2, 1;
L_000001d813612450 .part v000001d813610920_0, 3, 1;
L_000001d8136135d0 .part v000001d8136102e0_0, 3, 1;
L_000001d813612590 .part v000001d8136102e0_0, 4, 1;
L_000001d813612d10 .part v000001d81360ffc0_0, 3, 1;
L_000001d813612630 .part v000001d813610380_0, 3, 1;
L_000001d813612e50 .part v000001d813610380_0, 4, 1;
L_000001d813611730 .part v000001d81360ffc0_0, 4, 1;
L_000001d8136130d0 .part v000001d813610920_0, 4, 1;
L_000001d813613490 .part v000001d813610920_0, 1, 1;
L_000001d813612090 .part v000001d813606ac0_0, 0, 1;
L_000001d813612770 .part v000001d813606ac0_0, 1, 1;
L_000001d813613530 .part v000001d813606520_0, 0, 1;
L_000001d813613850 .part v000001d813606520_0, 1, 1;
LS_000001d813612130_0_0 .concat [ 1 1 3 1], L_000001d813613850, L_000001d813613530, v000001d813605e40_0, L_000001d813612770;
LS_000001d813612130_0_4 .concat [ 1 1 1 0], L_000001d813612090, L_000001d8136170b8, L_000001d813611550;
L_000001d813612130 .concat [ 6 3 0 0], LS_000001d813612130_0_0, LS_000001d813612130_0_4;
L_000001d813612ef0 .part L_000001d813612130, 0, 8;
L_000001d8136132b0 .part v000001d8136046f0_0, 8, 1;
L_000001d813613170 .part v000001d8136046f0_0, 9, 1;
L_000001d8136126d0 .part v000001d8136046f0_0, 10, 1;
L_000001d813611190 .part v000001d8136046f0_0, 11, 1;
LS_000001d8136112d0_0_0 .concat [ 4 1 1 1], L_000001d813617100, L_000001d813611190, L_000001d8136126d0, L_000001d813613170;
LS_000001d8136112d0_0_4 .concat [ 1 0 0 0], L_000001d8136132b0;
L_000001d8136112d0 .concat [ 7 1 0 0], LS_000001d8136112d0_0_0, LS_000001d8136112d0_0_4;
L_000001d813612a90 .part v000001d8136046f0_0, 0, 1;
L_000001d813611e10 .part v000001d8136046f0_0, 1, 1;
L_000001d813611af0 .part v000001d8136046f0_0, 2, 1;
L_000001d813611f50 .part v000001d8136046f0_0, 3, 1;
L_000001d8136128b0 .part v000001d8136046f0_0, 4, 1;
L_000001d813613350 .part v000001d8136046f0_0, 5, 1;
L_000001d813613710 .part v000001d8136046f0_0, 6, 1;
L_000001d8136133f0 .part v000001d8136046f0_0, 7, 1;
LS_000001d813611910_0_0 .concat [ 1 1 1 1], L_000001d8136133f0, L_000001d813613710, L_000001d813613350, L_000001d8136128b0;
LS_000001d813611910_0_4 .concat [ 1 1 1 1], L_000001d813611f50, L_000001d813611af0, L_000001d813611e10, L_000001d813612a90;
L_000001d813611910 .concat [ 4 4 0 0], LS_000001d813611910_0_0, LS_000001d813611910_0_4;
L_000001d813611370 .part v000001d813604d30_0, 0, 1;
L_000001d813611b90 .part v000001d813604d30_0, 1, 1;
L_000001d813612f90 .part v000001d813604d30_0, 2, 1;
L_000001d813612bd0 .part v000001d813604d30_0, 3, 1;
L_000001d8136115f0 .part v000001d813604d30_0, 4, 1;
L_000001d813612950 .part v000001d813604d30_0, 5, 1;
L_000001d8136137b0 .part v000001d813604d30_0, 6, 1;
L_000001d813611cd0 .part v000001d813604d30_0, 7, 1;
LS_000001d8136119b0_0_0 .concat [ 1 1 1 1], L_000001d813611cd0, L_000001d8136137b0, L_000001d813612950, L_000001d8136115f0;
LS_000001d8136119b0_0_4 .concat [ 1 1 1 1], L_000001d813612bd0, L_000001d813612f90, L_000001d813611b90, L_000001d813611370;
L_000001d8136119b0 .concat [ 4 4 0 0], LS_000001d8136119b0_0_0, LS_000001d8136119b0_0_4;
L_000001d8136110f0 .concat [ 1 1 6 0], L_000001d8136172b0, L_000001d8136124f0, L_000001d813617268;
S_000001d8131db3c0 .scope module, "calctop" "calctop" 3 79, 3 86 0, S_000001d8131ec7e0;
 .timescale 0 0;
    .port_info 0 /INPUT 1 "clk";
    .port_info 1 /INPUT 1 "reset";
    .port_info 2 /INPUT 10 "push";
    .port_info 3 /INPUT 1 "ce";
    .port_info 4 /INPUT 1 "ac";
    .port_info 5 /INPUT 1 "plus";
    .port_info 6 /INPUT 1 "minus";
    .port_info 7 /INPUT 1 "mul";
    .port_info 8 /INPUT 1 "div";
    .port_info 9 /INPUT 1 "power";
    .port_info 10 /INPUT 1 "log";
    .port_info 11 /INPUT 1 "equal";
    .port_info 12 /OUTPUT 1 "sign";
    .port_info 13 /OUTPUT 8 "ledh";
    .port_info 14 /OUTPUT 8 "ledm";
    .port_info 15 /OUTPUT 8 "ledl";
    .port_info 16 /OUTPUT 1 "overflow";
    .port_info 17 /OUTPUT 2 "state";
    .port_info 18 /OUTPUT 10 "rega";
    .port_info 19 /OUTPUT 21 "regb";
    .port_info 20 /OUTPUT 2 "count";
    .port_info 21 /OUTPUT 3 "operator_choose";
v000001d81360c2e0_0 .net "ac", 0 0, L_000001d813611730;  alias, 1 drivers
v000001d81360b0c0_0 .net "acout", 0 0, L_000001d813257140;  1 drivers
v000001d81360c380_0 .net "ce", 0 0, L_000001d813612e50;  alias, 1 drivers
v000001d81360b200_0 .net "ceout", 0 0, L_000001d8132571b0;  1 drivers
v000001d81360bca0_0 .net "clk", 0 0, v000001d813610f60_0;  alias, 1 drivers
v000001d81360c4c0_0 .net "count", 1 0, v000001d813606ac0_0;  alias, 1 drivers
v000001d81360cd80_0 .net "div", 0 0, L_000001d813612630;  alias, 1 drivers
v000001d81360b160_0 .net "divout", 0 0, L_000001d813256730;  1 drivers
v000001d81360b340_0 .net "equal", 0 0, L_000001d8136130d0;  alias, 1 drivers
v000001d81360b480_0 .net "equalout", 0 0, L_000001d8132573e0;  1 drivers
v000001d81360c560_0 .net "ledh", 7 0, v000001d813603390_0;  alias, 1 drivers
v000001d81360b660_0 .net "ledl", 7 0, v000001d8136031b0_0;  alias, 1 drivers
v000001d81360c9c0_0 .net "ledm", 7 0, v000001d813604010_0;  alias, 1 drivers
v000001d81360b2a0_0 .net "log", 0 0, L_000001d813613490;  alias, 1 drivers
v000001d81360bb60_0 .net "logout", 0 0, L_000001d813257370;  1 drivers
v000001d81360c600_0 .net "minus", 0 0, L_000001d8136135d0;  alias, 1 drivers
v000001d81360b5c0_0 .net "minusout", 0 0, L_000001d813257290;  1 drivers
v000001d81360b520_0 .net "mul", 0 0, L_000001d813612d10;  alias, 1 drivers
v000001d81360ce20_0 .net "mulout", 0 0, L_000001d813256b20;  1 drivers
v000001d81360b840_0 .net "operator_choose", 2 0, v000001d813605e40_0;  alias, 1 drivers
v000001d81360c740_0 .net "overflow", 0 0, L_000001d813611550;  alias, 1 drivers
v000001d81360cec0_0 .net "plus", 0 0, L_000001d813612450;  alias, 1 drivers
v000001d81360c7e0_0 .net "plusout", 0 0, L_000001d813257530;  1 drivers
v000001d81360cf60_0 .net "power", 0 0, L_000001d813612590;  alias, 1 drivers
v000001d81360b980_0 .net "powerout", 0 0, L_000001d813256c00;  1 drivers
v000001d81360ba20_0 .net "push", 9 0, L_000001d813613670;  alias, 1 drivers
v000001d81360bac0_0 .net "pushout", 9 0, L_000001d813256880;  1 drivers
v000001d81360bc00_0 .net "rega", 9 0, v000001d813604d30_0;  alias, 1 drivers
v000001d81360c880_0 .net "regb", 20 0, v000001d8136046f0_0;  alias, 1 drivers
v000001d81360bd40_0 .net "reset", 0 0, v000001d813610420_0;  alias, 1 drivers
v000001d81360be80_0 .net "sign", 0 0, L_000001d8136124f0;  alias, 1 drivers
v000001d81360c1a0_0 .net "state", 1 0, v000001d813606520_0;  alias, 1 drivers
v000001d81360bf20_0 .net "wout", 9 0, L_000001d813613e90;  1 drivers
S_000001d8131d74b0 .scope module, "binled" "binled" 3 109, 3 327 0, S_000001d8131db3c0;
 .timescale 0 0;
    .port_info 0 /INPUT 10 "in";
    .port_info 1 /OUTPUT 8 "ledl";
    .port_info 2 /OUTPUT 8 "ledm";
    .port_info 3 /OUTPUT 8 "ledh";
v000001d813603430_0 .net "in", 9 0, L_000001d813613e90;  alias, 1 drivers
v000001d813604bf0_0 .net "ledh", 7 0, v000001d813603390_0;  alias, 1 drivers
v000001d8136040b0_0 .net "ledl", 7 0, v000001d8136031b0_0;  alias, 1 drivers
v000001d813604e70_0 .net "ledm", 7 0, v000001d813604010_0;  alias, 1 drivers
v000001d813603570_0 .net "wireh", 3 0, L_000001d813614c50;  1 drivers
v000001d8136041f0_0 .net "wirel", 3 0, L_000001d813673c80;  1 drivers
v000001d813604290_0 .net "wirem", 3 0, L_000001d813673b40;  1 drivers
S_000001d8131d7640 .scope module, "bintobcd" "bintobcd" 3 332, 3 339 0, S_000001d8131d74b0;
 .timescale 0 0;
    .port_info 0 /INPUT 10 "in";
    .port_info 1 /OUTPUT 4 "outl";
    .port_info 2 /OUTPUT 4 "outm";
    .port_info 3 /OUTPUT 4 "outh";
L_000001d813617658 .functor BUFT 1, C4<01>, C4<0>, C4<0>, C4<0>;
v000001d81325a8d0_0 .net/2s *"_ivl_10", 1 0, L_000001d813617658;  1 drivers
L_000001d813617bf8 .functor BUFT 1, C4<0011001000>, C4<0>, C4<0>, C4<0>;
v000001d81325a790_0 .net/2u *"_ivl_100", 9 0, L_000001d813617bf8;  1 drivers
v000001d81325b370_0 .net *"_ivl_102", 9 0, L_000001d813613b70;  1 drivers
v000001d813259a70_0 .net *"_ivl_109", 31 0, L_000001d813614cf0;  1 drivers
L_000001d813617c40 .functor BUFT 1, C4<0000000000000000000000>, C4<0>, C4<0>, C4<0>;
v000001d81325b5f0_0 .net *"_ivl_112", 21 0, L_000001d813617c40;  1 drivers
L_000001d813617c88 .functor BUFT 1, C4<00000000000000000000000001100100>, C4<0>, C4<0>, C4<0>;
v000001d81325abf0_0 .net/2u *"_ivl_113", 31 0, L_000001d813617c88;  1 drivers
v000001d81325b4b0_0 .net *"_ivl_115", 0 0, L_000001d813614e30;  1 drivers
L_000001d813617cd0 .functor BUFT 1, C4<01>, C4<0>, C4<0>, C4<0>;
v000001d81325b550_0 .net/2s *"_ivl_117", 1 0, L_000001d813617cd0;  1 drivers
L_000001d813617d18 .functor BUFT 1, C4<00>, C4<0>, C4<0>, C4<0>;
v000001d81325a5b0_0 .net/2s *"_ivl_119", 1 0, L_000001d813617d18;  1 drivers
L_000001d8136176a0 .functor BUFT 1, C4<00>, C4<0>, C4<0>, C4<0>;
v000001d81325a010_0 .net/2s *"_ivl_12", 1 0, L_000001d8136176a0;  1 drivers
v000001d81325ac90_0 .net *"_ivl_121", 1 0, L_000001d813613c10;  1 drivers
v000001d81325a330_0 .net *"_ivl_124", 0 0, L_000001d8136138f0;  1 drivers
v000001d81325add0_0 .net *"_ivl_125", 31 0, L_000001d8136141b0;  1 drivers
L_000001d813617d60 .functor BUFT 1, C4<0000000000000000000000>, C4<0>, C4<0>, C4<0>;
v000001d81325b690_0 .net *"_ivl_128", 21 0, L_000001d813617d60;  1 drivers
L_000001d813617da8 .functor BUFT 1, C4<00000000000000000000000001100100>, C4<0>, C4<0>, C4<0>;
v000001d81325b730_0 .net/2u *"_ivl_129", 31 0, L_000001d813617da8;  1 drivers
v000001d813259b10_0 .net *"_ivl_131", 0 0, L_000001d813613a30;  1 drivers
L_000001d813617df0 .functor BUFT 1, C4<0001100100>, C4<0>, C4<0>, C4<0>;
v000001d81325aa10_0 .net/2u *"_ivl_133", 9 0, L_000001d813617df0;  1 drivers
v000001d81325a0b0_0 .net *"_ivl_135", 9 0, L_000001d813613ad0;  1 drivers
v000001d81325afb0_0 .net *"_ivl_14", 1 0, L_000001d813614110;  1 drivers
v000001d81325b050_0 .net *"_ivl_141", 31 0, L_000001d813673960;  1 drivers
L_000001d813617e38 .functor BUFT 1, C4<0000000000000000000000>, C4<0>, C4<0>, C4<0>;
v000001d81325b0f0_0 .net *"_ivl_144", 21 0, L_000001d813617e38;  1 drivers
L_000001d813617e80 .functor BUFT 1, C4<00000000000000000000000001010000>, C4<0>, C4<0>, C4<0>;
v000001d81325a970_0 .net/2u *"_ivl_145", 31 0, L_000001d813617e80;  1 drivers
v000001d813259bb0_0 .net *"_ivl_147", 0 0, L_000001d8136742c0;  1 drivers
L_000001d813617ec8 .functor BUFT 1, C4<01>, C4<0>, C4<0>, C4<0>;
v000001d813259e30_0 .net/2s *"_ivl_149", 1 0, L_000001d813617ec8;  1 drivers
L_000001d813617f10 .functor BUFT 1, C4<00>, C4<0>, C4<0>, C4<0>;
v000001d81325a6f0_0 .net/2s *"_ivl_151", 1 0, L_000001d813617f10;  1 drivers
v000001d81325b2d0_0 .net *"_ivl_153", 1 0, L_000001d813674e00;  1 drivers
v000001d81325a3d0_0 .net *"_ivl_156", 0 0, L_000001d813674ea0;  1 drivers
v000001d81325b190_0 .net *"_ivl_157", 31 0, L_000001d813673a00;  1 drivers
L_000001d813617f58 .functor BUFT 1, C4<0000000000000000000000>, C4<0>, C4<0>, C4<0>;
v000001d81325ab50_0 .net *"_ivl_160", 21 0, L_000001d813617f58;  1 drivers
L_000001d813617fa0 .functor BUFT 1, C4<00000000000000000000000001010000>, C4<0>, C4<0>, C4<0>;
v000001d813259f70_0 .net/2u *"_ivl_161", 31 0, L_000001d813617fa0;  1 drivers
v000001d81325aab0_0 .net *"_ivl_163", 0 0, L_000001d8136744a0;  1 drivers
L_000001d813617fe8 .functor BUFT 1, C4<0001010000>, C4<0>, C4<0>, C4<0>;
v000001d81325b230_0 .net/2u *"_ivl_165", 9 0, L_000001d813617fe8;  1 drivers
v000001d813259cf0_0 .net *"_ivl_167", 9 0, L_000001d813675580;  1 drivers
v000001d81325b7d0_0 .net *"_ivl_17", 0 0, L_000001d813614610;  1 drivers
v000001d81325a830_0 .net *"_ivl_173", 31 0, L_000001d8136740e0;  1 drivers
L_000001d813618030 .functor BUFT 1, C4<0000000000000000000000>, C4<0>, C4<0>, C4<0>;
v000001d813259c50_0 .net *"_ivl_176", 21 0, L_000001d813618030;  1 drivers
L_000001d813618078 .functor BUFT 1, C4<00000000000000000000000000101000>, C4<0>, C4<0>, C4<0>;
v000001d813259d90_0 .net/2u *"_ivl_177", 31 0, L_000001d813618078;  1 drivers
v000001d813259ed0_0 .net *"_ivl_179", 0 0, L_000001d813673640;  1 drivers
v000001d81325a150_0 .net *"_ivl_18", 31 0, L_000001d813614d90;  1 drivers
L_000001d8136180c0 .functor BUFT 1, C4<01>, C4<0>, C4<0>, C4<0>;
v000001d81325a1f0_0 .net/2s *"_ivl_181", 1 0, L_000001d8136180c0;  1 drivers
L_000001d813618108 .functor BUFT 1, C4<00>, C4<0>, C4<0>, C4<0>;
v000001d81325a290_0 .net/2s *"_ivl_183", 1 0, L_000001d813618108;  1 drivers
v000001d81325a650_0 .net *"_ivl_185", 1 0, L_000001d813675260;  1 drivers
v000001d813243450_0 .net *"_ivl_188", 0 0, L_000001d8136754e0;  1 drivers
v000001d813244ad0_0 .net *"_ivl_189", 31 0, L_000001d8136735a0;  1 drivers
L_000001d813618150 .functor BUFT 1, C4<0000000000000000000000>, C4<0>, C4<0>, C4<0>;
v000001d813244e90_0 .net *"_ivl_192", 21 0, L_000001d813618150;  1 drivers
L_000001d813618198 .functor BUFT 1, C4<00000000000000000000000000101000>, C4<0>, C4<0>, C4<0>;
v000001d813244fd0_0 .net/2u *"_ivl_193", 31 0, L_000001d813618198;  1 drivers
v000001d8132438b0_0 .net *"_ivl_195", 0 0, L_000001d813674040;  1 drivers
L_000001d8136181e0 .functor BUFT 1, C4<0000101000>, C4<0>, C4<0>, C4<0>;
v000001d813243770_0 .net/2u *"_ivl_197", 9 0, L_000001d8136181e0;  1 drivers
v000001d8132439f0_0 .net *"_ivl_199", 9 0, L_000001d813675620;  1 drivers
v000001d813243c70_0 .net *"_ivl_2", 31 0, L_000001d8136146b0;  1 drivers
v000001d813243ef0_0 .net *"_ivl_205", 31 0, L_000001d813673aa0;  1 drivers
L_000001d813618228 .functor BUFT 1, C4<0000000000000000000000>, C4<0>, C4<0>, C4<0>;
v000001d813244170_0 .net *"_ivl_208", 21 0, L_000001d813618228;  1 drivers
L_000001d813618270 .functor BUFT 1, C4<00000000000000000000000000010100>, C4<0>, C4<0>, C4<0>;
v000001d813231870_0 .net/2u *"_ivl_209", 31 0, L_000001d813618270;  1 drivers
L_000001d8136176e8 .functor BUFT 1, C4<0000000000000000000000>, C4<0>, C4<0>, C4<0>;
v000001d8132321d0_0 .net *"_ivl_21", 21 0, L_000001d8136176e8;  1 drivers
v000001d813601a60_0 .net *"_ivl_211", 0 0, L_000001d813675300;  1 drivers
L_000001d8136182b8 .functor BUFT 1, C4<01>, C4<0>, C4<0>, C4<0>;
v000001d813601d80_0 .net/2s *"_ivl_213", 1 0, L_000001d8136182b8;  1 drivers
L_000001d813618300 .functor BUFT 1, C4<00>, C4<0>, C4<0>, C4<0>;
v000001d813602dc0_0 .net/2s *"_ivl_215", 1 0, L_000001d813618300;  1 drivers
v000001d813602b40_0 .net *"_ivl_217", 1 0, L_000001d8136747c0;  1 drivers
L_000001d813617730 .functor BUFT 1, C4<00000000000000000000001100100000>, C4<0>, C4<0>, C4<0>;
v000001d813602aa0_0 .net/2u *"_ivl_22", 31 0, L_000001d813617730;  1 drivers
v000001d8136023c0_0 .net *"_ivl_220", 0 0, L_000001d813674d60;  1 drivers
v000001d813602a00_0 .net *"_ivl_221", 31 0, L_000001d8136756c0;  1 drivers
L_000001d813618348 .functor BUFT 1, C4<0000000000000000000000>, C4<0>, C4<0>, C4<0>;
v000001d813602640_0 .net *"_ivl_224", 21 0, L_000001d813618348;  1 drivers
L_000001d813618390 .functor BUFT 1, C4<00000000000000000000000000010100>, C4<0>, C4<0>, C4<0>;
v000001d8136017e0_0 .net/2u *"_ivl_225", 31 0, L_000001d813618390;  1 drivers
v000001d813601ce0_0 .net *"_ivl_227", 0 0, L_000001d813673e60;  1 drivers
L_000001d8136183d8 .functor BUFT 1, C4<0000010100>, C4<0>, C4<0>, C4<0>;
v000001d813601ec0_0 .net/2u *"_ivl_229", 9 0, L_000001d8136183d8;  1 drivers
v000001d813602460_0 .net *"_ivl_231", 9 0, L_000001d813673fa0;  1 drivers
v000001d8136028c0_0 .net *"_ivl_238", 31 0, L_000001d8136731e0;  1 drivers
v000001d813601240_0 .net *"_ivl_24", 0 0, L_000001d813613fd0;  1 drivers
L_000001d813618420 .functor BUFT 1, C4<0000000000000000000000>, C4<0>, C4<0>, C4<0>;
v000001d813601c40_0 .net *"_ivl_241", 21 0, L_000001d813618420;  1 drivers
L_000001d813618468 .functor BUFT 1, C4<00000000000000000000000000001010>, C4<0>, C4<0>, C4<0>;
v000001d813602960_0 .net/2u *"_ivl_242", 31 0, L_000001d813618468;  1 drivers
v000001d8136026e0_0 .net *"_ivl_244", 0 0, L_000001d813673be0;  1 drivers
L_000001d8136184b0 .functor BUFT 1, C4<01>, C4<0>, C4<0>, C4<0>;
v000001d8136020a0_0 .net/2s *"_ivl_246", 1 0, L_000001d8136184b0;  1 drivers
L_000001d8136184f8 .functor BUFT 1, C4<00>, C4<0>, C4<0>, C4<0>;
v000001d813602be0_0 .net/2s *"_ivl_248", 1 0, L_000001d8136184f8;  1 drivers
v000001d813602c80_0 .net *"_ivl_250", 1 0, L_000001d813674fe0;  1 drivers
v000001d813602d20_0 .net *"_ivl_253", 0 0, L_000001d813675760;  1 drivers
v000001d813601380_0 .net *"_ivl_254", 31 0, L_000001d813673820;  1 drivers
L_000001d813618540 .functor BUFT 1, C4<0000000000000000000000>, C4<0>, C4<0>, C4<0>;
v000001d813602e60_0 .net *"_ivl_257", 21 0, L_000001d813618540;  1 drivers
L_000001d813618588 .functor BUFT 1, C4<00000000000000000000000000001010>, C4<0>, C4<0>, C4<0>;
v000001d813601ba0_0 .net/2u *"_ivl_258", 31 0, L_000001d813618588;  1 drivers
v000001d813601b00_0 .net *"_ivl_26", 10 0, L_000001d813614750;  1 drivers
v000001d813602500_0 .net *"_ivl_260", 0 0, L_000001d813674540;  1 drivers
L_000001d8136185d0 .functor BUFT 1, C4<0000001010>, C4<0>, C4<0>, C4<0>;
v000001d8136014c0_0 .net/2u *"_ivl_262", 9 0, L_000001d8136185d0;  1 drivers
v000001d813601560_0 .net *"_ivl_264", 9 0, L_000001d813674220;  1 drivers
v000001d813602280_0 .net *"_ivl_266", 9 0, L_000001d813674360;  1 drivers
L_000001d813617778 .functor BUFT 1, C4<0>, C4<0>, C4<0>, C4<0>;
v000001d813601420_0 .net *"_ivl_29", 0 0, L_000001d813617778;  1 drivers
L_000001d8136177c0 .functor BUFT 1, C4<01100100000>, C4<0>, C4<0>, C4<0>;
v000001d813602780_0 .net/2u *"_ivl_30", 10 0, L_000001d8136177c0;  1 drivers
v000001d813602f00_0 .net *"_ivl_32", 10 0, L_000001d813614890;  1 drivers
v000001d813601600_0 .net *"_ivl_34", 10 0, L_000001d8136147f0;  1 drivers
L_000001d813617808 .functor BUFT 1, C4<0>, C4<0>, C4<0>, C4<0>;
v000001d813601100_0 .net *"_ivl_37", 0 0, L_000001d813617808;  1 drivers
v000001d813601e20_0 .net *"_ivl_38", 10 0, L_000001d813614ed0;  1 drivers
v000001d813601f60_0 .net *"_ivl_44", 31 0, L_000001d813613cb0;  1 drivers
L_000001d813617850 .functor BUFT 1, C4<0000000000000000000000>, C4<0>, C4<0>, C4<0>;
v000001d813601060_0 .net *"_ivl_47", 21 0, L_000001d813617850;  1 drivers
L_000001d813617898 .functor BUFT 1, C4<00000000000000000000000110010000>, C4<0>, C4<0>, C4<0>;
v000001d8136025a0_0 .net/2u *"_ivl_48", 31 0, L_000001d813617898;  1 drivers
L_000001d8136175c8 .functor BUFT 1, C4<0000000000000000000000>, C4<0>, C4<0>, C4<0>;
v000001d813602000_0 .net *"_ivl_5", 21 0, L_000001d8136175c8;  1 drivers
v000001d8136011a0_0 .net *"_ivl_50", 0 0, L_000001d813613df0;  1 drivers
L_000001d8136178e0 .functor BUFT 1, C4<01>, C4<0>, C4<0>, C4<0>;
v000001d8136012e0_0 .net/2s *"_ivl_52", 1 0, L_000001d8136178e0;  1 drivers
L_000001d813617928 .functor BUFT 1, C4<00>, C4<0>, C4<0>, C4<0>;
v000001d8136016a0_0 .net/2s *"_ivl_54", 1 0, L_000001d813617928;  1 drivers
v000001d813601740_0 .net *"_ivl_56", 1 0, L_000001d813613f30;  1 drivers
v000001d813602140_0 .net *"_ivl_59", 0 0, L_000001d813614250;  1 drivers
L_000001d813617610 .functor BUFT 1, C4<00000000000000000000001100100000>, C4<0>, C4<0>, C4<0>;
v000001d813601880_0 .net/2u *"_ivl_6", 31 0, L_000001d813617610;  1 drivers
v000001d8136019c0_0 .net *"_ivl_60", 31 0, L_000001d813613990;  1 drivers
L_000001d813617970 .functor BUFT 1, C4<0000000000000000000000>, C4<0>, C4<0>, C4<0>;
v000001d813601920_0 .net *"_ivl_63", 21 0, L_000001d813617970;  1 drivers
L_000001d8136179b8 .functor BUFT 1, C4<00000000000000000000000110010000>, C4<0>, C4<0>, C4<0>;
v000001d8136021e0_0 .net/2u *"_ivl_64", 31 0, L_000001d8136179b8;  1 drivers
v000001d813602320_0 .net *"_ivl_66", 0 0, L_000001d813614390;  1 drivers
L_000001d813617a00 .functor BUFT 1, C4<0110010000>, C4<0>, C4<0>, C4<0>;
v000001d813602820_0 .net/2u *"_ivl_68", 9 0, L_000001d813617a00;  1 drivers
v000001d8136036b0_0 .net *"_ivl_70", 9 0, L_000001d813614430;  1 drivers
v000001d813604a10_0 .net *"_ivl_76", 31 0, L_000001d813614f70;  1 drivers
L_000001d813617a48 .functor BUFT 1, C4<0000000000000000000000>, C4<0>, C4<0>, C4<0>;
v000001d8136039d0_0 .net *"_ivl_79", 21 0, L_000001d813617a48;  1 drivers
v000001d813604470_0 .net *"_ivl_8", 0 0, L_000001d813613d50;  1 drivers
L_000001d813617a90 .functor BUFT 1, C4<00000000000000000000000011001000>, C4<0>, C4<0>, C4<0>;
v000001d813603750_0 .net/2u *"_ivl_80", 31 0, L_000001d813617a90;  1 drivers
v000001d813603cf0_0 .net *"_ivl_82", 0 0, L_000001d813614bb0;  1 drivers
L_000001d813617ad8 .functor BUFT 1, C4<01>, C4<0>, C4<0>, C4<0>;
v000001d8136045b0_0 .net/2s *"_ivl_84", 1 0, L_000001d813617ad8;  1 drivers
L_000001d813617b20 .functor BUFT 1, C4<00>, C4<0>, C4<0>, C4<0>;
v000001d813603a70_0 .net/2s *"_ivl_86", 1 0, L_000001d813617b20;  1 drivers
v000001d8136048d0_0 .net *"_ivl_88", 1 0, L_000001d813614570;  1 drivers
v000001d813603ed0_0 .net *"_ivl_91", 0 0, L_000001d8136144d0;  1 drivers
v000001d813603890_0 .net *"_ivl_92", 31 0, L_000001d813614070;  1 drivers
L_000001d813617b68 .functor BUFT 1, C4<0000000000000000000000>, C4<0>, C4<0>, C4<0>;
v000001d813603bb0_0 .net *"_ivl_95", 21 0, L_000001d813617b68;  1 drivers
L_000001d813617bb0 .functor BUFT 1, C4<00000000000000000000000011001000>, C4<0>, C4<0>, C4<0>;
v000001d8136032f0_0 .net/2u *"_ivl_96", 31 0, L_000001d813617bb0;  1 drivers
v000001d813603f70_0 .net *"_ivl_98", 0 0, L_000001d813614a70;  1 drivers
v000001d813604510_0 .net "in", 9 0, L_000001d813613e90;  alias, 1 drivers
v000001d8136034d0_0 .net "outh", 3 0, L_000001d813614c50;  alias, 1 drivers
v000001d813604650_0 .net "outl", 3 0, L_000001d813673c80;  alias, 1 drivers
v000001d813603b10_0 .net "outm", 3 0, L_000001d813673b40;  alias, 1 drivers
v000001d813603d90_0 .net "temp1", 9 0, L_000001d8136142f0;  1 drivers
v000001d813604ab0_0 .net "temp2", 9 0, L_000001d8136149d0;  1 drivers
v000001d813604f10_0 .net "temp3", 9 0, L_000001d813614b10;  1 drivers
v000001d8136037f0_0 .net "temp4", 9 0, L_000001d813674f40;  1 drivers
v000001d813603110_0 .net "temp5", 9 0, L_000001d813674a40;  1 drivers
v000001d813604150_0 .net "temp6", 9 0, L_000001d813674180;  1 drivers
v000001d813604b50_0 .net "temp7", 9 0, L_000001d8136736e0;  1 drivers
L_000001d8136146b0 .concat [ 10 22 0 0], L_000001d813613e90, L_000001d8136175c8;
L_000001d813613d50 .cmp/ge 32, L_000001d8136146b0, L_000001d813617610;
L_000001d813614110 .functor MUXZ 2, L_000001d8136176a0, L_000001d813617658, L_000001d813613d50, C4<>;
L_000001d813614610 .part L_000001d813614110, 0, 1;
L_000001d813614d90 .concat [ 10 22 0 0], L_000001d813613e90, L_000001d8136176e8;
L_000001d813613fd0 .cmp/ge 32, L_000001d813614d90, L_000001d813617730;
L_000001d813614750 .concat [ 10 1 0 0], L_000001d813613e90, L_000001d813617778;
L_000001d813614890 .arith/sub 11, L_000001d813614750, L_000001d8136177c0;
L_000001d8136147f0 .concat [ 10 1 0 0], L_000001d813613e90, L_000001d813617808;
L_000001d813614ed0 .functor MUXZ 11, L_000001d8136147f0, L_000001d813614890, L_000001d813613fd0, C4<>;
L_000001d8136142f0 .part L_000001d813614ed0, 0, 10;
L_000001d813613cb0 .concat [ 10 22 0 0], L_000001d8136142f0, L_000001d813617850;
L_000001d813613df0 .cmp/ge 32, L_000001d813613cb0, L_000001d813617898;
L_000001d813613f30 .functor MUXZ 2, L_000001d813617928, L_000001d8136178e0, L_000001d813613df0, C4<>;
L_000001d813614250 .part L_000001d813613f30, 0, 1;
L_000001d813613990 .concat [ 10 22 0 0], L_000001d8136142f0, L_000001d813617970;
L_000001d813614390 .cmp/ge 32, L_000001d813613990, L_000001d8136179b8;
L_000001d813614430 .arith/sub 10, L_000001d8136142f0, L_000001d813617a00;
L_000001d8136149d0 .functor MUXZ 10, L_000001d8136142f0, L_000001d813614430, L_000001d813614390, C4<>;
L_000001d813614f70 .concat [ 10 22 0 0], L_000001d8136149d0, L_000001d813617a48;
L_000001d813614bb0 .cmp/ge 32, L_000001d813614f70, L_000001d813617a90;
L_000001d813614570 .functor MUXZ 2, L_000001d813617b20, L_000001d813617ad8, L_000001d813614bb0, C4<>;
L_000001d8136144d0 .part L_000001d813614570, 0, 1;
L_000001d813614070 .concat [ 10 22 0 0], L_000001d8136149d0, L_000001d813617b68;
L_000001d813614a70 .cmp/ge 32, L_000001d813614070, L_000001d813617bb0;
L_000001d813613b70 .arith/sub 10, L_000001d8136149d0, L_000001d813617bf8;
L_000001d813614b10 .functor MUXZ 10, L_000001d8136149d0, L_000001d813613b70, L_000001d813614a70, C4<>;
L_000001d813614c50 .concat8 [ 1 1 1 1], L_000001d8136138f0, L_000001d8136144d0, L_000001d813614250, L_000001d813614610;
L_000001d813614cf0 .concat [ 10 22 0 0], L_000001d813614b10, L_000001d813617c40;
L_000001d813614e30 .cmp/ge 32, L_000001d813614cf0, L_000001d813617c88;
L_000001d813613c10 .functor MUXZ 2, L_000001d813617d18, L_000001d813617cd0, L_000001d813614e30, C4<>;
L_000001d8136138f0 .part L_000001d813613c10, 0, 1;
L_000001d8136141b0 .concat [ 10 22 0 0], L_000001d813614b10, L_000001d813617d60;
L_000001d813613a30 .cmp/ge 32, L_000001d8136141b0, L_000001d813617da8;
L_000001d813613ad0 .arith/sub 10, L_000001d813614b10, L_000001d813617df0;
L_000001d813674f40 .functor MUXZ 10, L_000001d813614b10, L_000001d813613ad0, L_000001d813613a30, C4<>;
L_000001d813673960 .concat [ 10 22 0 0], L_000001d813674f40, L_000001d813617e38;
L_000001d8136742c0 .cmp/ge 32, L_000001d813673960, L_000001d813617e80;
L_000001d813674e00 .functor MUXZ 2, L_000001d813617f10, L_000001d813617ec8, L_000001d8136742c0, C4<>;
L_000001d813674ea0 .part L_000001d813674e00, 0, 1;
L_000001d813673a00 .concat [ 10 22 0 0], L_000001d813674f40, L_000001d813617f58;
L_000001d8136744a0 .cmp/ge 32, L_000001d813673a00, L_000001d813617fa0;
L_000001d813675580 .arith/sub 10, L_000001d813674f40, L_000001d813617fe8;
L_000001d813674a40 .functor MUXZ 10, L_000001d813674f40, L_000001d813675580, L_000001d8136744a0, C4<>;
L_000001d8136740e0 .concat [ 10 22 0 0], L_000001d813674a40, L_000001d813618030;
L_000001d813673640 .cmp/ge 32, L_000001d8136740e0, L_000001d813618078;
L_000001d813675260 .functor MUXZ 2, L_000001d813618108, L_000001d8136180c0, L_000001d813673640, C4<>;
L_000001d8136754e0 .part L_000001d813675260, 0, 1;
L_000001d8136735a0 .concat [ 10 22 0 0], L_000001d813674a40, L_000001d813618150;
L_000001d813674040 .cmp/ge 32, L_000001d8136735a0, L_000001d813618198;
L_000001d813675620 .arith/sub 10, L_000001d813674a40, L_000001d8136181e0;
L_000001d813674180 .functor MUXZ 10, L_000001d813674a40, L_000001d813675620, L_000001d813674040, C4<>;
L_000001d813673aa0 .concat [ 10 22 0 0], L_000001d813674180, L_000001d813618228;
L_000001d813675300 .cmp/ge 32, L_000001d813673aa0, L_000001d813618270;
L_000001d8136747c0 .functor MUXZ 2, L_000001d813618300, L_000001d8136182b8, L_000001d813675300, C4<>;
L_000001d813674d60 .part L_000001d8136747c0, 0, 1;
L_000001d8136756c0 .concat [ 10 22 0 0], L_000001d813674180, L_000001d813618348;
L_000001d813673e60 .cmp/ge 32, L_000001d8136756c0, L_000001d813618390;
L_000001d813673fa0 .arith/sub 10, L_000001d813674180, L_000001d8136183d8;
L_000001d8136736e0 .functor MUXZ 10, L_000001d813674180, L_000001d813673fa0, L_000001d813673e60, C4<>;
L_000001d813673b40 .concat8 [ 1 1 1 1], L_000001d813675760, L_000001d813674d60, L_000001d8136754e0, L_000001d813674ea0;
L_000001d8136731e0 .concat [ 10 22 0 0], L_000001d8136736e0, L_000001d813618420;
L_000001d813673be0 .cmp/ge 32, L_000001d8136731e0, L_000001d813618468;
L_000001d813674fe0 .functor MUXZ 2, L_000001d8136184f8, L_000001d8136184b0, L_000001d813673be0, C4<>;
L_000001d813675760 .part L_000001d813674fe0, 0, 1;
L_000001d813673820 .concat [ 10 22 0 0], L_000001d8136736e0, L_000001d813618540;
L_000001d813674540 .cmp/ge 32, L_000001d813673820, L_000001d813618588;
L_000001d813674220 .arith/sub 10, L_000001d8136736e0, L_000001d8136185d0;
L_000001d813674360 .functor MUXZ 10, L_000001d8136736e0, L_000001d813674220, L_000001d813674540, C4<>;
L_000001d813673c80 .part L_000001d813674360, 0, 4;
S_000001d8131bf3c0 .scope module, "ledouthigh" "ledout" 3 333, 3 364 0, S_000001d8131d74b0;
 .timescale 0 0;
    .port_info 0 /INPUT 4 "in";
    .port_info 1 /OUTPUT 8 "out";
v000001d813603930_0 .net "in", 3 0, L_000001d813614c50;  alias, 1 drivers
v000001d813603390_0 .var "out", 7 0;
E_000001d81324b350 .event anyedge, v000001d8136034d0_0;
S_000001d8131bf550 .scope module, "ledoutlow" "ledout" 3 335, 3 364 0, S_000001d8131d74b0;
 .timescale 0 0;
    .port_info 0 /INPUT 4 "in";
    .port_info 1 /OUTPUT 8 "out";
v000001d813603c50_0 .net "in", 3 0, L_000001d813673c80;  alias, 1 drivers
v000001d8136031b0_0 .var "out", 7 0;
E_000001d81324a490 .event anyedge, v000001d813604650_0;
S_000001d8131e9130 .scope module, "ledoutmid" "ledout" 3 334, 3 364 0, S_000001d8131d74b0;
 .timescale 0 0;
    .port_info 0 /INPUT 4 "in";
    .port_info 1 /OUTPUT 8 "out";
v000001d813603e30_0 .net "in", 3 0, L_000001d813673b40;  alias, 1 drivers
v000001d813604010_0 .var "out", 7 0;
E_000001d81324ab50 .event anyedge, v000001d813603b10_0;
S_000001d8131e92c0 .scope module, "calc" "calc" 3 105, 3 125 0, S_000001d8131db3c0;
 .timescale 0 0;
    .port_info 0 /INPUT 10 "decimal";
    .port_info 1 /INPUT 1 "plus";
    .port_info 2 /INPUT 1 "minus";
    .port_info 3 /INPUT 1 "mul";
    .port_info 4 /INPUT 1 "div";
    .port_info 5 /INPUT 1 "power";
    .port_info 6 /INPUT 1 "log";
    .port_info 7 /INPUT 1 "equal";
    .port_info 8 /INPUT 1 "clk";
    .port_info 9 /INPUT 1 "reset";
    .port_info 10 /INPUT 1 "ce";
    .port_info 11 /INPUT 1 "ac";
    .port_info 12 /OUTPUT 1 "sign";
    .port_info 13 /OUTPUT 1 "overflow";
    .port_info 14 /OUTPUT 10 "out";
    .port_info 15 /OUTPUT 2 "state";
    .port_info 16 /OUTPUT 10 "REGA";
    .port_info 17 /OUTPUT 21 "REGB";
    .port_info 18 /OUTPUT 2 "count";
    .port_info 19 /OUTPUT 3 "operator_choose";
P_000001d8131d33d0 .param/l "DECIMAL" 0 3 128, +C4<00000000000000000000000000000000>;
P_000001d8131d3408 .param/l "HALT" 0 3 130, +C4<00000000000000000000000000000010>;
P_000001d8131d3440 .param/l "OPE" 0 3 129, +C4<00000000000000000000000000000001>;
v000001d813604d30_0 .var "REGA", 9 0;
v000001d8136046f0_0 .var "REGB", 20 0;
L_000001d813617388 .functor BUFT 1, C4<01>, C4<0>, C4<0>, C4<0>;
v000001d813604dd0_0 .net/2s *"_ivl_10", 1 0, L_000001d813617388;  1 drivers
L_000001d8136173d0 .functor BUFT 1, C4<00>, C4<0>, C4<0>, C4<0>;
v000001d813603070_0 .net/2s *"_ivl_12", 1 0, L_000001d8136173d0;  1 drivers
v000001d813603250_0 .net *"_ivl_14", 1 0, L_000001d813611c30;  1 drivers
v000001d813604830_0 .net *"_ivl_18", 31 0, L_000001d813612c70;  1 drivers
v000001d813605580_0 .net *"_ivl_2", 31 0, L_000001d813611410;  1 drivers
L_000001d813617418 .functor BUFT 1, C4<000000000000000000000000000000>, C4<0>, C4<0>, C4<0>;
v000001d8136068e0_0 .net *"_ivl_21", 29 0, L_000001d813617418;  1 drivers
L_000001d813617460 .functor BUFT 1, C4<00000000000000000000000000000000>, C4<0>, C4<0>, C4<0>;
v000001d813605bc0_0 .net/2u *"_ivl_22", 31 0, L_000001d813617460;  1 drivers
v000001d813605620_0 .net *"_ivl_24", 0 0, L_000001d813611d70;  1 drivers
L_000001d8136174a8 .functor BUFT 1, C4<0>, C4<0>, C4<0>, C4<0>;
v000001d8136054e0_0 .net/2u *"_ivl_26", 0 0, L_000001d8136174a8;  1 drivers
v000001d8136058a0_0 .net *"_ivl_28", 31 0, L_000001d813611ff0;  1 drivers
L_000001d8136174f0 .functor BUFT 1, C4<000000000000000000000000000000>, C4<0>, C4<0>, C4<0>;
v000001d8136053a0_0 .net *"_ivl_31", 29 0, L_000001d8136174f0;  1 drivers
L_000001d813617538 .functor BUFT 1, C4<00000000000000000000000000000001>, C4<0>, C4<0>, C4<0>;
v000001d813605da0_0 .net/2u *"_ivl_32", 31 0, L_000001d813617538;  1 drivers
v000001d813606480_0 .net *"_ivl_34", 0 0, L_000001d8136121d0;  1 drivers
v000001d813606de0_0 .net *"_ivl_37", 0 0, L_000001d813612270;  1 drivers
L_000001d813617580 .functor BUFT 1, C4<0>, C4<0>, C4<0>, C4<0>;
v000001d8136067a0_0 .net/2u *"_ivl_38", 0 0, L_000001d813617580;  1 drivers
v000001d813606200_0 .net *"_ivl_40", 0 0, L_000001d813612310;  1 drivers
v000001d813606980_0 .net *"_ivl_47", 11 0, L_000001d813614930;  1 drivers
L_000001d8136172f8 .functor BUFT 1, C4<000000000000000000000000000000>, C4<0>, C4<0>, C4<0>;
v000001d813606ca0_0 .net *"_ivl_5", 29 0, L_000001d8136172f8;  1 drivers
L_000001d813617340 .functor BUFT 1, C4<00000000000000000000000000000010>, C4<0>, C4<0>, C4<0>;
v000001d813605a80_0 .net/2u *"_ivl_6", 31 0, L_000001d813617340;  1 drivers
v000001d813605b20_0 .net *"_ivl_8", 0 0, L_000001d813611870;  1 drivers
v000001d813606e80_0 .net "ac", 0 0, L_000001d813257140;  alias, 1 drivers
v000001d813605260_0 .net "ce", 0 0, L_000001d8132571b0;  alias, 1 drivers
v000001d813606f20_0 .net "clk", 0 0, v000001d813610f60_0;  alias, 1 drivers
v000001d813606ac0_0 .var "count", 1 0;
v000001d8136063e0_0 .net "d", 3 0, L_000001d813611230;  1 drivers
v000001d813606a20_0 .net "decimal", 9 0, L_000001d813256880;  alias, 1 drivers
v000001d813606660_0 .net "div", 0 0, L_000001d813256730;  alias, 1 drivers
v000001d813605f80_0 .net "equal", 0 0, L_000001d8132573e0;  alias, 1 drivers
v000001d8136062a0_0 .net "log", 0 0, L_000001d813257370;  alias, 1 drivers
v000001d813605d00_0 .net "minus", 0 0, L_000001d813257290;  alias, 1 drivers
v000001d813605ee0_0 .net "mul", 0 0, L_000001d813256b20;  alias, 1 drivers
v000001d813605e40_0 .var "operator_choose", 2 0;
v000001d813605120_0 .net "out", 9 0, L_000001d813613e90;  alias, 1 drivers
v000001d813606020_0 .net "overflow", 0 0, L_000001d813611550;  alias, 1 drivers
v000001d813605c60_0 .net "plus", 0 0, L_000001d813257530;  alias, 1 drivers
v000001d813606340_0 .net "power", 0 0, L_000001d813256c00;  alias, 1 drivers
v000001d813606b60_0 .net "reset", 0 0, v000001d813610420_0;  alias, 1 drivers
v000001d813605440_0 .net "sign", 0 0, L_000001d8136124f0;  alias, 1 drivers
v000001d813606520_0 .var "state", 1 0;
E_000001d81324bfd0/0 .event negedge, v000001d813606b60_0;
E_000001d81324bfd0/1 .event posedge, v000001d813606f20_0;
E_000001d81324bfd0 .event/or E_000001d81324bfd0/0, E_000001d81324bfd0/1;
L_000001d813611230 .ufunc/vec4 TD_t_AP600.AP600.calctop.calc.dectobin, 4, L_000001d813256880 (v000001d813604c90_0) S_000001d8131e0c70;
L_000001d813611410 .concat [ 2 30 0 0], v000001d813606520_0, L_000001d8136172f8;
L_000001d813611870 .cmp/eq 32, L_000001d813611410, L_000001d813617340;
L_000001d813611c30 .functor MUXZ 2, L_000001d8136173d0, L_000001d813617388, L_000001d813611870, C4<>;
L_000001d813611550 .part L_000001d813611c30, 0, 1;
L_000001d813612c70 .concat [ 2 30 0 0], v000001d813606520_0, L_000001d813617418;
L_000001d813611d70 .cmp/eq 32, L_000001d813612c70, L_000001d813617460;
L_000001d813611ff0 .concat [ 2 30 0 0], v000001d813606520_0, L_000001d8136174f0;
L_000001d8136121d0 .cmp/eq 32, L_000001d813611ff0, L_000001d813617538;
L_000001d813612270 .part v000001d8136046f0_0, 20, 1;
L_000001d813612310 .functor MUXZ 1, L_000001d813617580, L_000001d813612270, L_000001d8136121d0, C4<>;
L_000001d8136124f0 .functor MUXZ 1, L_000001d813612310, L_000001d8136174a8, L_000001d813611d70, C4<>;
L_000001d813613e90 .ufunc/vec4 TD_t_AP600.AP600.calctop.calc.out_func, 10, v000001d813606520_0, v000001d813604d30_0, L_000001d813614930 (v000001d8136043d0_0, v000001d813603610_0, v000001d813604790_0) S_000001d8131e0e00;
L_000001d813614930 .part v000001d8136046f0_0, 0, 12;
S_000001d8131e0c70 .scope function.vec4.s4, "dectobin" "dectobin" 3 151, 3 151 0, S_000001d8131e92c0;
 .timescale 0 0;
; Variable dectobin is vec4 return value of scope S_000001d8131e0c70
v000001d813604c90_0 .var "in", 9 0;
TD_t_AP600.AP600.calctop.calc.dectobin ;
    %load/vec4 v000001d813604c90_0;
    %parti/s 1, 9, 5;
    %flag_set/vec4 8;
    %jmp/0xz  T_0.0, 8;
    %pushi/vec4 9, 0, 4;
    %ret/vec4 0, 0, 4;  Assign to dectobin (store_vec4_to_lval)
    %jmp T_0.1;
T_0.0 ;
    %load/vec4 v000001d813604c90_0;
    %parti/s 1, 8, 5;
    %flag_set/vec4 8;
    %jmp/0xz  T_0.2, 8;
    %pushi/vec4 8, 0, 4;
    %ret/vec4 0, 0, 4;  Assign to dectobin (store_vec4_to_lval)
    %jmp T_0.3;
T_0.2 ;
    %load/vec4 v000001d813604c90_0;
    %parti/s 1, 7, 4;
    %flag_set/vec4 8;
    %jmp/0xz  T_0.4, 8;
    %pushi/vec4 7, 0, 4;
    %ret/vec4 0, 0, 4;  Assign to dectobin (store_vec4_to_lval)
    %jmp T_0.5;
T_0.4 ;
    %load/vec4 v000001d813604c90_0;
    %parti/s 1, 6, 4;
    %flag_set/vec4 8;
    %jmp/0xz  T_0.6, 8;
    %pushi/vec4 6, 0, 4;
    %ret/vec4 0, 0, 4;  Assign to dectobin (store_vec4_to_lval)
    %jmp T_0.7;
T_0.6 ;
    %load/vec4 v000001d813604c90_0;
    %parti/s 1, 5, 4;
    %flag_set/vec4 8;
    %jmp/0xz  T_0.8, 8;
    %pushi/vec4 5, 0, 4;
    %ret/vec4 0, 0, 4;  Assign to dectobin (store_vec4_to_lval)
    %jmp T_0.9;
T_0.8 ;
    %load/vec4 v000001d813604c90_0;
    %parti/s 1, 4, 4;
    %flag_set/vec4 8;
    %jmp/0xz  T_0.10, 8;
    %pushi/vec4 4, 0, 4;
    %ret/vec4 0, 0, 4;  Assign to dectobin (store_vec4_to_lval)
    %jmp T_0.11;
T_0.10 ;
    %load/vec4 v000001d813604c90_0;
    %parti/s 1, 3, 3;
    %flag_set/vec4 8;
    %jmp/0xz  T_0.12, 8;
    %pushi/vec4 3, 0, 4;
    %ret/vec4 0, 0, 4;  Assign to dectobin (store_vec4_to_lval)
    %jmp T_0.13;
T_0.12 ;
    %load/vec4 v000001d813604c90_0;
    %parti/s 1, 2, 3;
    %flag_set/vec4 8;
    %jmp/0xz  T_0.14, 8;
    %pushi/vec4 2, 0, 4;
    %ret/vec4 0, 0, 4;  Assign to dectobin (store_vec4_to_lval)
    %jmp T_0.15;
T_0.14 ;
    %load/vec4 v000001d813604c90_0;
    %parti/s 1, 1, 2;
    %flag_set/vec4 8;
    %jmp/0xz  T_0.16, 8;
    %pushi/vec4 1, 0, 4;
    %ret/vec4 0, 0, 4;  Assign to dectobin (store_vec4_to_lval)
    %jmp T_0.17;
T_0.16 ;
    %load/vec4 v000001d813604c90_0;
    %parti/s 1, 0, 2;
    %flag_set/vec4 8;
    %jmp/0xz  T_0.18, 8;
    %pushi/vec4 0, 0, 4;
    %ret/vec4 0, 0, 4;  Assign to dectobin (store_vec4_to_lval)
T_0.18 ;
T_0.17 ;
T_0.15 ;
T_0.13 ;
T_0.11 ;
T_0.9 ;
T_0.7 ;
T_0.5 ;
T_0.3 ;
T_0.1 ;
    %end;
S_000001d8131e0e00 .scope function.vec4.s10, "out_func" "out_func" 3 258, 3 258 0, S_000001d8131e92c0;
 .timescale 0 0;
v000001d813603610_0 .var "a", 9 0;
v000001d813604790_0 .var "b", 11 0;
; Variable out_func is vec4 return value of scope S_000001d8131e0e00
v000001d8136043d0_0 .var "s", 1 0;
TD_t_AP600.AP600.calctop.calc.out_func ;
    %load/vec4 v000001d8136043d0_0;
    %dup/vec4;
    %pushi/vec4 0, 0, 2;
    %cmp/u;
    %jmp/1 T_1.20, 6;
    %dup/vec4;
    %pushi/vec4 1, 0, 2;
    %cmp/u;
    %jmp/1 T_1.21, 6;
    %jmp T_1.22;
T_1.20 ;
    %load/vec4 v000001d813603610_0;
    %ret/vec4 0, 0, 10;  Assign to out_func (store_vec4_to_lval)
    %jmp T_1.22;
T_1.21 ;
    %load/vec4 v000001d813604790_0;
    %parti/s 1, 11, 5;
    %pad/u 32;
    %cmpi/e 1, 0, 32;
    %jmp/0xz  T_1.23, 4;
    %load/vec4 v000001d813604790_0;
    %inv;
    %addi 1, 0, 12;
    %pad/u 10;
    %ret/vec4 0, 0, 10;  Assign to out_func (store_vec4_to_lval)
    %jmp T_1.24;
T_1.23 ;
    %load/vec4 v000001d813604790_0;
    %pad/u 10;
    %ret/vec4 0, 0, 10;  Assign to out_func (store_vec4_to_lval)
T_1.24 ;
    %jmp T_1.22;
T_1.22 ;
    %pop/vec4 1;
    %end;
S_000001d8131de5e0 .scope module, "syncroac" "syncro" 3 112, 3 275 0, S_000001d8131db3c0;
 .timescale 0 0;
    .port_info 0 /OUTPUT 1 "out";
    .port_info 1 /INPUT 1 "in";
    .port_info 2 /INPUT 1 "clk";
    .port_info 3 /INPUT 1 "reset";
P_000001d81324c3d0 .param/l "WIDTH" 0 3 276, +C4<00000000000000000000000000000001>;
L_000001d813256b90 .functor NOT 1, v000001d813606700_0, C4<0>, C4<0>, C4<0>;
L_000001d813257140 .functor AND 1, v000001d813606c00_0, L_000001d813256b90, C4<1>, C4<1>;
v000001d813606840_0 .net *"_ivl_0", 0 0, L_000001d813256b90;  1 drivers
v000001d8136060c0_0 .net "clk", 0 0, v000001d813610f60_0;  alias, 1 drivers
v000001d813606160_0 .net "in", 0 0, L_000001d813611730;  alias, 1 drivers
v000001d8136065c0_0 .net "out", 0 0, L_000001d813257140;  alias, 1 drivers
v000001d813606c00_0 .var "q1", 0 0;
v000001d813606700_0 .var "q2", 0 0;
v000001d813605080_0 .var "qO", 0 0;
v000001d813606d40_0 .net "reset", 0 0, v000001d813610420_0;  alias, 1 drivers
S_000001d812fc6690 .scope module, "syncroce" "syncro" 3 111, 3 275 0, S_000001d8131db3c0;
 .timescale 0 0;
    .port_info 0 /OUTPUT 1 "out";
    .port_info 1 /INPUT 1 "in";
    .port_info 2 /INPUT 1 "clk";
    .port_info 3 /INPUT 1 "reset";
P_000001d81324b990 .param/l "WIDTH" 0 3 276, +C4<00000000000000000000000000000001>;
L_000001d8132566c0 .functor NOT 1, v000001d813605940_0, C4<0>, C4<0>, C4<0>;
L_000001d8132571b0 .functor AND 1, v000001d813605800_0, L_000001d8132566c0, C4<1>, C4<1>;
v000001d813605300_0 .net *"_ivl_0", 0 0, L_000001d8132566c0;  1 drivers
v000001d8136056c0_0 .net "clk", 0 0, v000001d813610f60_0;  alias, 1 drivers
v000001d8136051c0_0 .net "in", 0 0, L_000001d813612e50;  alias, 1 drivers
v000001d813605760_0 .net "out", 0 0, L_000001d8132571b0;  alias, 1 drivers
v000001d813605800_0 .var "q1", 0 0;
v000001d813605940_0 .var "q2", 0 0;
v000001d8136059e0_0 .var "qO", 0 0;
v000001d813609680_0 .net "reset", 0 0, v000001d813610420_0;  alias, 1 drivers
S_000001d812fc6820 .scope module, "syncrodiv" "syncro" 3 116, 3 275 0, S_000001d8131db3c0;
 .timescale 0 0;
    .port_info 0 /OUTPUT 1 "out";
    .port_info 1 /INPUT 1 "in";
    .port_info 2 /INPUT 1 "clk";
    .port_info 3 /INPUT 1 "reset";
P_000001d81324b950 .param/l "WIDTH" 0 3 276, +C4<00000000000000000000000000000001>;
L_000001d813257300 .functor NOT 1, v000001d8136086e0_0, C4<0>, C4<0>, C4<0>;
L_000001d813256730 .functor AND 1, v000001d813609360_0, L_000001d813257300, C4<1>, C4<1>;
v000001d8136097c0_0 .net *"_ivl_0", 0 0, L_000001d813257300;  1 drivers
v000001d813608460_0 .net "clk", 0 0, v000001d813610f60_0;  alias, 1 drivers
v000001d813609c20_0 .net "in", 0 0, L_000001d813612630;  alias, 1 drivers
v000001d813609720_0 .net "out", 0 0, L_000001d813256730;  alias, 1 drivers
v000001d813609360_0 .var "q1", 0 0;
v000001d8136086e0_0 .var "q2", 0 0;
v000001d813608280_0 .var "qO", 0 0;
v000001d813608be0_0 .net "reset", 0 0, v000001d813610420_0;  alias, 1 drivers
S_000001d8131b5770 .scope module, "syncroequal" "syncro" 3 119, 3 275 0, S_000001d8131db3c0;
 .timescale 0 0;
    .port_info 0 /OUTPUT 1 "out";
    .port_info 1 /INPUT 1 "in";
    .port_info 2 /INPUT 1 "clk";
    .port_info 3 /INPUT 1 "reset";
P_000001d81324b750 .param/l "WIDTH" 0 3 276, +C4<00000000000000000000000000000001>;
L_000001d813256e30 .functor NOT 1, v000001d813609180_0, C4<0>, C4<0>, C4<0>;
L_000001d8132573e0 .functor AND 1, v000001d813609d60_0, L_000001d813256e30, C4<1>, C4<1>;
v000001d813608a00_0 .net *"_ivl_0", 0 0, L_000001d813256e30;  1 drivers
v000001d813609ae0_0 .net "clk", 0 0, v000001d813610f60_0;  alias, 1 drivers
v000001d813608fa0_0 .net "in", 0 0, L_000001d8136130d0;  alias, 1 drivers
v000001d813609860_0 .net "out", 0 0, L_000001d8132573e0;  alias, 1 drivers
v000001d813609d60_0 .var "q1", 0 0;
v000001d813609180_0 .var "q2", 0 0;
v000001d813609900_0 .var "qO", 0 0;
v000001d813608140_0 .net "reset", 0 0, v000001d813610420_0;  alias, 1 drivers
S_000001d8131b5900 .scope module, "syncrolog" "syncro" 3 118, 3 275 0, S_000001d8131db3c0;
 .timescale 0 0;
    .port_info 0 /OUTPUT 1 "out";
    .port_info 1 /INPUT 1 "in";
    .port_info 2 /INPUT 1 "clk";
    .port_info 3 /INPUT 1 "reset";
P_000001d81324be10 .param/l "WIDTH" 0 3 276, +C4<00000000000000000000000000000001>;
L_000001d813256810 .functor NOT 1, v000001d8136085a0_0, C4<0>, C4<0>, C4<0>;
L_000001d813257370 .functor AND 1, v000001d813609f40_0, L_000001d813256810, C4<1>, C4<1>;
v000001d813608500_0 .net *"_ivl_0", 0 0, L_000001d813256810;  1 drivers
v000001d813608b40_0 .net "clk", 0 0, v000001d813610f60_0;  alias, 1 drivers
v000001d813609ea0_0 .net "in", 0 0, L_000001d813613490;  alias, 1 drivers
v000001d813609b80_0 .net "out", 0 0, L_000001d813257370;  alias, 1 drivers
v000001d813609f40_0 .var "q1", 0 0;
v000001d8136085a0_0 .var "q2", 0 0;
v000001d8136099a0_0 .var "qO", 0 0;
v000001d813609040_0 .net "reset", 0 0, v000001d813610420_0;  alias, 1 drivers
S_000001d8131b5a90 .scope module, "syncrominus" "syncro" 3 114, 3 275 0, S_000001d8131db3c0;
 .timescale 0 0;
    .port_info 0 /OUTPUT 1 "out";
    .port_info 1 /INPUT 1 "in";
    .port_info 2 /INPUT 1 "clk";
    .port_info 3 /INPUT 1 "reset";
P_000001d81324b9d0 .param/l "WIDTH" 0 3 276, +C4<00000000000000000000000000000001>;
L_000001d813256a40 .functor NOT 1, v000001d813609220_0, C4<0>, C4<0>, C4<0>;
L_000001d813257290 .functor AND 1, v000001d813609e00_0, L_000001d813256a40, C4<1>, C4<1>;
v000001d813608640_0 .net *"_ivl_0", 0 0, L_000001d813256a40;  1 drivers
v000001d8136088c0_0 .net "clk", 0 0, v000001d813610f60_0;  alias, 1 drivers
v000001d813609cc0_0 .net "in", 0 0, L_000001d8136135d0;  alias, 1 drivers
v000001d813609a40_0 .net "out", 0 0, L_000001d813257290;  alias, 1 drivers
v000001d813609e00_0 .var "q1", 0 0;
v000001d813609220_0 .var "q2", 0 0;
v000001d8136080a0_0 .var "qO", 0 0;
v000001d813609400_0 .net "reset", 0 0, v000001d813610420_0;  alias, 1 drivers
S_000001d81360aec0 .scope module, "syncromul" "syncro" 3 115, 3 275 0, S_000001d8131db3c0;
 .timescale 0 0;
    .port_info 0 /OUTPUT 1 "out";
    .port_info 1 /INPUT 1 "in";
    .port_info 2 /INPUT 1 "clk";
    .port_info 3 /INPUT 1 "reset";
P_000001d81324b4d0 .param/l "WIDTH" 0 3 276, +C4<00000000000000000000000000000001>;
L_000001d813256ab0 .functor NOT 1, v000001d813608c80_0, C4<0>, C4<0>, C4<0>;
L_000001d813256b20 .functor AND 1, v000001d8136083c0_0, L_000001d813256ab0, C4<1>, C4<1>;
v000001d8136092c0_0 .net *"_ivl_0", 0 0, L_000001d813256ab0;  1 drivers
v000001d8136081e0_0 .net "clk", 0 0, v000001d813610f60_0;  alias, 1 drivers
v000001d813608320_0 .net "in", 0 0, L_000001d813612d10;  alias, 1 drivers
v000001d813608780_0 .net "out", 0 0, L_000001d813256b20;  alias, 1 drivers
v000001d8136083c0_0 .var "q1", 0 0;
v000001d813608c80_0 .var "q2", 0 0;
v000001d813608820_0 .var "qO", 0 0;
v000001d813608960_0 .net "reset", 0 0, v000001d813610420_0;  alias, 1 drivers
S_000001d81360a6f0 .scope module, "syncropower" "syncro" 3 117, 3 275 0, S_000001d8131db3c0;
 .timescale 0 0;
    .port_info 0 /OUTPUT 1 "out";
    .port_info 1 /INPUT 1 "in";
    .port_info 2 /INPUT 1 "clk";
    .port_info 3 /INPUT 1 "reset";
P_000001d81324b610 .param/l "WIDTH" 0 3 276, +C4<00000000000000000000000000000001>;
L_000001d813257220 .functor NOT 1, v000001d8136094a0_0, C4<0>, C4<0>, C4<0>;
L_000001d813256c00 .functor AND 1, v000001d813608e60_0, L_000001d813257220, C4<1>, C4<1>;
v000001d8136090e0_0 .net *"_ivl_0", 0 0, L_000001d813257220;  1 drivers
v000001d813608aa0_0 .net "clk", 0 0, v000001d813610f60_0;  alias, 1 drivers
v000001d813608d20_0 .net "in", 0 0, L_000001d813612590;  alias, 1 drivers
v000001d813608dc0_0 .net "out", 0 0, L_000001d813256c00;  alias, 1 drivers
v000001d813608e60_0 .var "q1", 0 0;
v000001d8136094a0_0 .var "q2", 0 0;
v000001d813608f00_0 .var "qO", 0 0;
v000001d813609540_0 .net "reset", 0 0, v000001d813610420_0;  alias, 1 drivers
S_000001d81360a880 .scope module, "syncropuls" "syncro" 3 113, 3 275 0, S_000001d8131db3c0;
 .timescale 0 0;
    .port_info 0 /OUTPUT 1 "out";
    .port_info 1 /INPUT 1 "in";
    .port_info 2 /INPUT 1 "clk";
    .port_info 3 /INPUT 1 "reset";
P_000001d81324c190 .param/l "WIDTH" 0 3 276, +C4<00000000000000000000000000000001>;
L_000001d813257450 .functor NOT 1, v000001d81360c060_0, C4<0>, C4<0>, C4<0>;
L_000001d813257530 .functor AND 1, v000001d81360bde0_0, L_000001d813257450, C4<1>, C4<1>;
v000001d8136095e0_0 .net *"_ivl_0", 0 0, L_000001d813257450;  1 drivers
v000001d81360c240_0 .net "clk", 0 0, v000001d813610f60_0;  alias, 1 drivers
v000001d81360b700_0 .net "in", 0 0, L_000001d813612450;  alias, 1 drivers
v000001d81360cce0_0 .net "out", 0 0, L_000001d813257530;  alias, 1 drivers
v000001d81360bde0_0 .var "q1", 0 0;
v000001d81360c060_0 .var "q2", 0 0;
v000001d81360c100_0 .var "qO", 0 0;
v000001d81360cb00_0 .net "reset", 0 0, v000001d813610420_0;  alias, 1 drivers
S_000001d81360ad30 .scope module, "syncropush" "syncro10" 3 120, 3 301 0, S_000001d8131db3c0;
 .timescale 0 0;
    .port_info 0 /OUTPUT 10 "out";
    .port_info 1 /INPUT 10 "in";
    .port_info 2 /INPUT 1 "clk";
    .port_info 3 /INPUT 1 "reset";
P_000001d81324bd50 .param/l "WIDTH" 0 3 302, +C4<00000000000000000000000000001010>;
L_000001d813256c70 .functor NOT 10, v000001d81360c920_0, C4<0000000000>, C4<0000000000>, C4<0000000000>;
L_000001d813256880 .functor AND 10, v000001d81360cba0_0, L_000001d813256c70, C4<1111111111>, C4<1111111111>;
v000001d81360b3e0_0 .net *"_ivl_0", 9 0, L_000001d813256c70;  1 drivers
v000001d81360bfc0_0 .net "clk", 0 0, v000001d813610f60_0;  alias, 1 drivers
v000001d81360c420_0 .net "in", 9 0, L_000001d813613670;  alias, 1 drivers
v000001d81360b7a0_0 .net "out", 9 0, L_000001d813256880;  alias, 1 drivers
v000001d81360cba0_0 .var "q1", 9 0;
v000001d81360c920_0 .var "q2", 9 0;
v000001d81360c6a0_0 .var "qO", 9 0;
v000001d81360b8e0_0 .net "reset", 0 0, v000001d813610420_0;  alias, 1 drivers
    .scope S_000001d8131e92c0;
T_2 ;
    %wait E_000001d81324bfd0;
    %load/vec4 v000001d813606b60_0;
    %nor/r;
    %flag_set/vec4 8;
    %jmp/0xz  T_2.0, 8;
    %pushi/vec4 0, 0, 10;
    %assign/vec4 v000001d813604d30_0, 0;
    %pushi/vec4 0, 0, 21;
    %assign/vec4 v000001d8136046f0_0, 0;
    %pushi/vec4 0, 0, 2;
    %assign/vec4 v000001d813606ac0_0, 0;
    %pushi/vec4 0, 0, 3;
    %assign/vec4 v000001d813605e40_0, 0;
    %pushi/vec4 0, 0, 2;
    %assign/vec4 v000001d813606520_0, 0;
    %jmp T_2.1;
T_2.0 ;
    %load/vec4 v000001d813606e80_0;
    %flag_set/vec4 8;
    %jmp/0xz  T_2.2, 8;
    %pushi/vec4 0, 0, 10;
    %assign/vec4 v000001d813604d30_0, 0;
    %pushi/vec4 0, 0, 21;
    %assign/vec4 v000001d8136046f0_0, 0;
    %pushi/vec4 0, 0, 2;
    %assign/vec4 v000001d813606ac0_0, 0;
    %pushi/vec4 0, 0, 3;
    %assign/vec4 v000001d813605e40_0, 0;
    %pushi/vec4 0, 0, 2;
    %assign/vec4 v000001d813606520_0, 0;
    %jmp T_2.3;
T_2.2 ;
    %load/vec4 v000001d813606520_0;
    %dup/vec4;
    %pushi/vec4 0, 0, 2;
    %cmp/u;
    %jmp/1 T_2.4, 6;
    %dup/vec4;
    %pushi/vec4 1, 0, 2;
    %cmp/u;
    %jmp/1 T_2.5, 6;
    %dup/vec4;
    %pushi/vec4 2, 0, 2;
    %cmp/u;
    %jmp/1 T_2.6, 6;
    %jmp T_2.7;
T_2.4 ;
    %load/vec4 v000001d813606a20_0;
    %pad/u 32;
    %cmpi/ne 0, 0, 32;
    %flag_get/vec4 4;
    %jmp/0 T_2.10, 4;
    %load/vec4 v000001d813606ac0_0;
    %pad/u 32;
    %cmpi/u 3, 0, 32;
    %flag_get/vec4 5;
    %and;
T_2.10;
    %flag_set/vec4 8;
    %jmp/0xz  T_2.8, 8;
    %load/vec4 v000001d813606ac0_0;
    %addi 1, 0, 2;
    %assign/vec4 v000001d813606ac0_0, 0;
    %load/vec4 v000001d813604d30_0;
    %muli 10, 0, 10;
    %load/vec4 v000001d8136063e0_0;
    %pad/u 10;
    %add;
    %assign/vec4 v000001d813604d30_0, 0;
    %jmp T_2.9;
T_2.8 ;
    %load/vec4 v000001d813605260_0;
    %flag_set/vec4 8;
    %jmp/0xz  T_2.11, 8;
    %pushi/vec4 0, 0, 10;
    %assign/vec4 v000001d813604d30_0, 0;
    %pushi/vec4 0, 0, 2;
    %assign/vec4 v000001d813606ac0_0, 0;
    %jmp T_2.12;
T_2.11 ;
    %load/vec4 v000001d813605c60_0;
    %flag_set/vec4 8;
    %jmp/1 T_2.20, 8;
    %load/vec4 v000001d813605d00_0;
    %flag_set/vec4 9;
    %flag_or 8, 9;
T_2.20;
    %jmp/1 T_2.19, 8;
    %load/vec4 v000001d813605ee0_0;
    %flag_set/vec4 9;
    %flag_or 8, 9;
T_2.19;
    %jmp/1 T_2.18, 8;
    %load/vec4 v000001d813606660_0;
    %flag_set/vec4 9;
    %flag_or 8, 9;
T_2.18;
    %jmp/1 T_2.17, 8;
    %load/vec4 v000001d813606340_0;
    %flag_set/vec4 9;
    %flag_or 8, 9;
T_2.17;
    %jmp/1 T_2.16, 8;
    %load/vec4 v000001d8136062a0_0;
    %flag_set/vec4 9;
    %flag_or 8, 9;
T_2.16;
    %jmp/1 T_2.15, 8;
    %load/vec4 v000001d813605f80_0;
    %flag_set/vec4 9;
    %flag_or 8, 9;
T_2.15;
    %jmp/0xz  T_2.13, 8;
    %load/vec4 v000001d813605e40_0;
    %dup/vec4;
    %pushi/vec4 0, 0, 3;
    %cmp/u;
    %jmp/1 T_2.21, 6;
    %dup/vec4;
    %pushi/vec4 1, 0, 3;
    %cmp/u;
    %jmp/1 T_2.22, 6;
    %dup/vec4;
    %pushi/vec4 2, 0, 3;
    %cmp/u;
    %jmp/1 T_2.23, 6;
    %dup/vec4;
    %pushi/vec4 3, 0, 3;
    %cmp/u;
    %jmp/1 T_2.24, 6;
    %dup/vec4;
    %pushi/vec4 4, 0, 3;
    %cmp/u;
    %jmp/1 T_2.25, 6;
    %dup/vec4;
    %pushi/vec4 5, 0, 3;
    %cmp/u;
    %jmp/1 T_2.26, 6;
    %jmp T_2.27;
T_2.21 ;
    %load/vec4 v000001d8136046f0_0;
    %load/vec4 v000001d813604d30_0;
    %pad/u 21;
    %add;
    %assign/vec4 v000001d8136046f0_0, 0;
    %jmp T_2.27;
T_2.22 ;
    %load/vec4 v000001d8136046f0_0;
    %load/vec4 v000001d813604d30_0;
    %pad/u 21;
    %sub;
    %assign/vec4 v000001d8136046f0_0, 0;
    %jmp T_2.27;
T_2.23 ;
    %load/vec4 v000001d8136046f0_0;
    %load/vec4 v000001d813604d30_0;
    %pad/u 21;
    %mul;
    %assign/vec4 v000001d8136046f0_0, 0;
    %jmp T_2.27;
T_2.24 ;
    %load/vec4 v000001d813604d30_0;
    %pad/u 32;
    %cmpi/ne 0, 0, 32;
    %jmp/0xz  T_2.28, 4;
    %load/vec4 v000001d8136046f0_0;
    %load/vec4 v000001d813604d30_0;
    %pad/u 21;
    %div;
    %assign/vec4 v000001d8136046f0_0, 0;
T_2.28 ;
    %jmp T_2.27;
T_2.25 ;
    %load/vec4 v000001d8136046f0_0;
    %load/vec4 v000001d8136046f0_0;
    %mul;
    %assign/vec4 v000001d8136046f0_0, 0;
    %jmp T_2.27;
T_2.26 ;
    %vpi_func/r 3 214 "$log10", v000001d813604d30_0 {0 0 0};
    %cvt/vr 21;
    %assign/vec4 v000001d8136046f0_0, 0;
    %jmp T_2.27;
T_2.27 ;
    %pop/vec4 1;
    %load/vec4 v000001d813605c60_0;
    %flag_set/vec4 8;
    %jmp/0xz  T_2.30, 8;
    %pushi/vec4 0, 0, 3;
    %assign/vec4 v000001d813605e40_0, 0;
    %jmp T_2.31;
T_2.30 ;
    %load/vec4 v000001d813605d00_0;
    %flag_set/vec4 8;
    %jmp/0xz  T_2.32, 8;
    %pushi/vec4 1, 0, 3;
    %assign/vec4 v000001d813605e40_0, 0;
    %jmp T_2.33;
T_2.32 ;
    %load/vec4 v000001d813605ee0_0;
    %flag_set/vec4 8;
    %jmp/0xz  T_2.34, 8;
    %pushi/vec4 2, 0, 3;
    %assign/vec4 v000001d813605e40_0, 0;
    %jmp T_2.35;
T_2.34 ;
    %load/vec4 v000001d813606660_0;
    %flag_set/vec4 8;
    %jmp/0xz  T_2.36, 8;
    %pushi/vec4 3, 0, 3;
    %assign/vec4 v000001d813605e40_0, 0;
    %jmp T_2.37;
T_2.36 ;
    %load/vec4 v000001d813606340_0;
    %flag_set/vec4 8;
    %jmp/0xz  T_2.38, 8;
    %pushi/vec4 4, 0, 3;
    %assign/vec4 v000001d813605e40_0, 0;
    %jmp T_2.39;
T_2.38 ;
    %load/vec4 v000001d8136062a0_0;
    %flag_set/vec4 8;
    %jmp/0xz  T_2.40, 8;
    %pushi/vec4 5, 0, 3;
    %assign/vec4 v000001d813605e40_0, 0;
T_2.40 ;
T_2.39 ;
T_2.37 ;
T_2.35 ;
T_2.33 ;
T_2.31 ;
    %pushi/vec4 1, 0, 2;
    %assign/vec4 v000001d813606520_0, 0;
T_2.13 ;
T_2.12 ;
T_2.9 ;
    %jmp T_2.7;
T_2.5 ;
    %load/vec4 v000001d8136046f0_0;
    %parti/s 1, 20, 6;
    %pad/u 32;
    %cmpi/e 1, 0, 32;
    %flag_get/vec4 4;
    %jmp/0 T_2.45, 4;
    %load/vec4 v000001d8136046f0_0;
    %pad/u 32;
    %cmpi/u 2096153, 0, 32;
    %flag_get/vec4 5;
    %and;
T_2.45;
    %flag_set/vec4 8;
    %jmp/1 T_2.44, 8;
    %load/vec4 v000001d8136046f0_0;
    %parti/s 1, 20, 6;
    %pad/u 32;
    %cmpi/e 0, 0, 32;
    %flag_get/vec4 4;
    %jmp/0 T_2.46, 4;
    %pushi/vec4 999, 0, 32;
    %load/vec4 v000001d8136046f0_0;
    %pad/u 32;
    %cmp/u;
    %flag_get/vec4 5;
    %and;
T_2.46;
    %flag_set/vec4 9;
    %flag_or 8, 9;
T_2.44;
    %jmp/0xz  T_2.42, 8;
    %pushi/vec4 2, 0, 2;
    %assign/vec4 v000001d813606520_0, 0;
    %jmp T_2.43;
T_2.42 ;
    %load/vec4 v000001d813605e40_0;
    %pad/u 32;
    %cmpi/e 4, 0, 32;
    %jmp/0xz  T_2.47, 4;
    %pushi/vec4 0, 0, 2;
    %assign/vec4 v000001d813606520_0, 0;
    %jmp T_2.48;
T_2.47 ;
    %load/vec4 v000001d813606a20_0;
    %cmpi/ne 0, 0, 10;
    %jmp/0xz  T_2.49, 4;
    %load/vec4 v000001d8136063e0_0;
    %pad/u 10;
    %assign/vec4 v000001d813604d30_0, 0;
    %pushi/vec4 1, 0, 2;
    %assign/vec4 v000001d813606ac0_0, 0;
    %pushi/vec4 0, 0, 2;
    %assign/vec4 v000001d813606520_0, 0;
T_2.49 ;
T_2.48 ;
T_2.43 ;
    %jmp T_2.7;
T_2.6 ;
    %load/vec4 v000001d813605260_0;
    %flag_set/vec4 8;
    %jmp/0xz  T_2.51, 8;
    %pushi/vec4 0, 0, 10;
    %assign/vec4 v000001d813604d30_0, 0;
    %pushi/vec4 0, 0, 21;
    %assign/vec4 v000001d8136046f0_0, 0;
    %pushi/vec4 0, 0, 3;
    %assign/vec4 v000001d813605e40_0, 0;
    %pushi/vec4 0, 0, 2;
    %assign/vec4 v000001d813606ac0_0, 0;
    %pushi/vec4 0, 0, 2;
    %assign/vec4 v000001d813606520_0, 0;
T_2.51 ;
    %jmp T_2.7;
T_2.7 ;
    %pop/vec4 1;
T_2.3 ;
T_2.1 ;
    %jmp T_2;
    .thread T_2;
    .scope S_000001d8131bf3c0;
T_3 ;
    %wait E_000001d81324b350;
    %load/vec4 v000001d813603930_0;
    %dup/vec4;
    %pushi/vec4 0, 0, 4;
    %cmp/u;
    %jmp/1 T_3.0, 6;
    %dup/vec4;
    %pushi/vec4 1, 0, 4;
    %cmp/u;
    %jmp/1 T_3.1, 6;
    %dup/vec4;
    %pushi/vec4 2, 0, 4;
    %cmp/u;
    %jmp/1 T_3.2, 6;
    %dup/vec4;
    %pushi/vec4 3, 0, 4;
    %cmp/u;
    %jmp/1 T_3.3, 6;
    %dup/vec4;
    %pushi/vec4 4, 0, 4;
    %cmp/u;
    %jmp/1 T_3.4, 6;
    %dup/vec4;
    %pushi/vec4 5, 0, 4;
    %cmp/u;
    %jmp/1 T_3.5, 6;
    %dup/vec4;
    %pushi/vec4 6, 0, 4;
    %cmp/u;
    %jmp/1 T_3.6, 6;
    %dup/vec4;
    %pushi/vec4 7, 0, 4;
    %cmp/u;
    %jmp/1 T_3.7, 6;
    %dup/vec4;
    %pushi/vec4 8, 0, 4;
    %cmp/u;
    %jmp/1 T_3.8, 6;
    %dup/vec4;
    %pushi/vec4 9, 0, 4;
    %cmp/u;
    %jmp/1 T_3.9, 6;
    %pushi/vec4 255, 255, 8;
    %store/vec4 v000001d813603390_0, 0, 8;
    %jmp T_3.11;
T_3.0 ;
    %pushi/vec4 252, 0, 8;
    %store/vec4 v000001d813603390_0, 0, 8;
    %jmp T_3.11;
T_3.1 ;
    %pushi/vec4 96, 0, 8;
    %store/vec4 v000001d813603390_0, 0, 8;
    %jmp T_3.11;
T_3.2 ;
    %pushi/vec4 218, 0, 8;
    %store/vec4 v000001d813603390_0, 0, 8;
    %jmp T_3.11;
T_3.3 ;
    %pushi/vec4 242, 0, 8;
    %store/vec4 v000001d813603390_0, 0, 8;
    %jmp T_3.11;
T_3.4 ;
    %pushi/vec4 102, 0, 8;
    %store/vec4 v000001d813603390_0, 0, 8;
    %jmp T_3.11;
T_3.5 ;
    %pushi/vec4 182, 0, 8;
    %store/vec4 v000001d813603390_0, 0, 8;
    %jmp T_3.11;
T_3.6 ;
    %pushi/vec4 190, 0, 8;
    %store/vec4 v000001d813603390_0, 0, 8;
    %jmp T_3.11;
T_3.7 ;
    %pushi/vec4 224, 0, 8;
    %store/vec4 v000001d813603390_0, 0, 8;
    %jmp T_3.11;
T_3.8 ;
    %pushi/vec4 254, 0, 8;
    %store/vec4 v000001d813603390_0, 0, 8;
    %jmp T_3.11;
T_3.9 ;
    %pushi/vec4 246, 0, 8;
    %store/vec4 v000001d813603390_0, 0, 8;
    %jmp T_3.11;
T_3.11 ;
    %pop/vec4 1;
    %jmp T_3;
    .thread T_3, $push;
    .scope S_000001d8131e9130;
T_4 ;
    %wait E_000001d81324ab50;
    %load/vec4 v000001d813603e30_0;
    %dup/vec4;
    %pushi/vec4 0, 0, 4;
    %cmp/u;
    %jmp/1 T_4.0, 6;
    %dup/vec4;
    %pushi/vec4 1, 0, 4;
    %cmp/u;
    %jmp/1 T_4.1, 6;
    %dup/vec4;
    %pushi/vec4 2, 0, 4;
    %cmp/u;
    %jmp/1 T_4.2, 6;
    %dup/vec4;
    %pushi/vec4 3, 0, 4;
    %cmp/u;
    %jmp/1 T_4.3, 6;
    %dup/vec4;
    %pushi/vec4 4, 0, 4;
    %cmp/u;
    %jmp/1 T_4.4, 6;
    %dup/vec4;
    %pushi/vec4 5, 0, 4;
    %cmp/u;
    %jmp/1 T_4.5, 6;
    %dup/vec4;
    %pushi/vec4 6, 0, 4;
    %cmp/u;
    %jmp/1 T_4.6, 6;
    %dup/vec4;
    %pushi/vec4 7, 0, 4;
    %cmp/u;
    %jmp/1 T_4.7, 6;
    %dup/vec4;
    %pushi/vec4 8, 0, 4;
    %cmp/u;
    %jmp/1 T_4.8, 6;
    %dup/vec4;
    %pushi/vec4 9, 0, 4;
    %cmp/u;
    %jmp/1 T_4.9, 6;
    %pushi/vec4 255, 255, 8;
    %store/vec4 v000001d813604010_0, 0, 8;
    %jmp T_4.11;
T_4.0 ;
    %pushi/vec4 252, 0, 8;
    %store/vec4 v000001d813604010_0, 0, 8;
    %jmp T_4.11;
T_4.1 ;
    %pushi/vec4 96, 0, 8;
    %store/vec4 v000001d813604010_0, 0, 8;
    %jmp T_4.11;
T_4.2 ;
    %pushi/vec4 218, 0, 8;
    %store/vec4 v000001d813604010_0, 0, 8;
    %jmp T_4.11;
T_4.3 ;
    %pushi/vec4 242, 0, 8;
    %store/vec4 v000001d813604010_0, 0, 8;
    %jmp T_4.11;
T_4.4 ;
    %pushi/vec4 102, 0, 8;
    %store/vec4 v000001d813604010_0, 0, 8;
    %jmp T_4.11;
T_4.5 ;
    %pushi/vec4 182, 0, 8;
    %store/vec4 v000001d813604010_0, 0, 8;
    %jmp T_4.11;
T_4.6 ;
    %pushi/vec4 190, 0, 8;
    %store/vec4 v000001d813604010_0, 0, 8;
    %jmp T_4.11;
T_4.7 ;
    %pushi/vec4 224, 0, 8;
    %store/vec4 v000001d813604010_0, 0, 8;
    %jmp T_4.11;
T_4.8 ;
    %pushi/vec4 254, 0, 8;
    %store/vec4 v000001d813604010_0, 0, 8;
    %jmp T_4.11;
T_4.9 ;
    %pushi/vec4 246, 0, 8;
    %store/vec4 v000001d813604010_0, 0, 8;
    %jmp T_4.11;
T_4.11 ;
    %pop/vec4 1;
    %jmp T_4;
    .thread T_4, $push;
    .scope S_000001d8131bf550;
T_5 ;
    %wait E_000001d81324a490;
    %load/vec4 v000001d813603c50_0;
    %dup/vec4;
    %pushi/vec4 0, 0, 4;
    %cmp/u;
    %jmp/1 T_5.0, 6;
    %dup/vec4;
    %pushi/vec4 1, 0, 4;
    %cmp/u;
    %jmp/1 T_5.1, 6;
    %dup/vec4;
    %pushi/vec4 2, 0, 4;
    %cmp/u;
    %jmp/1 T_5.2, 6;
    %dup/vec4;
    %pushi/vec4 3, 0, 4;
    %cmp/u;
    %jmp/1 T_5.3, 6;
    %dup/vec4;
    %pushi/vec4 4, 0, 4;
    %cmp/u;
    %jmp/1 T_5.4, 6;
    %dup/vec4;
    %pushi/vec4 5, 0, 4;
    %cmp/u;
    %jmp/1 T_5.5, 6;
    %dup/vec4;
    %pushi/vec4 6, 0, 4;
    %cmp/u;
    %jmp/1 T_5.6, 6;
    %dup/vec4;
    %pushi/vec4 7, 0, 4;
    %cmp/u;
    %jmp/1 T_5.7, 6;
    %dup/vec4;
    %pushi/vec4 8, 0, 4;
    %cmp/u;
    %jmp/1 T_5.8, 6;
    %dup/vec4;
    %pushi/vec4 9, 0, 4;
    %cmp/u;
    %jmp/1 T_5.9, 6;
    %pushi/vec4 255, 255, 8;
    %store/vec4 v000001d8136031b0_0, 0, 8;
    %jmp T_5.11;
T_5.0 ;
    %pushi/vec4 252, 0, 8;
    %store/vec4 v000001d8136031b0_0, 0, 8;
    %jmp T_5.11;
T_5.1 ;
    %pushi/vec4 96, 0, 8;
    %store/vec4 v000001d8136031b0_0, 0, 8;
    %jmp T_5.11;
T_5.2 ;
    %pushi/vec4 218, 0, 8;
    %store/vec4 v000001d8136031b0_0, 0, 8;
    %jmp T_5.11;
T_5.3 ;
    %pushi/vec4 242, 0, 8;
    %store/vec4 v000001d8136031b0_0, 0, 8;
    %jmp T_5.11;
T_5.4 ;
    %pushi/vec4 102, 0, 8;
    %store/vec4 v000001d8136031b0_0, 0, 8;
    %jmp T_5.11;
T_5.5 ;
    %pushi/vec4 182, 0, 8;
    %store/vec4 v000001d8136031b0_0, 0, 8;
    %jmp T_5.11;
T_5.6 ;
    %pushi/vec4 190, 0, 8;
    %store/vec4 v000001d8136031b0_0, 0, 8;
    %jmp T_5.11;
T_5.7 ;
    %pushi/vec4 224, 0, 8;
    %store/vec4 v000001d8136031b0_0, 0, 8;
    %jmp T_5.11;
T_5.8 ;
    %pushi/vec4 254, 0, 8;
    %store/vec4 v000001d8136031b0_0, 0, 8;
    %jmp T_5.11;
T_5.9 ;
    %pushi/vec4 246, 0, 8;
    %store/vec4 v000001d8136031b0_0, 0, 8;
    %jmp T_5.11;
T_5.11 ;
    %pop/vec4 1;
    %jmp T_5;
    .thread T_5, $push;
    .scope S_000001d812fc6690;
T_6 ;
    %wait E_000001d81324bfd0;
    %load/vec4 v000001d813609680_0;
    %nor/r;
    %flag_set/vec4 8;
    %jmp/0xz  T_6.0, 8;
    %pushi/vec4 0, 0, 1;
    %assign/vec4 v000001d8136059e0_0, 0;
    %pushi/vec4 0, 0, 1;
    %assign/vec4 v000001d813605800_0, 0;
    %pushi/vec4 0, 0, 1;
    %assign/vec4 v000001d813605940_0, 0;
    %jmp T_6.1;
T_6.0 ;
    %load/vec4 v000001d8136051c0_0;
    %inv;
    %assign/vec4 v000001d8136059e0_0, 0;
    %load/vec4 v000001d8136059e0_0;
    %assign/vec4 v000001d813605800_0, 0;
    %load/vec4 v000001d813605800_0;
    %assign/vec4 v000001d813605940_0, 0;
T_6.1 ;
    %jmp T_6;
    .thread T_6;
    .scope S_000001d8131de5e0;
T_7 ;
    %wait E_000001d81324bfd0;
    %load/vec4 v000001d813606d40_0;
    %nor/r;
    %flag_set/vec4 8;
    %jmp/0xz  T_7.0, 8;
    %pushi/vec4 0, 0, 1;
    %assign/vec4 v000001d813605080_0, 0;
    %pushi/vec4 0, 0, 1;
    %assign/vec4 v000001d813606c00_0, 0;
    %pushi/vec4 0, 0, 1;
    %assign/vec4 v000001d813606700_0, 0;
    %jmp T_7.1;
T_7.0 ;
    %load/vec4 v000001d813606160_0;
    %inv;
    %assign/vec4 v000001d813605080_0, 0;
    %load/vec4 v000001d813605080_0;
    %assign/vec4 v000001d813606c00_0, 0;
    %load/vec4 v000001d813606c00_0;
    %assign/vec4 v000001d813606700_0, 0;
T_7.1 ;
    %jmp T_7;
    .thread T_7;
    .scope S_000001d81360a880;
T_8 ;
    %wait E_000001d81324bfd0;
    %load/vec4 v000001d81360cb00_0;
    %nor/r;
    %flag_set/vec4 8;
    %jmp/0xz  T_8.0, 8;
    %pushi/vec4 0, 0, 1;
    %assign/vec4 v000001d81360c100_0, 0;
    %pushi/vec4 0, 0, 1;
    %assign/vec4 v000001d81360bde0_0, 0;
    %pushi/vec4 0, 0, 1;
    %assign/vec4 v000001d81360c060_0, 0;
    %jmp T_8.1;
T_8.0 ;
    %load/vec4 v000001d81360b700_0;
    %inv;
    %assign/vec4 v000001d81360c100_0, 0;
    %load/vec4 v000001d81360c100_0;
    %assign/vec4 v000001d81360bde0_0, 0;
    %load/vec4 v000001d81360bde0_0;
    %assign/vec4 v000001d81360c060_0, 0;
T_8.1 ;
    %jmp T_8;
    .thread T_8;
    .scope S_000001d8131b5a90;
T_9 ;
    %wait E_000001d81324bfd0;
    %load/vec4 v000001d813609400_0;
    %nor/r;
    %flag_set/vec4 8;
    %jmp/0xz  T_9.0, 8;
    %pushi/vec4 0, 0, 1;
    %assign/vec4 v000001d8136080a0_0, 0;
    %pushi/vec4 0, 0, 1;
    %assign/vec4 v000001d813609e00_0, 0;
    %pushi/vec4 0, 0, 1;
    %assign/vec4 v000001d813609220_0, 0;
    %jmp T_9.1;
T_9.0 ;
    %load/vec4 v000001d813609cc0_0;
    %inv;
    %assign/vec4 v000001d8136080a0_0, 0;
    %load/vec4 v000001d8136080a0_0;
    %assign/vec4 v000001d813609e00_0, 0;
    %load/vec4 v000001d813609e00_0;
    %assign/vec4 v000001d813609220_0, 0;
T_9.1 ;
    %jmp T_9;
    .thread T_9;
    .scope S_000001d81360aec0;
T_10 ;
    %wait E_000001d81324bfd0;
    %load/vec4 v000001d813608960_0;
    %nor/r;
    %flag_set/vec4 8;
    %jmp/0xz  T_10.0, 8;
    %pushi/vec4 0, 0, 1;
    %assign/vec4 v000001d813608820_0, 0;
    %pushi/vec4 0, 0, 1;
    %assign/vec4 v000001d8136083c0_0, 0;
    %pushi/vec4 0, 0, 1;
    %assign/vec4 v000001d813608c80_0, 0;
    %jmp T_10.1;
T_10.0 ;
    %load/vec4 v000001d813608320_0;
    %inv;
    %assign/vec4 v000001d813608820_0, 0;
    %load/vec4 v000001d813608820_0;
    %assign/vec4 v000001d8136083c0_0, 0;
    %load/vec4 v000001d8136083c0_0;
    %assign/vec4 v000001d813608c80_0, 0;
T_10.1 ;
    %jmp T_10;
    .thread T_10;
    .scope S_000001d812fc6820;
T_11 ;
    %wait E_000001d81324bfd0;
    %load/vec4 v000001d813608be0_0;
    %nor/r;
    %flag_set/vec4 8;
    %jmp/0xz  T_11.0, 8;
    %pushi/vec4 0, 0, 1;
    %assign/vec4 v000001d813608280_0, 0;
    %pushi/vec4 0, 0, 1;
    %assign/vec4 v000001d813609360_0, 0;
    %pushi/vec4 0, 0, 1;
    %assign/vec4 v000001d8136086e0_0, 0;
    %jmp T_11.1;
T_11.0 ;
    %load/vec4 v000001d813609c20_0;
    %inv;
    %assign/vec4 v000001d813608280_0, 0;
    %load/vec4 v000001d813608280_0;
    %assign/vec4 v000001d813609360_0, 0;
    %load/vec4 v000001d813609360_0;
    %assign/vec4 v000001d8136086e0_0, 0;
T_11.1 ;
    %jmp T_11;
    .thread T_11;
    .scope S_000001d81360a6f0;
T_12 ;
    %wait E_000001d81324bfd0;
    %load/vec4 v000001d813609540_0;
    %nor/r;
    %flag_set/vec4 8;
    %jmp/0xz  T_12.0, 8;
    %pushi/vec4 0, 0, 1;
    %assign/vec4 v000001d813608f00_0, 0;
    %pushi/vec4 0, 0, 1;
    %assign/vec4 v000001d813608e60_0, 0;
    %pushi/vec4 0, 0, 1;
    %assign/vec4 v000001d8136094a0_0, 0;
    %jmp T_12.1;
T_12.0 ;
    %load/vec4 v000001d813608d20_0;
    %inv;
    %assign/vec4 v000001d813608f00_0, 0;
    %load/vec4 v000001d813608f00_0;
    %assign/vec4 v000001d813608e60_0, 0;
    %load/vec4 v000001d813608e60_0;
    %assign/vec4 v000001d8136094a0_0, 0;
T_12.1 ;
    %jmp T_12;
    .thread T_12;
    .scope S_000001d8131b5900;
T_13 ;
    %wait E_000001d81324bfd0;
    %load/vec4 v000001d813609040_0;
    %nor/r;
    %flag_set/vec4 8;
    %jmp/0xz  T_13.0, 8;
    %pushi/vec4 0, 0, 1;
    %assign/vec4 v000001d8136099a0_0, 0;
    %pushi/vec4 0, 0, 1;
    %assign/vec4 v000001d813609f40_0, 0;
    %pushi/vec4 0, 0, 1;
    %assign/vec4 v000001d8136085a0_0, 0;
    %jmp T_13.1;
T_13.0 ;
    %load/vec4 v000001d813609ea0_0;
    %inv;
    %assign/vec4 v000001d8136099a0_0, 0;
    %load/vec4 v000001d8136099a0_0;
    %assign/vec4 v000001d813609f40_0, 0;
    %load/vec4 v000001d813609f40_0;
    %assign/vec4 v000001d8136085a0_0, 0;
T_13.1 ;
    %jmp T_13;
    .thread T_13;
    .scope S_000001d8131b5770;
T_14 ;
    %wait E_000001d81324bfd0;
    %load/vec4 v000001d813608140_0;
    %nor/r;
    %flag_set/vec4 8;
    %jmp/0xz  T_14.0, 8;
    %pushi/vec4 0, 0, 1;
    %assign/vec4 v000001d813609900_0, 0;
    %pushi/vec4 0, 0, 1;
    %assign/vec4 v000001d813609d60_0, 0;
    %pushi/vec4 0, 0, 1;
    %assign/vec4 v000001d813609180_0, 0;
    %jmp T_14.1;
T_14.0 ;
    %load/vec4 v000001d813608fa0_0;
    %inv;
    %assign/vec4 v000001d813609900_0, 0;
    %load/vec4 v000001d813609900_0;
    %assign/vec4 v000001d813609d60_0, 0;
    %load/vec4 v000001d813609d60_0;
    %assign/vec4 v000001d813609180_0, 0;
T_14.1 ;
    %jmp T_14;
    .thread T_14;
    .scope S_000001d81360ad30;
T_15 ;
    %wait E_000001d81324bfd0;
    %load/vec4 v000001d81360b8e0_0;
    %nor/r;
    %flag_set/vec4 8;
    %jmp/0xz  T_15.0, 8;
    %pushi/vec4 0, 0, 10;
    %assign/vec4 v000001d81360c6a0_0, 0;
    %pushi/vec4 0, 0, 10;
    %assign/vec4 v000001d81360cba0_0, 0;
    %pushi/vec4 0, 0, 10;
    %assign/vec4 v000001d81360c920_0, 0;
    %jmp T_15.1;
T_15.0 ;
    %load/vec4 v000001d81360c420_0;
    %inv;
    %assign/vec4 v000001d81360c6a0_0, 0;
    %load/vec4 v000001d81360c6a0_0;
    %assign/vec4 v000001d81360cba0_0, 0;
    %load/vec4 v000001d81360cba0_0;
    %assign/vec4 v000001d81360c920_0, 0;
T_15.1 ;
    %jmp T_15;
    .thread T_15;
    .scope S_000001d8131ec650;
T_16 ;
    %pushi/vec4 0, 0, 1;
    %store/vec4 v000001d813610f60_0, 0, 1;
    %end;
    .thread T_16;
    .scope S_000001d8131ec650;
T_17 ;
    %delay 500, 0;
    %load/vec4 v000001d813610f60_0;
    %inv;
    %store/vec4 v000001d813610f60_0, 0, 1;
    %jmp T_17;
    .thread T_17;
    .scope S_000001d8131ec650;
T_18 ;
    %vpi_call 2 25 "$monitor", "REGA=%b, REGB=%b, SEGF=%b, SEGG=%b, SEGH=%b,ledA=%b", v000001d8136106a0_0, v000001d81360f980_0, v000001d813610e20_0, v000001d813613210_0, v000001d813611690_0, v000001d813610240_0 {0 0 0};
    %pushi/vec4 1, 0, 1;
    %assign/vec4 v000001d813610420_0, 0;
    %pushi/vec4 31, 0, 5;
    %assign/vec4 v000001d813610380_0, 0;
    %pushi/vec4 31, 0, 5;
    %assign/vec4 v000001d81360ffc0_0, 0;
    %pushi/vec4 31, 0, 5;
    %assign/vec4 v000001d8136102e0_0, 0;
    %pushi/vec4 31, 0, 5;
    %assign/vec4 v000001d813610920_0, 0;
    %pushi/vec4 255, 0, 8;
    %assign/vec4 v000001d813610c40_0, 0;
    %pushi/vec4 255, 0, 8;
    %assign/vec4 v000001d81360fb60_0, 0;
    %pushi/vec4 15, 0, 4;
    %assign/vec4 v000001d813610060_0, 0;
    %pushi/vec4 15, 0, 4;
    %assign/vec4 v000001d813610d80_0, 0;
    %delay 1000, 0;
    %pushi/vec4 0, 0, 1;
    %assign/vec4 v000001d813610420_0, 0;
    %delay 1000, 0;
    %pushi/vec4 1, 0, 1;
    %assign/vec4 v000001d813610420_0, 0;
    %delay 1000, 0;
    %pushi/vec4 0, 0, 1;
    %ix/load 4, 1, 0;
    %ix/load 5, 0, 0;
    %flag_set/imm 4, 0;
    %assign/vec4/off/d v000001d813610920_0, 4, 5;
    %delay 1000, 0;
    %pushi/vec4 1, 0, 1;
    %ix/load 4, 1, 0;
    %ix/load 5, 0, 0;
    %flag_set/imm 4, 0;
    %assign/vec4/off/d v000001d813610920_0, 4, 5;
    %delay 1000, 0;
    %pushi/vec4 0, 0, 1;
    %ix/load 4, 0, 0;
    %ix/load 5, 0, 0;
    %flag_set/imm 4, 0;
    %assign/vec4/off/d v000001d8136102e0_0, 4, 5;
    %delay 1000, 0;
    %pushi/vec4 1, 0, 1;
    %ix/load 4, 0, 0;
    %ix/load 5, 0, 0;
    %flag_set/imm 4, 0;
    %assign/vec4/off/d v000001d8136102e0_0, 4, 5;
    %delay 1000, 0;
    %pushi/vec4 0, 0, 1;
    %ix/load 4, 0, 0;
    %ix/load 5, 0, 0;
    %flag_set/imm 4, 0;
    %assign/vec4/off/d v000001d813610920_0, 4, 5;
    %delay 1000, 0;
    %pushi/vec4 1, 0, 1;
    %ix/load 4, 0, 0;
    %ix/load 5, 0, 0;
    %flag_set/imm 4, 0;
    %assign/vec4/off/d v000001d813610920_0, 4, 5;
    %delay 1000, 0;
    %pushi/vec4 0, 0, 1;
    %ix/load 4, 3, 0;
    %ix/load 5, 0, 0;
    %flag_set/imm 4, 0;
    %assign/vec4/off/d v000001d813610920_0, 4, 5;
    %delay 1000, 0;
    %pushi/vec4 1, 0, 1;
    %ix/load 4, 3, 0;
    %ix/load 5, 0, 0;
    %flag_set/imm 4, 0;
    %assign/vec4/off/d v000001d813610920_0, 4, 5;
    %delay 1000, 0;
    %pushi/vec4 0, 0, 1;
    %ix/load 4, 1, 0;
    %ix/load 5, 0, 0;
    %flag_set/imm 4, 0;
    %assign/vec4/off/d v000001d81360ffc0_0, 4, 5;
    %delay 1000, 0;
    %pushi/vec4 1, 0, 1;
    %ix/load 4, 1, 0;
    %ix/load 5, 0, 0;
    %flag_set/imm 4, 0;
    %assign/vec4/off/d v000001d81360ffc0_0, 4, 5;
    %delay 1000, 0;
    %pushi/vec4 0, 0, 1;
    %ix/load 4, 4, 0;
    %ix/load 5, 0, 0;
    %flag_set/imm 4, 0;
    %assign/vec4/off/d v000001d813610920_0, 4, 5;
    %delay 1000, 0;
    %pushi/vec4 1, 0, 1;
    %ix/load 4, 4, 0;
    %ix/load 5, 0, 0;
    %flag_set/imm 4, 0;
    %assign/vec4/off/d v000001d813610920_0, 4, 5;
    %delay 10000, 0;
    %vpi_call 2 95 "$finish" {0 0 0};
    %end;
    .thread T_18;
# The file index is used to find the file name in the following table.
:file_names 4;
    "N/A";
    "<interactive>";
    "./t_AP600.v";
    "./AP600.v";
